[14-May-2025 16:12:41 Europe/Berlin] PHP Warning:  Undefined variable $options_emails in C:\xampp\htdocs\Sistema-CENTRAL-ERP\homecontratos.php on line 737
[14-May-2025 16:18:13 Europe/Berlin] PHP Warning:  Undefined variable $options_emails in C:\xampp\htdocs\Sistema-CENTRAL-ERP\homecontratos.php on line 737
[14-May-2025 16:18:36 Europe/Berlin] PHP Warning:  Undefined variable $options_emails in C:\xampp\htdocs\Sistema-CENTRAL-ERP\homecontratos.php on line 737
[14-May-2025 16:19:31 Europe/Berlin] PHP Warning:  Undefined variable $options_emails in C:\xampp\htdocs\Sistema-CENTRAL-ERP\homecontratos.php on line 719
[15-May-2025 20:44:20 Europe/Berlin] PHP Warning:  Cannot modify header information - headers already sent by (output started at C:\xampp\htdocs\Sistema-CENTRAL-ERP\header.php:262) in C:\xampp\htdocs\Sistema-CENTRAL-ERP\update_contract_parcelas.php on line 2
[15-May-2025 20:44:51 Europe/Berlin] PHP Warning:  Cannot modify header information - headers already sent by (output started at C:\xampp\htdocs\Sistema-CENTRAL-ERP\header.php:262) in C:\xampp\htdocs\Sistema-CENTRAL-ERP\update_contract_parcelas.php on line 2
[15-May-2025 21:10:19 Europe/Berlin] Certidões retornadas: [{"id":1,"documento":"CND","data_vencimento":"2025-05-15","nome":"Certid\u00e3o Negativa Teste","fornecedor":"Empresa Teste","responsavel":"contratos","arquivo":null,"contrato_id":null,"contrato_titulo":null}]
[16-May-2025 13:24:57 Europe/Berlin] Certidões retornadas: [{"id":1,"documento":"CND","data_vencimento":"2025-05-15","nome":"Certid\u00e3o Negativa Teste","fornecedor":"Empresa Teste","responsavel":"contratos","arquivo":null,"contrato_id":null,"contrato_titulo":null}]
[16-May-2025 15:48:34 Europe/Berlin] PHP Fatal error:  Uncaught PDOException: SQLSTATE[42S22]: Column not found: 1054 Unknown column 'assinatura' in 'field list' in C:\xampp\htdocs\Sistema-CENTRAL-ERP\get_fluxo_contrato.php:31
Stack trace:
#0 C:\xampp\htdocs\Sistema-CENTRAL-ERP\get_fluxo_contrato.php(31): PDOStatement->execute(Array)
#1 {main}
  thrown in C:\xampp\htdocs\Sistema-CENTRAL-ERP\get_fluxo_contrato.php on line 31
[16-May-2025 15:51:28 Europe/Berlin] PHP Fatal error:  Uncaught PDOException: SQLSTATE[42S22]: Column not found: 1054 Unknown column 'data_publicacao' in 'field list' in C:\xampp\htdocs\Sistema-CENTRAL-ERP\get_fluxo_contrato.php:31
Stack trace:
#0 C:\xampp\htdocs\Sistema-CENTRAL-ERP\get_fluxo_contrato.php(31): PDOStatement->execute(Array)
#1 {main}
  thrown in C:\xampp\htdocs\Sistema-CENTRAL-ERP\get_fluxo_contrato.php on line 31
[16-May-2025 15:52:09 Europe/Berlin] PHP Warning:  Undefined array key "assinatura" in C:\xampp\htdocs\Sistema-CENTRAL-ERP\get_fluxo_contrato.php on line 59
[16-May-2025 15:52:09 Europe/Berlin] PHP Warning:  Undefined array key "assinatura" in C:\xampp\htdocs\Sistema-CENTRAL-ERP\get_fluxo_contrato.php on line 59
[16-May-2025 15:52:09 Europe/Berlin] PHP Warning:  Undefined array key "assinatura" in C:\xampp\htdocs\Sistema-CENTRAL-ERP\get_fluxo_contrato.php on line 59
[16-May-2025 15:52:09 Europe/Berlin] PHP Warning:  Undefined array key "assinatura" in C:\xampp\htdocs\Sistema-CENTRAL-ERP\get_fluxo_contrato.php on line 59
[16-May-2025 15:52:09 Europe/Berlin] PHP Warning:  Undefined array key "assinatura" in C:\xampp\htdocs\Sistema-CENTRAL-ERP\get_fluxo_contrato.php on line 59
[16-May-2025 15:52:09 Europe/Berlin] PHP Warning:  Undefined array key "assinatura" in C:\xampp\htdocs\Sistema-CENTRAL-ERP\get_fluxo_contrato.php on line 59
[16-May-2025 15:52:09 Europe/Berlin] PHP Warning:  Undefined array key "assinatura" in C:\xampp\htdocs\Sistema-CENTRAL-ERP\get_fluxo_contrato.php on line 42
[16-May-2025 15:52:09 Europe/Berlin] PHP Warning:  Undefined array key "assinatura" in C:\xampp\htdocs\Sistema-CENTRAL-ERP\get_fluxo_contrato.php on line 59
[16-May-2025 15:52:09 Europe/Berlin] PHP Warning:  Undefined array key "assinatura" in C:\xampp\htdocs\Sistema-CENTRAL-ERP\get_fluxo_contrato.php on line 59
[16-May-2025 15:52:09 Europe/Berlin] PHP Warning:  Undefined array key "assinatura" in C:\xampp\htdocs\Sistema-CENTRAL-ERP\get_fluxo_contrato.php on line 59
[16-May-2025 15:52:09 Europe/Berlin] PHP Warning:  Undefined array key "assinatura" in C:\xampp\htdocs\Sistema-CENTRAL-ERP\get_fluxo_contrato.php on line 59
[16-May-2025 15:52:09 Europe/Berlin] PHP Warning:  Undefined array key "assinatura" in C:\xampp\htdocs\Sistema-CENTRAL-ERP\get_fluxo_contrato.php on line 59
[16-May-2025 15:53:07 Europe/Berlin] PHP Warning:  Undefined array key "assinatura" in C:\xampp\htdocs\Sistema-CENTRAL-ERP\get_fluxo_contrato.php on line 59
[16-May-2025 15:53:07 Europe/Berlin] PHP Warning:  Undefined array key "assinatura" in C:\xampp\htdocs\Sistema-CENTRAL-ERP\get_fluxo_contrato.php on line 59
[16-May-2025 15:53:07 Europe/Berlin] PHP Warning:  Undefined array key "assinatura" in C:\xampp\htdocs\Sistema-CENTRAL-ERP\get_fluxo_contrato.php on line 59
[16-May-2025 15:53:07 Europe/Berlin] PHP Warning:  Undefined array key "assinatura" in C:\xampp\htdocs\Sistema-CENTRAL-ERP\get_fluxo_contrato.php on line 59
[16-May-2025 15:53:07 Europe/Berlin] PHP Warning:  Undefined array key "assinatura" in C:\xampp\htdocs\Sistema-CENTRAL-ERP\get_fluxo_contrato.php on line 59
[16-May-2025 15:53:07 Europe/Berlin] PHP Warning:  Undefined array key "assinatura" in C:\xampp\htdocs\Sistema-CENTRAL-ERP\get_fluxo_contrato.php on line 59
[16-May-2025 15:53:07 Europe/Berlin] PHP Warning:  Undefined array key "assinatura" in C:\xampp\htdocs\Sistema-CENTRAL-ERP\get_fluxo_contrato.php on line 42
[16-May-2025 15:53:07 Europe/Berlin] PHP Warning:  Undefined array key "assinatura" in C:\xampp\htdocs\Sistema-CENTRAL-ERP\get_fluxo_contrato.php on line 59
[16-May-2025 15:53:07 Europe/Berlin] PHP Warning:  Undefined array key "assinatura" in C:\xampp\htdocs\Sistema-CENTRAL-ERP\get_fluxo_contrato.php on line 59
[16-May-2025 15:53:07 Europe/Berlin] PHP Warning:  Undefined array key "assinatura" in C:\xampp\htdocs\Sistema-CENTRAL-ERP\get_fluxo_contrato.php on line 59
[16-May-2025 15:53:07 Europe/Berlin] PHP Warning:  Undefined array key "assinatura" in C:\xampp\htdocs\Sistema-CENTRAL-ERP\get_fluxo_contrato.php on line 59
[16-May-2025 15:53:07 Europe/Berlin] PHP Warning:  Undefined array key "assinatura" in C:\xampp\htdocs\Sistema-CENTRAL-ERP\get_fluxo_contrato.php on line 59
[16-May-2025 21:39:18 Europe/Berlin] PHP Fatal error:  Uncaught PDOException: SQLSTATE[42S22]: Column not found: 1054 Unknown column 'contrato_titulo' in 'where clause' in C:\xampp\htdocs\Sistema-CENTRAL-ERP\get_fluxo_contrato.php:49
Stack trace:
#0 C:\xampp\htdocs\Sistema-CENTRAL-ERP\get_fluxo_contrato.php(49): PDOStatement->execute(Array)
#1 {main}
  thrown in C:\xampp\htdocs\Sistema-CENTRAL-ERP\get_fluxo_contrato.php on line 49
[16-May-2025 21:40:09 Europe/Berlin] PHP Fatal error:  Uncaught PDOException: SQLSTATE[42S22]: Column not found: 1054 Unknown column 'contrato_titulo' in 'where clause' in C:\xampp\htdocs\Sistema-CENTRAL-ERP\get_fluxo_contrato.php:49
Stack trace:
#0 C:\xampp\htdocs\Sistema-CENTRAL-ERP\get_fluxo_contrato.php(49): PDOStatement->execute(Array)
#1 {main}
  thrown in C:\xampp\htdocs\Sistema-CENTRAL-ERP\get_fluxo_contrato.php on line 49
[16-May-2025 21:40:27 Europe/Berlin] PHP Fatal error:  Uncaught PDOException: SQLSTATE[42S22]: Column not found: 1054 Unknown column 'contrato_titulo' in 'where clause' in C:\xampp\htdocs\Sistema-CENTRAL-ERP\get_fluxo_contrato.php:49
Stack trace:
#0 C:\xampp\htdocs\Sistema-CENTRAL-ERP\get_fluxo_contrato.php(49): PDOStatement->execute(Array)
#1 {main}
  thrown in C:\xampp\htdocs\Sistema-CENTRAL-ERP\get_fluxo_contrato.php on line 49
[16-May-2025 21:40:30 Europe/Berlin] PHP Fatal error:  Uncaught PDOException: SQLSTATE[42S22]: Column not found: 1054 Unknown column 'contrato_titulo' in 'where clause' in C:\xampp\htdocs\Sistema-CENTRAL-ERP\get_fluxo_contrato.php:49
Stack trace:
#0 C:\xampp\htdocs\Sistema-CENTRAL-ERP\get_fluxo_contrato.php(49): PDOStatement->execute(Array)
#1 {main}
  thrown in C:\xampp\htdocs\Sistema-CENTRAL-ERP\get_fluxo_contrato.php on line 49
[16-May-2025 21:40:46 Europe/Berlin] PHP Fatal error:  Uncaught PDOException: SQLSTATE[42S22]: Column not found: 1054 Unknown column 'contrato_titulo' in 'where clause' in C:\xampp\htdocs\Sistema-CENTRAL-ERP\get_fluxo_contrato.php:49
Stack trace:
#0 C:\xampp\htdocs\Sistema-CENTRAL-ERP\get_fluxo_contrato.php(49): PDOStatement->execute(Array)
#1 {main}
  thrown in C:\xampp\htdocs\Sistema-CENTRAL-ERP\get_fluxo_contrato.php on line 49
[16-May-2025 21:42:22 Europe/Berlin] PHP Fatal error:  Uncaught PDOException: SQLSTATE[42S22]: Column not found: 1054 Unknown column 'contrato_titulo' in 'where clause' in C:\xampp\htdocs\Sistema-CENTRAL-ERP\get_fluxo_contrato.php:49
Stack trace:
#0 C:\xampp\htdocs\Sistema-CENTRAL-ERP\get_fluxo_contrato.php(49): PDOStatement->execute(Array)
#1 {main}
  thrown in C:\xampp\htdocs\Sistema-CENTRAL-ERP\get_fluxo_contrato.php on line 49
[16-May-2025 21:42:36 Europe/Berlin] PHP Fatal error:  Uncaught PDOException: SQLSTATE[42S22]: Column not found: 1054 Unknown column 'contrato_titulo' in 'where clause' in C:\xampp\htdocs\Sistema-CENTRAL-ERP\get_fluxo_contrato.php:49
Stack trace:
#0 C:\xampp\htdocs\Sistema-CENTRAL-ERP\get_fluxo_contrato.php(49): PDOStatement->execute(Array)
#1 {main}
  thrown in C:\xampp\htdocs\Sistema-CENTRAL-ERP\get_fluxo_contrato.php on line 49
[16-May-2025 21:44:52 Europe/Berlin] PHP Fatal error:  Uncaught PDOException: SQLSTATE[42S22]: Column not found: 1054 Unknown column 'contrato_titulo' in 'where clause' in C:\xampp\htdocs\Sistema-CENTRAL-ERP\get_fluxo_contrato.php:49
Stack trace:
#0 C:\xampp\htdocs\Sistema-CENTRAL-ERP\get_fluxo_contrato.php(49): PDOStatement->execute(Array)
#1 {main}
  thrown in C:\xampp\htdocs\Sistema-CENTRAL-ERP\get_fluxo_contrato.php on line 49
[16-May-2025 21:44:55 Europe/Berlin] PHP Fatal error:  Uncaught PDOException: SQLSTATE[42S22]: Column not found: 1054 Unknown column 'contrato_titulo' in 'where clause' in C:\xampp\htdocs\Sistema-CENTRAL-ERP\get_fluxo_contrato.php:49
Stack trace:
#0 C:\xampp\htdocs\Sistema-CENTRAL-ERP\get_fluxo_contrato.php(49): PDOStatement->execute(Array)
#1 {main}
  thrown in C:\xampp\htdocs\Sistema-CENTRAL-ERP\get_fluxo_contrato.php on line 49
[16-May-2025 21:46:07 Europe/Berlin] PHP Fatal error:  Uncaught PDOException: SQLSTATE[42S22]: Column not found: 1054 Unknown column 'contrato_titulo' in 'where clause' in C:\xampp\htdocs\Sistema-CENTRAL-ERP\get_fluxo_contrato.php:49
Stack trace:
#0 C:\xampp\htdocs\Sistema-CENTRAL-ERP\get_fluxo_contrato.php(49): PDOStatement->execute(Array)
#1 {main}
  thrown in C:\xampp\htdocs\Sistema-CENTRAL-ERP\get_fluxo_contrato.php on line 49
[16-May-2025 21:48:30 Europe/Berlin] PHP Fatal error:  Uncaught PDOException: SQLSTATE[42S22]: Column not found: 1054 Unknown column 'contrato_titulo' in 'where clause' in C:\xampp\htdocs\Sistema-CENTRAL-ERP\get_fluxo_contrato.php:49
Stack trace:
#0 C:\xampp\htdocs\Sistema-CENTRAL-ERP\get_fluxo_contrato.php(49): PDOStatement->execute(Array)
#1 {main}
  thrown in C:\xampp\htdocs\Sistema-CENTRAL-ERP\get_fluxo_contrato.php on line 49
[16-May-2025 21:48:42 Europe/Berlin] PHP Fatal error:  Uncaught PDOException: SQLSTATE[42S22]: Column not found: 1054 Unknown column 'contrato_titulo' in 'where clause' in C:\xampp\htdocs\Sistema-CENTRAL-ERP\get_fluxo_contrato.php:49
Stack trace:
#0 C:\xampp\htdocs\Sistema-CENTRAL-ERP\get_fluxo_contrato.php(49): PDOStatement->execute(Array)
#1 {main}
  thrown in C:\xampp\htdocs\Sistema-CENTRAL-ERP\get_fluxo_contrato.php on line 49
[16-May-2025 21:51:00 Europe/Berlin] PHP Fatal error:  Uncaught PDOException: SQLSTATE[42S22]: Column not found: 1054 Unknown column 'contrato_titulo' in 'where clause' in C:\xampp\htdocs\Sistema-CENTRAL-ERP\get_fluxo_contrato.php:49
Stack trace:
#0 C:\xampp\htdocs\Sistema-CENTRAL-ERP\get_fluxo_contrato.php(49): PDOStatement->execute(Array)
#1 {main}
  thrown in C:\xampp\htdocs\Sistema-CENTRAL-ERP\get_fluxo_contrato.php on line 49
[16-May-2025 21:51:07 Europe/Berlin] PHP Fatal error:  Uncaught PDOException: SQLSTATE[42S22]: Column not found: 1054 Unknown column 'contrato_titulo' in 'where clause' in C:\xampp\htdocs\Sistema-CENTRAL-ERP\get_fluxo_contrato.php:49
Stack trace:
#0 C:\xampp\htdocs\Sistema-CENTRAL-ERP\get_fluxo_contrato.php(49): PDOStatement->execute(Array)
#1 {main}
  thrown in C:\xampp\htdocs\Sistema-CENTRAL-ERP\get_fluxo_contrato.php on line 49
[16-May-2025 21:51:19 Europe/Berlin] PHP Fatal error:  Uncaught PDOException: SQLSTATE[42S22]: Column not found: 1054 Unknown column 'contrato_titulo' in 'where clause' in C:\xampp\htdocs\Sistema-CENTRAL-ERP\get_fluxo_contrato.php:49
Stack trace:
#0 C:\xampp\htdocs\Sistema-CENTRAL-ERP\get_fluxo_contrato.php(49): PDOStatement->execute(Array)
#1 {main}
  thrown in C:\xampp\htdocs\Sistema-CENTRAL-ERP\get_fluxo_contrato.php on line 49
[19-May-2025 14:03:22 Europe/Berlin] PHP Fatal error:  Uncaught PDOException: SQLSTATE[42S22]: Column not found: 1054 Unknown column 'contrato_titulo' in 'where clause' in C:\xampp\htdocs\Sistema-CENTRAL-ERP\get_fluxo_contrato.php:49
Stack trace:
#0 C:\xampp\htdocs\Sistema-CENTRAL-ERP\get_fluxo_contrato.php(49): PDOStatement->execute(Array)
#1 {main}
  thrown in C:\xampp\htdocs\Sistema-CENTRAL-ERP\get_fluxo_contrato.php on line 49
[19-May-2025 14:04:36 Europe/Berlin] PHP Fatal error:  Uncaught PDOException: SQLSTATE[42S22]: Column not found: 1054 Unknown column 'contrato_titulo' in 'where clause' in C:\xampp\htdocs\Sistema-CENTRAL-ERP\get_fluxo_contrato.php:49
Stack trace:
#0 C:\xampp\htdocs\Sistema-CENTRAL-ERP\get_fluxo_contrato.php(49): PDOStatement->execute(Array)
#1 {main}
  thrown in C:\xampp\htdocs\Sistema-CENTRAL-ERP\get_fluxo_contrato.php on line 49
[19-May-2025 14:09:47 Europe/Berlin] PHP Fatal error:  Uncaught PDOException: SQLSTATE[42S22]: Column not found: 1054 Unknown column 'contrato_titulo' in 'where clause' in C:\xampp\htdocs\Sistema-CENTRAL-ERP\get_fluxo_contrato.php:49
Stack trace:
#0 C:\xampp\htdocs\Sistema-CENTRAL-ERP\get_fluxo_contrato.php(49): PDOStatement->execute(Array)
#1 {main}
  thrown in C:\xampp\htdocs\Sistema-CENTRAL-ERP\get_fluxo_contrato.php on line 49
[19-May-2025 14:13:20 Europe/Berlin] PHP Fatal error:  Uncaught PDOException: SQLSTATE[42S22]: Column not found: 1054 Unknown column 'contrato_titulo' in 'where clause' in C:\xampp\htdocs\Sistema-CENTRAL-ERP\get_fluxo_contrato.php:49
Stack trace:
#0 C:\xampp\htdocs\Sistema-CENTRAL-ERP\get_fluxo_contrato.php(49): PDOStatement->execute(Array)
#1 {main}
  thrown in C:\xampp\htdocs\Sistema-CENTRAL-ERP\get_fluxo_contrato.php on line 49
[19-May-2025 14:45:28 Europe/Berlin] PHP Fatal error:  Uncaught PDOException: SQLSTATE[42S22]: Column not found: 1054 Unknown column 'contrato_titulo' in 'where clause' in C:\xampp\htdocs\Sistema-CENTRAL-ERP\get_fluxo_contrato.php:49
Stack trace:
#0 C:\xampp\htdocs\Sistema-CENTRAL-ERP\get_fluxo_contrato.php(49): PDOStatement->execute(Array)
#1 {main}
  thrown in C:\xampp\htdocs\Sistema-CENTRAL-ERP\get_fluxo_contrato.php on line 49
[19-May-2025 14:45:56 Europe/Berlin] PHP Fatal error:  Uncaught PDOException: SQLSTATE[42S22]: Column not found: 1054 Unknown column 'contrato_titulo' in 'where clause' in C:\xampp\htdocs\Sistema-CENTRAL-ERP\get_fluxo_contrato.php:49
Stack trace:
#0 C:\xampp\htdocs\Sistema-CENTRAL-ERP\get_fluxo_contrato.php(49): PDOStatement->execute(Array)
#1 {main}
  thrown in C:\xampp\htdocs\Sistema-CENTRAL-ERP\get_fluxo_contrato.php on line 49
[19-May-2025 14:49:22 Europe/Berlin] PHP Fatal error:  Uncaught PDOException: SQLSTATE[42S22]: Column not found: 1054 Unknown column 'contrato_titulo' in 'where clause' in C:\xampp\htdocs\Sistema-CENTRAL-ERP\get_fluxo_contrato.php:49
Stack trace:
#0 C:\xampp\htdocs\Sistema-CENTRAL-ERP\get_fluxo_contrato.php(49): PDOStatement->execute(Array)
#1 {main}
  thrown in C:\xampp\htdocs\Sistema-CENTRAL-ERP\get_fluxo_contrato.php on line 49
[19-May-2025 14:50:58 Europe/Berlin] PHP Fatal error:  Uncaught PDOException: SQLSTATE[42S22]: Column not found: 1054 Unknown column 'contrato_titulo' in 'where clause' in C:\xampp\htdocs\Sistema-CENTRAL-ERP\get_fluxo_contrato.php:49
Stack trace:
#0 C:\xampp\htdocs\Sistema-CENTRAL-ERP\get_fluxo_contrato.php(49): PDOStatement->execute(Array)
#1 {main}
  thrown in C:\xampp\htdocs\Sistema-CENTRAL-ERP\get_fluxo_contrato.php on line 49
[19-May-2025 14:51:46 Europe/Berlin] PHP Fatal error:  Uncaught PDOException: SQLSTATE[42S22]: Column not found: 1054 Unknown column 'contrato_titulo' in 'where clause' in C:\xampp\htdocs\Sistema-CENTRAL-ERP\get_fluxo_contrato.php:49
Stack trace:
#0 C:\xampp\htdocs\Sistema-CENTRAL-ERP\get_fluxo_contrato.php(49): PDOStatement->execute(Array)
#1 {main}
  thrown in C:\xampp\htdocs\Sistema-CENTRAL-ERP\get_fluxo_contrato.php on line 49
[19-May-2025 14:53:43 Europe/Berlin] PHP Fatal error:  Uncaught PDOException: SQLSTATE[42S22]: Column not found: 1054 Unknown column 'contrato_titulo' in 'where clause' in C:\xampp\htdocs\Sistema-CENTRAL-ERP\get_fluxo_contrato.php:49
Stack trace:
#0 C:\xampp\htdocs\Sistema-CENTRAL-ERP\get_fluxo_contrato.php(49): PDOStatement->execute(Array)
#1 {main}
  thrown in C:\xampp\htdocs\Sistema-CENTRAL-ERP\get_fluxo_contrato.php on line 49
[19-May-2025 14:55:10 Europe/Berlin] PHP Fatal error:  Uncaught PDOException: SQLSTATE[42S22]: Column not found: 1054 Unknown column 'contrato_titulo' in 'where clause' in C:\xampp\htdocs\Sistema-CENTRAL-ERP\get_fluxo_contrato.php:49
Stack trace:
#0 C:\xampp\htdocs\Sistema-CENTRAL-ERP\get_fluxo_contrato.php(49): PDOStatement->execute(Array)
#1 {main}
  thrown in C:\xampp\htdocs\Sistema-CENTRAL-ERP\get_fluxo_contrato.php on line 49
[19-May-2025 14:55:56 Europe/Berlin] PHP Fatal error:  Uncaught PDOException: SQLSTATE[42S22]: Column not found: 1054 Unknown column 'contrato_titulo' in 'where clause' in C:\xampp\htdocs\Sistema-CENTRAL-ERP\get_fluxo_contrato.php:49
Stack trace:
#0 C:\xampp\htdocs\Sistema-CENTRAL-ERP\get_fluxo_contrato.php(49): PDOStatement->execute(Array)
#1 {main}
  thrown in C:\xampp\htdocs\Sistema-CENTRAL-ERP\get_fluxo_contrato.php on line 49
[19-May-2025 14:58:26 Europe/Berlin] PHP Fatal error:  Uncaught PDOException: SQLSTATE[42S22]: Column not found: 1054 Unknown column 'contrato_titulo' in 'where clause' in C:\xampp\htdocs\Sistema-CENTRAL-ERP\get_fluxo_contrato.php:49
Stack trace:
#0 C:\xampp\htdocs\Sistema-CENTRAL-ERP\get_fluxo_contrato.php(49): PDOStatement->execute(Array)
#1 {main}
  thrown in C:\xampp\htdocs\Sistema-CENTRAL-ERP\get_fluxo_contrato.php on line 49
[19-May-2025 14:59:59 Europe/Berlin] PHP Fatal error:  Uncaught PDOException: SQLSTATE[42S22]: Column not found: 1054 Unknown column 'contrato_titulo' in 'where clause' in C:\xampp\htdocs\Sistema-CENTRAL-ERP\get_fluxo_contrato.php:49
Stack trace:
#0 C:\xampp\htdocs\Sistema-CENTRAL-ERP\get_fluxo_contrato.php(49): PDOStatement->execute(Array)
#1 {main}
  thrown in C:\xampp\htdocs\Sistema-CENTRAL-ERP\get_fluxo_contrato.php on line 49
[19-May-2025 15:01:04 Europe/Berlin] PHP Fatal error:  Uncaught PDOException: SQLSTATE[42S22]: Column not found: 1054 Unknown column 'contrato_titulo' in 'where clause' in C:\xampp\htdocs\Sistema-CENTRAL-ERP\get_fluxo_contrato.php:49
Stack trace:
#0 C:\xampp\htdocs\Sistema-CENTRAL-ERP\get_fluxo_contrato.php(49): PDOStatement->execute(Array)
#1 {main}
  thrown in C:\xampp\htdocs\Sistema-CENTRAL-ERP\get_fluxo_contrato.php on line 49
[19-May-2025 15:03:14 Europe/Berlin] PHP Fatal error:  Uncaught PDOException: SQLSTATE[42S22]: Column not found: 1054 Unknown column 'contrato_titulo' in 'where clause' in C:\xampp\htdocs\Sistema-CENTRAL-ERP\get_fluxo_contrato.php:49
Stack trace:
#0 C:\xampp\htdocs\Sistema-CENTRAL-ERP\get_fluxo_contrato.php(49): PDOStatement->execute(Array)
#1 {main}
  thrown in C:\xampp\htdocs\Sistema-CENTRAL-ERP\get_fluxo_contrato.php on line 49
[19-May-2025 15:03:48 Europe/Berlin] PHP Fatal error:  Uncaught PDOException: SQLSTATE[42S22]: Column not found: 1054 Unknown column 'contrato_titulo' in 'where clause' in C:\xampp\htdocs\Sistema-CENTRAL-ERP\get_fluxo_contrato.php:49
Stack trace:
#0 C:\xampp\htdocs\Sistema-CENTRAL-ERP\get_fluxo_contrato.php(49): PDOStatement->execute(Array)
#1 {main}
  thrown in C:\xampp\htdocs\Sistema-CENTRAL-ERP\get_fluxo_contrato.php on line 49
[19-May-2025 15:05:20 Europe/Berlin] PHP Fatal error:  Uncaught PDOException: SQLSTATE[42S22]: Column not found: 1054 Unknown column 'contrato_titulo' in 'where clause' in C:\xampp\htdocs\Sistema-CENTRAL-ERP\get_fluxo_contrato.php:49
Stack trace:
#0 C:\xampp\htdocs\Sistema-CENTRAL-ERP\get_fluxo_contrato.php(49): PDOStatement->execute(Array)
#1 {main}
  thrown in C:\xampp\htdocs\Sistema-CENTRAL-ERP\get_fluxo_contrato.php on line 49
[19-May-2025 15:07:22 Europe/Berlin] PHP Fatal error:  Uncaught PDOException: SQLSTATE[42S22]: Column not found: 1054 Unknown column 'contrato_titulo' in 'where clause' in C:\xampp\htdocs\Sistema-CENTRAL-ERP\get_fluxo_contrato.php:49
Stack trace:
#0 C:\xampp\htdocs\Sistema-CENTRAL-ERP\get_fluxo_contrato.php(49): PDOStatement->execute(Array)
#1 {main}
  thrown in C:\xampp\htdocs\Sistema-CENTRAL-ERP\get_fluxo_contrato.php on line 49
[19-May-2025 15:12:23 Europe/Berlin] PHP Fatal error:  Uncaught PDOException: SQLSTATE[42S22]: Column not found: 1054 Unknown column 'contrato_titulo' in 'where clause' in C:\xampp\htdocs\Sistema-CENTRAL-ERP\get_fluxo_contrato.php:49
Stack trace:
#0 C:\xampp\htdocs\Sistema-CENTRAL-ERP\get_fluxo_contrato.php(49): PDOStatement->execute(Array)
#1 {main}
  thrown in C:\xampp\htdocs\Sistema-CENTRAL-ERP\get_fluxo_contrato.php on line 49
[19-May-2025 15:13:12 Europe/Berlin] PHP Fatal error:  Uncaught PDOException: SQLSTATE[42S22]: Column not found: 1054 Unknown column 'contrato_titulo' in 'where clause' in C:\xampp\htdocs\Sistema-CENTRAL-ERP\get_fluxo_contrato.php:49
Stack trace:
#0 C:\xampp\htdocs\Sistema-CENTRAL-ERP\get_fluxo_contrato.php(49): PDOStatement->execute(Array)
#1 {main}
  thrown in C:\xampp\htdocs\Sistema-CENTRAL-ERP\get_fluxo_contrato.php on line 49
[19-May-2025 15:14:20 Europe/Berlin] PHP Fatal error:  Uncaught PDOException: SQLSTATE[42S22]: Column not found: 1054 Unknown column 'contrato_titulo' in 'where clause' in C:\xampp\htdocs\Sistema-CENTRAL-ERP\get_fluxo_contrato.php:49
Stack trace:
#0 C:\xampp\htdocs\Sistema-CENTRAL-ERP\get_fluxo_contrato.php(49): PDOStatement->execute(Array)
#1 {main}
  thrown in C:\xampp\htdocs\Sistema-CENTRAL-ERP\get_fluxo_contrato.php on line 49
[19-May-2025 15:16:09 Europe/Berlin] PHP Fatal error:  Uncaught PDOException: SQLSTATE[42S22]: Column not found: 1054 Unknown column 'contrato_titulo' in 'where clause' in C:\xampp\htdocs\Sistema-CENTRAL-ERP\get_fluxo_contrato.php:49
Stack trace:
#0 C:\xampp\htdocs\Sistema-CENTRAL-ERP\get_fluxo_contrato.php(49): PDOStatement->execute(Array)
#1 {main}
  thrown in C:\xampp\htdocs\Sistema-CENTRAL-ERP\get_fluxo_contrato.php on line 49
[19-May-2025 15:16:32 Europe/Berlin] PHP Fatal error:  Uncaught PDOException: SQLSTATE[42S22]: Column not found: 1054 Unknown column 'contrato_titulo' in 'where clause' in C:\xampp\htdocs\Sistema-CENTRAL-ERP\get_fluxo_contrato.php:49
Stack trace:
#0 C:\xampp\htdocs\Sistema-CENTRAL-ERP\get_fluxo_contrato.php(49): PDOStatement->execute(Array)
#1 {main}
  thrown in C:\xampp\htdocs\Sistema-CENTRAL-ERP\get_fluxo_contrato.php on line 49
[19-May-2025 15:16:54 Europe/Berlin] PHP Fatal error:  Uncaught PDOException: SQLSTATE[42S22]: Column not found: 1054 Unknown column 'contrato_titulo' in 'where clause' in C:\xampp\htdocs\Sistema-CENTRAL-ERP\get_fluxo_contrato.php:49
Stack trace:
#0 C:\xampp\htdocs\Sistema-CENTRAL-ERP\get_fluxo_contrato.php(49): PDOStatement->execute(Array)
#1 {main}
  thrown in C:\xampp\htdocs\Sistema-CENTRAL-ERP\get_fluxo_contrato.php on line 49
[19-May-2025 15:18:05 Europe/Berlin] PHP Fatal error:  Uncaught PDOException: SQLSTATE[42S22]: Column not found: 1054 Unknown column 'contrato_titulo' in 'where clause' in C:\xampp\htdocs\Sistema-CENTRAL-ERP\get_fluxo_contrato.php:49
Stack trace:
#0 C:\xampp\htdocs\Sistema-CENTRAL-ERP\get_fluxo_contrato.php(49): PDOStatement->execute(Array)
#1 {main}
  thrown in C:\xampp\htdocs\Sistema-CENTRAL-ERP\get_fluxo_contrato.php on line 49
[19-May-2025 15:18:27 Europe/Berlin] PHP Fatal error:  Uncaught PDOException: SQLSTATE[42S22]: Column not found: 1054 Unknown column 'contrato_titulo' in 'where clause' in C:\xampp\htdocs\Sistema-CENTRAL-ERP\get_fluxo_contrato.php:49
Stack trace:
#0 C:\xampp\htdocs\Sistema-CENTRAL-ERP\get_fluxo_contrato.php(49): PDOStatement->execute(Array)
#1 {main}
  thrown in C:\xampp\htdocs\Sistema-CENTRAL-ERP\get_fluxo_contrato.php on line 49
[19-May-2025 15:20:13 Europe/Berlin] PHP Fatal error:  Uncaught PDOException: SQLSTATE[42S22]: Column not found: 1054 Unknown column 'contrato_titulo' in 'where clause' in C:\xampp\htdocs\Sistema-CENTRAL-ERP\get_fluxo_contrato.php:49
Stack trace:
#0 C:\xampp\htdocs\Sistema-CENTRAL-ERP\get_fluxo_contrato.php(49): PDOStatement->execute(Array)
#1 {main}
  thrown in C:\xampp\htdocs\Sistema-CENTRAL-ERP\get_fluxo_contrato.php on line 49
[19-May-2025 15:21:22 Europe/Berlin] PHP Fatal error:  Uncaught PDOException: SQLSTATE[42S22]: Column not found: 1054 Unknown column 'contrato_titulo' in 'where clause' in C:\xampp\htdocs\Sistema-CENTRAL-ERP\get_fluxo_contrato.php:49
Stack trace:
#0 C:\xampp\htdocs\Sistema-CENTRAL-ERP\get_fluxo_contrato.php(49): PDOStatement->execute(Array)
#1 {main}
  thrown in C:\xampp\htdocs\Sistema-CENTRAL-ERP\get_fluxo_contrato.php on line 49
[19-May-2025 15:23:50 Europe/Berlin] PHP Fatal error:  Uncaught PDOException: SQLSTATE[42S22]: Column not found: 1054 Unknown column 'contrato_titulo' in 'where clause' in C:\xampp\htdocs\Sistema-CENTRAL-ERP\get_fluxo_contrato.php:49
Stack trace:
#0 C:\xampp\htdocs\Sistema-CENTRAL-ERP\get_fluxo_contrato.php(49): PDOStatement->execute(Array)
#1 {main}
  thrown in C:\xampp\htdocs\Sistema-CENTRAL-ERP\get_fluxo_contrato.php on line 49
[19-May-2025 15:24:21 Europe/Berlin] PHP Fatal error:  Uncaught PDOException: SQLSTATE[42S22]: Column not found: 1054 Unknown column 'contrato_titulo' in 'where clause' in C:\xampp\htdocs\Sistema-CENTRAL-ERP\get_fluxo_contrato.php:49
Stack trace:
#0 C:\xampp\htdocs\Sistema-CENTRAL-ERP\get_fluxo_contrato.php(49): PDOStatement->execute(Array)
#1 {main}
  thrown in C:\xampp\htdocs\Sistema-CENTRAL-ERP\get_fluxo_contrato.php on line 49
[19-May-2025 15:27:34 Europe/Berlin] PHP Fatal error:  Uncaught PDOException: SQLSTATE[42S22]: Column not found: 1054 Unknown column 'contrato_titulo' in 'where clause' in C:\xampp\htdocs\Sistema-CENTRAL-ERP\get_fluxo_contrato.php:49
Stack trace:
#0 C:\xampp\htdocs\Sistema-CENTRAL-ERP\get_fluxo_contrato.php(49): PDOStatement->execute(Array)
#1 {main}
  thrown in C:\xampp\htdocs\Sistema-CENTRAL-ERP\get_fluxo_contrato.php on line 49
[19-May-2025 15:28:17 Europe/Berlin] PHP Fatal error:  Uncaught PDOException: SQLSTATE[42S22]: Column not found: 1054 Unknown column 'contrato_titulo' in 'where clause' in C:\xampp\htdocs\Sistema-CENTRAL-ERP\get_fluxo_contrato.php:49
Stack trace:
#0 C:\xampp\htdocs\Sistema-CENTRAL-ERP\get_fluxo_contrato.php(49): PDOStatement->execute(Array)
#1 {main}
  thrown in C:\xampp\htdocs\Sistema-CENTRAL-ERP\get_fluxo_contrato.php on line 49
[19-May-2025 15:28:44 Europe/Berlin] PHP Fatal error:  Uncaught PDOException: SQLSTATE[42S22]: Column not found: 1054 Unknown column 'contrato_titulo' in 'where clause' in C:\xampp\htdocs\Sistema-CENTRAL-ERP\get_fluxo_contrato.php:49
Stack trace:
#0 C:\xampp\htdocs\Sistema-CENTRAL-ERP\get_fluxo_contrato.php(49): PDOStatement->execute(Array)
#1 {main}
  thrown in C:\xampp\htdocs\Sistema-CENTRAL-ERP\get_fluxo_contrato.php on line 49
[19-May-2025 15:30:11 Europe/Berlin] PHP Fatal error:  Uncaught PDOException: SQLSTATE[42S22]: Column not found: 1054 Unknown column 'contrato_titulo' in 'where clause' in C:\xampp\htdocs\Sistema-CENTRAL-ERP\get_fluxo_contrato.php:49
Stack trace:
#0 C:\xampp\htdocs\Sistema-CENTRAL-ERP\get_fluxo_contrato.php(49): PDOStatement->execute(Array)
#1 {main}
  thrown in C:\xampp\htdocs\Sistema-CENTRAL-ERP\get_fluxo_contrato.php on line 49
[19-May-2025 15:32:39 Europe/Berlin] PHP Fatal error:  Uncaught PDOException: SQLSTATE[42S22]: Column not found: 1054 Unknown column 'contrato_titulo' in 'where clause' in C:\xampp\htdocs\Sistema-CENTRAL-ERP\get_fluxo_contrato.php:49
Stack trace:
#0 C:\xampp\htdocs\Sistema-CENTRAL-ERP\get_fluxo_contrato.php(49): PDOStatement->execute(Array)
#1 {main}
  thrown in C:\xampp\htdocs\Sistema-CENTRAL-ERP\get_fluxo_contrato.php on line 49
[19-May-2025 15:33:56 Europe/Berlin] PHP Fatal error:  Uncaught PDOException: SQLSTATE[42S22]: Column not found: 1054 Unknown column 'contrato_titulo' in 'where clause' in C:\xampp\htdocs\Sistema-CENTRAL-ERP\get_fluxo_contrato.php:49
Stack trace:
#0 C:\xampp\htdocs\Sistema-CENTRAL-ERP\get_fluxo_contrato.php(49): PDOStatement->execute(Array)
#1 {main}
  thrown in C:\xampp\htdocs\Sistema-CENTRAL-ERP\get_fluxo_contrato.php on line 49
[19-May-2025 15:34:42 Europe/Berlin] PHP Fatal error:  Uncaught PDOException: SQLSTATE[42S22]: Column not found: 1054 Unknown column 'contrato_titulo' in 'where clause' in C:\xampp\htdocs\Sistema-CENTRAL-ERP\get_fluxo_contrato.php:49
Stack trace:
#0 C:\xampp\htdocs\Sistema-CENTRAL-ERP\get_fluxo_contrato.php(49): PDOStatement->execute(Array)
#1 {main}
  thrown in C:\xampp\htdocs\Sistema-CENTRAL-ERP\get_fluxo_contrato.php on line 49
[19-May-2025 15:35:35 Europe/Berlin] PHP Fatal error:  Uncaught PDOException: SQLSTATE[42S22]: Column not found: 1054 Unknown column 'contrato_titulo' in 'where clause' in C:\xampp\htdocs\Sistema-CENTRAL-ERP\get_fluxo_contrato.php:49
Stack trace:
#0 C:\xampp\htdocs\Sistema-CENTRAL-ERP\get_fluxo_contrato.php(49): PDOStatement->execute(Array)
#1 {main}
  thrown in C:\xampp\htdocs\Sistema-CENTRAL-ERP\get_fluxo_contrato.php on line 49
[19-May-2025 15:37:04 Europe/Berlin] PHP Fatal error:  Uncaught PDOException: SQLSTATE[42S22]: Column not found: 1054 Unknown column 'contrato_titulo' in 'where clause' in C:\xampp\htdocs\Sistema-CENTRAL-ERP\get_fluxo_contrato.php:49
Stack trace:
#0 C:\xampp\htdocs\Sistema-CENTRAL-ERP\get_fluxo_contrato.php(49): PDOStatement->execute(Array)
#1 {main}
  thrown in C:\xampp\htdocs\Sistema-CENTRAL-ERP\get_fluxo_contrato.php on line 49
[19-May-2025 15:39:23 Europe/Berlin] PHP Fatal error:  Uncaught PDOException: SQLSTATE[42S22]: Column not found: 1054 Unknown column 'contrato_titulo' in 'where clause' in C:\xampp\htdocs\Sistema-CENTRAL-ERP\get_fluxo_contrato.php:49
Stack trace:
#0 C:\xampp\htdocs\Sistema-CENTRAL-ERP\get_fluxo_contrato.php(49): PDOStatement->execute(Array)
#1 {main}
  thrown in C:\xampp\htdocs\Sistema-CENTRAL-ERP\get_fluxo_contrato.php on line 49
[19-May-2025 15:41:57 Europe/Berlin] PHP Fatal error:  Uncaught PDOException: SQLSTATE[42S22]: Column not found: 1054 Unknown column 'contrato_titulo' in 'where clause' in C:\xampp\htdocs\Sistema-CENTRAL-ERP\get_fluxo_contrato.php:49
Stack trace:
#0 C:\xampp\htdocs\Sistema-CENTRAL-ERP\get_fluxo_contrato.php(49): PDOStatement->execute(Array)
#1 {main}
  thrown in C:\xampp\htdocs\Sistema-CENTRAL-ERP\get_fluxo_contrato.php on line 49
[19-May-2025 15:42:19 Europe/Berlin] PHP Fatal error:  Uncaught PDOException: SQLSTATE[42S22]: Column not found: 1054 Unknown column 'contrato_titulo' in 'where clause' in C:\xampp\htdocs\Sistema-CENTRAL-ERP\get_fluxo_contrato.php:49
Stack trace:
#0 C:\xampp\htdocs\Sistema-CENTRAL-ERP\get_fluxo_contrato.php(49): PDOStatement->execute(Array)
#1 {main}
  thrown in C:\xampp\htdocs\Sistema-CENTRAL-ERP\get_fluxo_contrato.php on line 49
[19-May-2025 15:55:10 Europe/Berlin] PHP Fatal error:  Uncaught PDOException: SQLSTATE[42S22]: Column not found: 1054 Unknown column 'contrato_titulo' in 'where clause' in C:\xampp\htdocs\Sistema-CENTRAL-ERP\get_fluxo_contrato.php:49
Stack trace:
#0 C:\xampp\htdocs\Sistema-CENTRAL-ERP\get_fluxo_contrato.php(49): PDOStatement->execute(Array)
#1 {main}
  thrown in C:\xampp\htdocs\Sistema-CENTRAL-ERP\get_fluxo_contrato.php on line 49
[19-May-2025 15:56:47 Europe/Berlin] PHP Fatal error:  Uncaught PDOException: SQLSTATE[42S22]: Column not found: 1054 Unknown column 'contrato_titulo' in 'where clause' in C:\xampp\htdocs\Sistema-CENTRAL-ERP\get_fluxo_contrato.php:49
Stack trace:
#0 C:\xampp\htdocs\Sistema-CENTRAL-ERP\get_fluxo_contrato.php(49): PDOStatement->execute(Array)
#1 {main}
  thrown in C:\xampp\htdocs\Sistema-CENTRAL-ERP\get_fluxo_contrato.php on line 49
[19-May-2025 15:59:50 Europe/Berlin] PHP Fatal error:  Uncaught PDOException: SQLSTATE[42S22]: Column not found: 1054 Unknown column 'contrato_titulo' in 'where clause' in C:\xampp\htdocs\Sistema-CENTRAL-ERP\get_fluxo_contrato.php:49
Stack trace:
#0 C:\xampp\htdocs\Sistema-CENTRAL-ERP\get_fluxo_contrato.php(49): PDOStatement->execute(Array)
#1 {main}
  thrown in C:\xampp\htdocs\Sistema-CENTRAL-ERP\get_fluxo_contrato.php on line 49
[19-May-2025 16:03:26 Europe/Berlin] PHP Fatal error:  Uncaught PDOException: SQLSTATE[42S22]: Column not found: 1054 Unknown column 'contrato_titulo' in 'where clause' in C:\xampp\htdocs\Sistema-CENTRAL-ERP\get_fluxo_contrato.php:49
Stack trace:
#0 C:\xampp\htdocs\Sistema-CENTRAL-ERP\get_fluxo_contrato.php(49): PDOStatement->execute(Array)
#1 {main}
  thrown in C:\xampp\htdocs\Sistema-CENTRAL-ERP\get_fluxo_contrato.php on line 49
[19-May-2025 16:05:43 Europe/Berlin] PHP Fatal error:  Uncaught PDOException: SQLSTATE[42S22]: Column not found: 1054 Unknown column 'contrato_titulo' in 'where clause' in C:\xampp\htdocs\Sistema-CENTRAL-ERP\get_fluxo_contrato.php:49
Stack trace:
#0 C:\xampp\htdocs\Sistema-CENTRAL-ERP\get_fluxo_contrato.php(49): PDOStatement->execute(Array)
#1 {main}
  thrown in C:\xampp\htdocs\Sistema-CENTRAL-ERP\get_fluxo_contrato.php on line 49
[19-May-2025 16:06:20 Europe/Berlin] PHP Fatal error:  Uncaught PDOException: SQLSTATE[42S22]: Column not found: 1054 Unknown column 'contrato_titulo' in 'where clause' in C:\xampp\htdocs\Sistema-CENTRAL-ERP\get_fluxo_contrato.php:49
Stack trace:
#0 C:\xampp\htdocs\Sistema-CENTRAL-ERP\get_fluxo_contrato.php(49): PDOStatement->execute(Array)
#1 {main}
  thrown in C:\xampp\htdocs\Sistema-CENTRAL-ERP\get_fluxo_contrato.php on line 49
[19-May-2025 16:07:16 Europe/Berlin] PHP Fatal error:  Uncaught PDOException: SQLSTATE[42S22]: Column not found: 1054 Unknown column 'contrato_titulo' in 'where clause' in C:\xampp\htdocs\Sistema-CENTRAL-ERP\get_fluxo_contrato.php:49
Stack trace:
#0 C:\xampp\htdocs\Sistema-CENTRAL-ERP\get_fluxo_contrato.php(49): PDOStatement->execute(Array)
#1 {main}
  thrown in C:\xampp\htdocs\Sistema-CENTRAL-ERP\get_fluxo_contrato.php on line 49
[19-May-2025 16:13:41 Europe/Berlin] PHP Fatal error:  Uncaught PDOException: SQLSTATE[42S22]: Column not found: 1054 Unknown column 'contrato_titulo' in 'where clause' in C:\xampp\htdocs\Sistema-CENTRAL-ERP\get_fluxo_contrato.php:49
Stack trace:
#0 C:\xampp\htdocs\Sistema-CENTRAL-ERP\get_fluxo_contrato.php(49): PDOStatement->execute(Array)
#1 {main}
  thrown in C:\xampp\htdocs\Sistema-CENTRAL-ERP\get_fluxo_contrato.php on line 49
[19-May-2025 16:13:48 Europe/Berlin] PHP Fatal error:  Uncaught PDOException: SQLSTATE[42S22]: Column not found: 1054 Unknown column 'contrato_titulo' in 'where clause' in C:\xampp\htdocs\Sistema-CENTRAL-ERP\get_fluxo_contrato.php:49
Stack trace:
#0 C:\xampp\htdocs\Sistema-CENTRAL-ERP\get_fluxo_contrato.php(49): PDOStatement->execute(Array)
#1 {main}
  thrown in C:\xampp\htdocs\Sistema-CENTRAL-ERP\get_fluxo_contrato.php on line 49
[19-May-2025 16:14:39 Europe/Berlin] PHP Fatal error:  Uncaught PDOException: SQLSTATE[42S22]: Column not found: 1054 Unknown column 'contrato_titulo' in 'where clause' in C:\xampp\htdocs\Sistema-CENTRAL-ERP\get_fluxo_contrato.php:49
Stack trace:
#0 C:\xampp\htdocs\Sistema-CENTRAL-ERP\get_fluxo_contrato.php(49): PDOStatement->execute(Array)
#1 {main}
  thrown in C:\xampp\htdocs\Sistema-CENTRAL-ERP\get_fluxo_contrato.php on line 49
[19-May-2025 16:18:45 Europe/Berlin] PHP Fatal error:  Uncaught PDOException: SQLSTATE[42S22]: Column not found: 1054 Unknown column 'contrato_titulo' in 'where clause' in C:\xampp\htdocs\Sistema-CENTRAL-ERP\get_fluxo_contrato.php:49
Stack trace:
#0 C:\xampp\htdocs\Sistema-CENTRAL-ERP\get_fluxo_contrato.php(49): PDOStatement->execute(Array)
#1 {main}
  thrown in C:\xampp\htdocs\Sistema-CENTRAL-ERP\get_fluxo_contrato.php on line 49
[19-May-2025 16:20:10 Europe/Berlin] PHP Fatal error:  Uncaught PDOException: SQLSTATE[42S22]: Column not found: 1054 Unknown column 'contrato_titulo' in 'where clause' in C:\xampp\htdocs\Sistema-CENTRAL-ERP\get_fluxo_contrato.php:49
Stack trace:
#0 C:\xampp\htdocs\Sistema-CENTRAL-ERP\get_fluxo_contrato.php(49): PDOStatement->execute(Array)
#1 {main}
  thrown in C:\xampp\htdocs\Sistema-CENTRAL-ERP\get_fluxo_contrato.php on line 49
[19-May-2025 16:21:21 Europe/Berlin] PHP Fatal error:  Uncaught PDOException: SQLSTATE[42S22]: Column not found: 1054 Unknown column 'contrato_titulo' in 'where clause' in C:\xampp\htdocs\Sistema-CENTRAL-ERP\get_fluxo_contrato.php:49
Stack trace:
#0 C:\xampp\htdocs\Sistema-CENTRAL-ERP\get_fluxo_contrato.php(49): PDOStatement->execute(Array)
#1 {main}
  thrown in C:\xampp\htdocs\Sistema-CENTRAL-ERP\get_fluxo_contrato.php on line 49
[19-May-2025 16:22:19 Europe/Berlin] PHP Fatal error:  Uncaught PDOException: SQLSTATE[42S22]: Column not found: 1054 Unknown column 'contrato_titulo' in 'where clause' in C:\xampp\htdocs\Sistema-CENTRAL-ERP\get_fluxo_contrato.php:49
Stack trace:
#0 C:\xampp\htdocs\Sistema-CENTRAL-ERP\get_fluxo_contrato.php(49): PDOStatement->execute(Array)
#1 {main}
  thrown in C:\xampp\htdocs\Sistema-CENTRAL-ERP\get_fluxo_contrato.php on line 49
[19-May-2025 16:23:56 Europe/Berlin] PHP Fatal error:  Uncaught PDOException: SQLSTATE[42S22]: Column not found: 1054 Unknown column 'contrato_titulo' in 'where clause' in C:\xampp\htdocs\Sistema-CENTRAL-ERP\get_fluxo_contrato.php:49
Stack trace:
#0 C:\xampp\htdocs\Sistema-CENTRAL-ERP\get_fluxo_contrato.php(49): PDOStatement->execute(Array)
#1 {main}
  thrown in C:\xampp\htdocs\Sistema-CENTRAL-ERP\get_fluxo_contrato.php on line 49
[19-May-2025 16:24:09 Europe/Berlin] PHP Fatal error:  Uncaught PDOException: SQLSTATE[42S22]: Column not found: 1054 Unknown column 'contrato_titulo' in 'where clause' in C:\xampp\htdocs\Sistema-CENTRAL-ERP\get_fluxo_contrato.php:49
Stack trace:
#0 C:\xampp\htdocs\Sistema-CENTRAL-ERP\get_fluxo_contrato.php(49): PDOStatement->execute(Array)
#1 {main}
  thrown in C:\xampp\htdocs\Sistema-CENTRAL-ERP\get_fluxo_contrato.php on line 49
[19-May-2025 16:24:15 Europe/Berlin] PHP Fatal error:  Uncaught PDOException: SQLSTATE[42S22]: Column not found: 1054 Unknown column 'contrato_titulo' in 'where clause' in C:\xampp\htdocs\Sistema-CENTRAL-ERP\get_fluxo_contrato.php:49
Stack trace:
#0 C:\xampp\htdocs\Sistema-CENTRAL-ERP\get_fluxo_contrato.php(49): PDOStatement->execute(Array)
#1 {main}
  thrown in C:\xampp\htdocs\Sistema-CENTRAL-ERP\get_fluxo_contrato.php on line 49
[19-May-2025 16:25:56 Europe/Berlin] PHP Fatal error:  Uncaught PDOException: SQLSTATE[42S22]: Column not found: 1054 Unknown column 'contrato_titulo' in 'where clause' in C:\xampp\htdocs\Sistema-CENTRAL-ERP\get_fluxo_contrato.php:49
Stack trace:
#0 C:\xampp\htdocs\Sistema-CENTRAL-ERP\get_fluxo_contrato.php(49): PDOStatement->execute(Array)
#1 {main}
  thrown in C:\xampp\htdocs\Sistema-CENTRAL-ERP\get_fluxo_contrato.php on line 49
[19-May-2025 16:26:05 Europe/Berlin] PHP Fatal error:  Uncaught PDOException: SQLSTATE[42S22]: Column not found: 1054 Unknown column 'contrato_titulo' in 'where clause' in C:\xampp\htdocs\Sistema-CENTRAL-ERP\get_fluxo_contrato.php:49
Stack trace:
#0 C:\xampp\htdocs\Sistema-CENTRAL-ERP\get_fluxo_contrato.php(49): PDOStatement->execute(Array)
#1 {main}
  thrown in C:\xampp\htdocs\Sistema-CENTRAL-ERP\get_fluxo_contrato.php on line 49
[19-May-2025 16:31:02 Europe/Berlin] PHP Fatal error:  Uncaught PDOException: SQLSTATE[42S22]: Column not found: 1054 Unknown column 'contrato_titulo' in 'where clause' in C:\xampp\htdocs\Sistema-CENTRAL-ERP\get_fluxo_contrato.php:49
Stack trace:
#0 C:\xampp\htdocs\Sistema-CENTRAL-ERP\get_fluxo_contrato.php(49): PDOStatement->execute(Array)
#1 {main}
  thrown in C:\xampp\htdocs\Sistema-CENTRAL-ERP\get_fluxo_contrato.php on line 49
[19-May-2025 16:32:24 Europe/Berlin] PHP Fatal error:  Uncaught PDOException: SQLSTATE[42S22]: Column not found: 1054 Unknown column 'contrato_titulo' in 'where clause' in C:\xampp\htdocs\Sistema-CENTRAL-ERP\get_fluxo_contrato.php:49
Stack trace:
#0 C:\xampp\htdocs\Sistema-CENTRAL-ERP\get_fluxo_contrato.php(49): PDOStatement->execute(Array)
#1 {main}
  thrown in C:\xampp\htdocs\Sistema-CENTRAL-ERP\get_fluxo_contrato.php on line 49
[19-May-2025 16:33:53 Europe/Berlin] PHP Fatal error:  Uncaught PDOException: SQLSTATE[42S22]: Column not found: 1054 Unknown column 'contrato_titulo' in 'where clause' in C:\xampp\htdocs\Sistema-CENTRAL-ERP\get_fluxo_contrato.php:49
Stack trace:
#0 C:\xampp\htdocs\Sistema-CENTRAL-ERP\get_fluxo_contrato.php(49): PDOStatement->execute(Array)
#1 {main}
  thrown in C:\xampp\htdocs\Sistema-CENTRAL-ERP\get_fluxo_contrato.php on line 49
[19-May-2025 16:34:07 Europe/Berlin] PHP Fatal error:  Uncaught PDOException: SQLSTATE[42S22]: Column not found: 1054 Unknown column 'contrato_titulo' in 'where clause' in C:\xampp\htdocs\Sistema-CENTRAL-ERP\get_fluxo_contrato.php:49
Stack trace:
#0 C:\xampp\htdocs\Sistema-CENTRAL-ERP\get_fluxo_contrato.php(49): PDOStatement->execute(Array)
#1 {main}
  thrown in C:\xampp\htdocs\Sistema-CENTRAL-ERP\get_fluxo_contrato.php on line 49
[19-May-2025 16:34:15 Europe/Berlin] PHP Fatal error:  Uncaught PDOException: SQLSTATE[42S22]: Column not found: 1054 Unknown column 'contrato_titulo' in 'where clause' in C:\xampp\htdocs\Sistema-CENTRAL-ERP\get_fluxo_contrato.php:49
Stack trace:
#0 C:\xampp\htdocs\Sistema-CENTRAL-ERP\get_fluxo_contrato.php(49): PDOStatement->execute(Array)
#1 {main}
  thrown in C:\xampp\htdocs\Sistema-CENTRAL-ERP\get_fluxo_contrato.php on line 49
[19-May-2025 16:34:54 Europe/Berlin] PHP Fatal error:  Uncaught PDOException: SQLSTATE[42S22]: Column not found: 1054 Unknown column 'contrato_titulo' in 'where clause' in C:\xampp\htdocs\Sistema-CENTRAL-ERP\get_fluxo_contrato.php:49
Stack trace:
#0 C:\xampp\htdocs\Sistema-CENTRAL-ERP\get_fluxo_contrato.php(49): PDOStatement->execute(Array)
#1 {main}
  thrown in C:\xampp\htdocs\Sistema-CENTRAL-ERP\get_fluxo_contrato.php on line 49
[19-May-2025 16:38:24 Europe/Berlin] PHP Fatal error:  Uncaught PDOException: SQLSTATE[42S22]: Column not found: 1054 Unknown column 'contrato_titulo' in 'where clause' in C:\xampp\htdocs\Sistema-CENTRAL-ERP\get_fluxo_contrato.php:49
Stack trace:
#0 C:\xampp\htdocs\Sistema-CENTRAL-ERP\get_fluxo_contrato.php(49): PDOStatement->execute(Array)
#1 {main}
  thrown in C:\xampp\htdocs\Sistema-CENTRAL-ERP\get_fluxo_contrato.php on line 49
[19-May-2025 16:42:18 Europe/Berlin] PHP Fatal error:  Uncaught PDOException: SQLSTATE[42S22]: Column not found: 1054 Unknown column 'contrato_titulo' in 'where clause' in C:\xampp\htdocs\Sistema-CENTRAL-ERP\get_fluxo_contrato.php:49
Stack trace:
#0 C:\xampp\htdocs\Sistema-CENTRAL-ERP\get_fluxo_contrato.php(49): PDOStatement->execute(Array)
#1 {main}
  thrown in C:\xampp\htdocs\Sistema-CENTRAL-ERP\get_fluxo_contrato.php on line 49
[19-May-2025 16:42:37 Europe/Berlin] PHP Fatal error:  Uncaught PDOException: SQLSTATE[42S22]: Column not found: 1054 Unknown column 'contrato_titulo' in 'where clause' in C:\xampp\htdocs\Sistema-CENTRAL-ERP\get_fluxo_contrato.php:49
Stack trace:
#0 C:\xampp\htdocs\Sistema-CENTRAL-ERP\get_fluxo_contrato.php(49): PDOStatement->execute(Array)
#1 {main}
  thrown in C:\xampp\htdocs\Sistema-CENTRAL-ERP\get_fluxo_contrato.php on line 49
[19-May-2025 16:46:03 Europe/Berlin] PHP Fatal error:  Uncaught PDOException: SQLSTATE[42S22]: Column not found: 1054 Unknown column 'contrato_titulo' in 'where clause' in C:\xampp\htdocs\Sistema-CENTRAL-ERP\get_fluxo_contrato.php:49
Stack trace:
#0 C:\xampp\htdocs\Sistema-CENTRAL-ERP\get_fluxo_contrato.php(49): PDOStatement->execute(Array)
#1 {main}
  thrown in C:\xampp\htdocs\Sistema-CENTRAL-ERP\get_fluxo_contrato.php on line 49
[19-May-2025 16:46:23 Europe/Berlin] PHP Fatal error:  Uncaught PDOException: SQLSTATE[42S22]: Column not found: 1054 Unknown column 'contrato_titulo' in 'where clause' in C:\xampp\htdocs\Sistema-CENTRAL-ERP\get_fluxo_contrato.php:49
Stack trace:
#0 C:\xampp\htdocs\Sistema-CENTRAL-ERP\get_fluxo_contrato.php(49): PDOStatement->execute(Array)
#1 {main}
  thrown in C:\xampp\htdocs\Sistema-CENTRAL-ERP\get_fluxo_contrato.php on line 49
[19-May-2025 16:47:01 Europe/Berlin] PHP Fatal error:  Uncaught PDOException: SQLSTATE[42S22]: Column not found: 1054 Unknown column 'contrato_titulo' in 'where clause' in C:\xampp\htdocs\Sistema-CENTRAL-ERP\get_fluxo_contrato.php:49
Stack trace:
#0 C:\xampp\htdocs\Sistema-CENTRAL-ERP\get_fluxo_contrato.php(49): PDOStatement->execute(Array)
#1 {main}
  thrown in C:\xampp\htdocs\Sistema-CENTRAL-ERP\get_fluxo_contrato.php on line 49
[19-May-2025 16:47:05 Europe/Berlin] PHP Fatal error:  Uncaught PDOException: SQLSTATE[42S22]: Column not found: 1054 Unknown column 'contrato_titulo' in 'where clause' in C:\xampp\htdocs\Sistema-CENTRAL-ERP\get_fluxo_contrato.php:49
Stack trace:
#0 C:\xampp\htdocs\Sistema-CENTRAL-ERP\get_fluxo_contrato.php(49): PDOStatement->execute(Array)
#1 {main}
  thrown in C:\xampp\htdocs\Sistema-CENTRAL-ERP\get_fluxo_contrato.php on line 49
[19-May-2025 16:47:08 Europe/Berlin] PHP Fatal error:  Uncaught PDOException: SQLSTATE[42S22]: Column not found: 1054 Unknown column 'contrato_titulo' in 'where clause' in C:\xampp\htdocs\Sistema-CENTRAL-ERP\get_fluxo_contrato.php:49
Stack trace:
#0 C:\xampp\htdocs\Sistema-CENTRAL-ERP\get_fluxo_contrato.php(49): PDOStatement->execute(Array)
#1 {main}
  thrown in C:\xampp\htdocs\Sistema-CENTRAL-ERP\get_fluxo_contrato.php on line 49
[19-May-2025 16:47:12 Europe/Berlin] PHP Fatal error:  Uncaught PDOException: SQLSTATE[42S22]: Column not found: 1054 Unknown column 'contrato_titulo' in 'where clause' in C:\xampp\htdocs\Sistema-CENTRAL-ERP\get_fluxo_contrato.php:49
Stack trace:
#0 C:\xampp\htdocs\Sistema-CENTRAL-ERP\get_fluxo_contrato.php(49): PDOStatement->execute(Array)
#1 {main}
  thrown in C:\xampp\htdocs\Sistema-CENTRAL-ERP\get_fluxo_contrato.php on line 49
[19-May-2025 16:47:23 Europe/Berlin] PHP Fatal error:  Uncaught PDOException: SQLSTATE[42S22]: Column not found: 1054 Unknown column 'contrato_titulo' in 'where clause' in C:\xampp\htdocs\Sistema-CENTRAL-ERP\get_fluxo_contrato.php:49
Stack trace:
#0 C:\xampp\htdocs\Sistema-CENTRAL-ERP\get_fluxo_contrato.php(49): PDOStatement->execute(Array)
#1 {main}
  thrown in C:\xampp\htdocs\Sistema-CENTRAL-ERP\get_fluxo_contrato.php on line 49
[19-May-2025 16:47:35 Europe/Berlin] PHP Fatal error:  Uncaught PDOException: SQLSTATE[42S22]: Column not found: 1054 Unknown column 'contrato_titulo' in 'where clause' in C:\xampp\htdocs\Sistema-CENTRAL-ERP\get_fluxo_contrato.php:49
Stack trace:
#0 C:\xampp\htdocs\Sistema-CENTRAL-ERP\get_fluxo_contrato.php(49): PDOStatement->execute(Array)
#1 {main}
  thrown in C:\xampp\htdocs\Sistema-CENTRAL-ERP\get_fluxo_contrato.php on line 49
[19-May-2025 16:48:29 Europe/Berlin] PHP Fatal error:  Uncaught PDOException: SQLSTATE[42S22]: Column not found: 1054 Unknown column 'contrato_titulo' in 'where clause' in C:\xampp\htdocs\Sistema-CENTRAL-ERP\get_fluxo_contrato.php:49
Stack trace:
#0 C:\xampp\htdocs\Sistema-CENTRAL-ERP\get_fluxo_contrato.php(49): PDOStatement->execute(Array)
#1 {main}
  thrown in C:\xampp\htdocs\Sistema-CENTRAL-ERP\get_fluxo_contrato.php on line 49
[19-May-2025 16:49:47 Europe/Berlin] PHP Fatal error:  Uncaught PDOException: SQLSTATE[42S22]: Column not found: 1054 Unknown column 'contrato_titulo' in 'where clause' in C:\xampp\htdocs\Sistema-CENTRAL-ERP\get_fluxo_contrato.php:49
Stack trace:
#0 C:\xampp\htdocs\Sistema-CENTRAL-ERP\get_fluxo_contrato.php(49): PDOStatement->execute(Array)
#1 {main}
  thrown in C:\xampp\htdocs\Sistema-CENTRAL-ERP\get_fluxo_contrato.php on line 49
[19-May-2025 16:51:41 Europe/Berlin] PHP Fatal error:  Uncaught PDOException: SQLSTATE[42S22]: Column not found: 1054 Unknown column 'contrato_titulo' in 'where clause' in C:\xampp\htdocs\Sistema-CENTRAL-ERP\get_fluxo_contrato.php:49
Stack trace:
#0 C:\xampp\htdocs\Sistema-CENTRAL-ERP\get_fluxo_contrato.php(49): PDOStatement->execute(Array)
#1 {main}
  thrown in C:\xampp\htdocs\Sistema-CENTRAL-ERP\get_fluxo_contrato.php on line 49
[19-May-2025 16:59:17 Europe/Berlin] PHP Fatal error:  Uncaught PDOException: SQLSTATE[42S22]: Column not found: 1054 Unknown column 'contrato_titulo' in 'where clause' in C:\xampp\htdocs\Sistema-CENTRAL-ERP\get_fluxo_contrato.php:49
Stack trace:
#0 C:\xampp\htdocs\Sistema-CENTRAL-ERP\get_fluxo_contrato.php(49): PDOStatement->execute(Array)
#1 {main}
  thrown in C:\xampp\htdocs\Sistema-CENTRAL-ERP\get_fluxo_contrato.php on line 49
[19-May-2025 18:09:41 Europe/Berlin] PHP Fatal error:  Uncaught PDOException: SQLSTATE[42S22]: Column not found: 1054 Unknown column 'contrato_titulo' in 'where clause' in C:\xampp\htdocs\Sistema-CENTRAL-ERP\get_fluxo_contrato.php:49
Stack trace:
#0 C:\xampp\htdocs\Sistema-CENTRAL-ERP\get_fluxo_contrato.php(49): PDOStatement->execute(Array)
#1 {main}
  thrown in C:\xampp\htdocs\Sistema-CENTRAL-ERP\get_fluxo_contrato.php on line 49
[19-May-2025 18:11:32 Europe/Berlin] PHP Fatal error:  Uncaught PDOException: SQLSTATE[42S22]: Column not found: 1054 Unknown column 'contrato_titulo' in 'where clause' in C:\xampp\htdocs\Sistema-CENTRAL-ERP\get_fluxo_contrato.php:49
Stack trace:
#0 C:\xampp\htdocs\Sistema-CENTRAL-ERP\get_fluxo_contrato.php(49): PDOStatement->execute(Array)
#1 {main}
  thrown in C:\xampp\htdocs\Sistema-CENTRAL-ERP\get_fluxo_contrato.php on line 49
[19-May-2025 18:14:47 Europe/Berlin] PHP Fatal error:  Uncaught PDOException: SQLSTATE[42S22]: Column not found: 1054 Unknown column 'contrato_titulo' in 'where clause' in C:\xampp\htdocs\Sistema-CENTRAL-ERP\get_fluxo_contrato.php:49
Stack trace:
#0 C:\xampp\htdocs\Sistema-CENTRAL-ERP\get_fluxo_contrato.php(49): PDOStatement->execute(Array)
#1 {main}
  thrown in C:\xampp\htdocs\Sistema-CENTRAL-ERP\get_fluxo_contrato.php on line 49
[19-May-2025 18:15:47 Europe/Berlin] PHP Fatal error:  Uncaught PDOException: SQLSTATE[42S22]: Column not found: 1054 Unknown column 'contrato_titulo' in 'where clause' in C:\xampp\htdocs\Sistema-CENTRAL-ERP\get_fluxo_contrato.php:49
Stack trace:
#0 C:\xampp\htdocs\Sistema-CENTRAL-ERP\get_fluxo_contrato.php(49): PDOStatement->execute(Array)
#1 {main}
  thrown in C:\xampp\htdocs\Sistema-CENTRAL-ERP\get_fluxo_contrato.php on line 49
[19-May-2025 18:16:03 Europe/Berlin] PHP Fatal error:  Uncaught PDOException: SQLSTATE[42S22]: Column not found: 1054 Unknown column 'contrato_titulo' in 'where clause' in C:\xampp\htdocs\Sistema-CENTRAL-ERP\get_fluxo_contrato.php:49
Stack trace:
#0 C:\xampp\htdocs\Sistema-CENTRAL-ERP\get_fluxo_contrato.php(49): PDOStatement->execute(Array)
#1 {main}
  thrown in C:\xampp\htdocs\Sistema-CENTRAL-ERP\get_fluxo_contrato.php on line 49
[19-May-2025 18:20:49 Europe/Berlin] PHP Fatal error:  Uncaught PDOException: SQLSTATE[42S22]: Column not found: 1054 Unknown column 'contrato_titulo' in 'where clause' in C:\xampp\htdocs\Sistema-CENTRAL-ERP\get_fluxo_contrato.php:49
Stack trace:
#0 C:\xampp\htdocs\Sistema-CENTRAL-ERP\get_fluxo_contrato.php(49): PDOStatement->execute(Array)
#1 {main}
  thrown in C:\xampp\htdocs\Sistema-CENTRAL-ERP\get_fluxo_contrato.php on line 49
[19-May-2025 18:22:14 Europe/Berlin] PHP Fatal error:  Uncaught PDOException: SQLSTATE[42S22]: Column not found: 1054 Unknown column 'contrato_titulo' in 'where clause' in C:\xampp\htdocs\Sistema-CENTRAL-ERP\get_fluxo_contrato.php:49
Stack trace:
#0 C:\xampp\htdocs\Sistema-CENTRAL-ERP\get_fluxo_contrato.php(49): PDOStatement->execute(Array)
#1 {main}
  thrown in C:\xampp\htdocs\Sistema-CENTRAL-ERP\get_fluxo_contrato.php on line 49
[19-May-2025 18:23:25 Europe/Berlin] PHP Fatal error:  Uncaught PDOException: SQLSTATE[42S22]: Column not found: 1054 Unknown column 'contrato_titulo' in 'where clause' in C:\xampp\htdocs\Sistema-CENTRAL-ERP\get_fluxo_contrato.php:49
Stack trace:
#0 C:\xampp\htdocs\Sistema-CENTRAL-ERP\get_fluxo_contrato.php(49): PDOStatement->execute(Array)
#1 {main}
  thrown in C:\xampp\htdocs\Sistema-CENTRAL-ERP\get_fluxo_contrato.php on line 49
[19-May-2025 18:24:40 Europe/Berlin] PHP Fatal error:  Uncaught PDOException: SQLSTATE[42S22]: Column not found: 1054 Unknown column 'contrato_titulo' in 'where clause' in C:\xampp\htdocs\Sistema-CENTRAL-ERP\get_fluxo_contrato.php:49
Stack trace:
#0 C:\xampp\htdocs\Sistema-CENTRAL-ERP\get_fluxo_contrato.php(49): PDOStatement->execute(Array)
#1 {main}
  thrown in C:\xampp\htdocs\Sistema-CENTRAL-ERP\get_fluxo_contrato.php on line 49
[19-May-2025 18:25:28 Europe/Berlin] PHP Fatal error:  Uncaught PDOException: SQLSTATE[42S22]: Column not found: 1054 Unknown column 'contrato_titulo' in 'where clause' in C:\xampp\htdocs\Sistema-CENTRAL-ERP\get_fluxo_contrato.php:49
Stack trace:
#0 C:\xampp\htdocs\Sistema-CENTRAL-ERP\get_fluxo_contrato.php(49): PDOStatement->execute(Array)
#1 {main}
  thrown in C:\xampp\htdocs\Sistema-CENTRAL-ERP\get_fluxo_contrato.php on line 49
[19-May-2025 18:25:36 Europe/Berlin] PHP Fatal error:  Uncaught PDOException: SQLSTATE[42S22]: Column not found: 1054 Unknown column 'contrato_titulo' in 'where clause' in C:\xampp\htdocs\Sistema-CENTRAL-ERP\get_fluxo_contrato.php:49
Stack trace:
#0 C:\xampp\htdocs\Sistema-CENTRAL-ERP\get_fluxo_contrato.php(49): PDOStatement->execute(Array)
#1 {main}
  thrown in C:\xampp\htdocs\Sistema-CENTRAL-ERP\get_fluxo_contrato.php on line 49
[19-May-2025 18:27:30 Europe/Berlin] PHP Fatal error:  Uncaught PDOException: SQLSTATE[42S22]: Column not found: 1054 Unknown column 'contrato_titulo' in 'where clause' in C:\xampp\htdocs\Sistema-CENTRAL-ERP\get_fluxo_contrato.php:49
Stack trace:
#0 C:\xampp\htdocs\Sistema-CENTRAL-ERP\get_fluxo_contrato.php(49): PDOStatement->execute(Array)
#1 {main}
  thrown in C:\xampp\htdocs\Sistema-CENTRAL-ERP\get_fluxo_contrato.php on line 49
[19-May-2025 18:29:18 Europe/Berlin] PHP Fatal error:  Uncaught PDOException: SQLSTATE[42S22]: Column not found: 1054 Unknown column 'contrato_titulo' in 'where clause' in C:\xampp\htdocs\Sistema-CENTRAL-ERP\get_fluxo_contrato.php:49
Stack trace:
#0 C:\xampp\htdocs\Sistema-CENTRAL-ERP\get_fluxo_contrato.php(49): PDOStatement->execute(Array)
#1 {main}
  thrown in C:\xampp\htdocs\Sistema-CENTRAL-ERP\get_fluxo_contrato.php on line 49
[19-May-2025 18:29:18 Europe/Berlin] PHP Fatal error:  Uncaught PDOException: SQLSTATE[42S22]: Column not found: 1054 Unknown column 'contrato_titulo' in 'where clause' in C:\xampp\htdocs\Sistema-CENTRAL-ERP\get_fluxo_contrato.php:49
Stack trace:
#0 C:\xampp\htdocs\Sistema-CENTRAL-ERP\get_fluxo_contrato.php(49): PDOStatement->execute(Array)
#1 {main}
  thrown in C:\xampp\htdocs\Sistema-CENTRAL-ERP\get_fluxo_contrato.php on line 49
[19-May-2025 18:29:19 Europe/Berlin] PHP Fatal error:  Uncaught PDOException: SQLSTATE[42S22]: Column not found: 1054 Unknown column 'contrato_titulo' in 'where clause' in C:\xampp\htdocs\Sistema-CENTRAL-ERP\get_fluxo_contrato.php:49
Stack trace:
#0 C:\xampp\htdocs\Sistema-CENTRAL-ERP\get_fluxo_contrato.php(49): PDOStatement->execute(Array)
#1 {main}
  thrown in C:\xampp\htdocs\Sistema-CENTRAL-ERP\get_fluxo_contrato.php on line 49
[19-May-2025 18:29:19 Europe/Berlin] PHP Fatal error:  Uncaught PDOException: SQLSTATE[42S22]: Column not found: 1054 Unknown column 'contrato_titulo' in 'where clause' in C:\xampp\htdocs\Sistema-CENTRAL-ERP\get_fluxo_contrato.php:49
Stack trace:
#0 C:\xampp\htdocs\Sistema-CENTRAL-ERP\get_fluxo_contrato.php(49): PDOStatement->execute(Array)
#1 {main}
  thrown in C:\xampp\htdocs\Sistema-CENTRAL-ERP\get_fluxo_contrato.php on line 49
[19-May-2025 18:29:19 Europe/Berlin] PHP Fatal error:  Uncaught PDOException: SQLSTATE[42S22]: Column not found: 1054 Unknown column 'contrato_titulo' in 'where clause' in C:\xampp\htdocs\Sistema-CENTRAL-ERP\get_fluxo_contrato.php:49
Stack trace:
#0 C:\xampp\htdocs\Sistema-CENTRAL-ERP\get_fluxo_contrato.php(49): PDOStatement->execute(Array)
#1 {main}
  thrown in C:\xampp\htdocs\Sistema-CENTRAL-ERP\get_fluxo_contrato.php on line 49
[19-May-2025 18:29:20 Europe/Berlin] PHP Fatal error:  Uncaught PDOException: SQLSTATE[42S22]: Column not found: 1054 Unknown column 'contrato_titulo' in 'where clause' in C:\xampp\htdocs\Sistema-CENTRAL-ERP\get_fluxo_contrato.php:49
Stack trace:
#0 C:\xampp\htdocs\Sistema-CENTRAL-ERP\get_fluxo_contrato.php(49): PDOStatement->execute(Array)
#1 {main}
  thrown in C:\xampp\htdocs\Sistema-CENTRAL-ERP\get_fluxo_contrato.php on line 49
[19-May-2025 18:29:20 Europe/Berlin] PHP Fatal error:  Uncaught PDOException: SQLSTATE[42S22]: Column not found: 1054 Unknown column 'contrato_titulo' in 'where clause' in C:\xampp\htdocs\Sistema-CENTRAL-ERP\get_fluxo_contrato.php:49
Stack trace:
#0 C:\xampp\htdocs\Sistema-CENTRAL-ERP\get_fluxo_contrato.php(49): PDOStatement->execute(Array)
#1 {main}
  thrown in C:\xampp\htdocs\Sistema-CENTRAL-ERP\get_fluxo_contrato.php on line 49
[19-May-2025 18:29:21 Europe/Berlin] PHP Fatal error:  Uncaught PDOException: SQLSTATE[42S22]: Column not found: 1054 Unknown column 'contrato_titulo' in 'where clause' in C:\xampp\htdocs\Sistema-CENTRAL-ERP\get_fluxo_contrato.php:49
Stack trace:
#0 C:\xampp\htdocs\Sistema-CENTRAL-ERP\get_fluxo_contrato.php(49): PDOStatement->execute(Array)
#1 {main}
  thrown in C:\xampp\htdocs\Sistema-CENTRAL-ERP\get_fluxo_contrato.php on line 49
[19-May-2025 18:29:22 Europe/Berlin] PHP Fatal error:  Uncaught PDOException: SQLSTATE[42S22]: Column not found: 1054 Unknown column 'contrato_titulo' in 'where clause' in C:\xampp\htdocs\Sistema-CENTRAL-ERP\get_fluxo_contrato.php:49
Stack trace:
#0 C:\xampp\htdocs\Sistema-CENTRAL-ERP\get_fluxo_contrato.php(49): PDOStatement->execute(Array)
#1 {main}
  thrown in C:\xampp\htdocs\Sistema-CENTRAL-ERP\get_fluxo_contrato.php on line 49
[19-May-2025 18:29:22 Europe/Berlin] PHP Fatal error:  Uncaught PDOException: SQLSTATE[42S22]: Column not found: 1054 Unknown column 'contrato_titulo' in 'where clause' in C:\xampp\htdocs\Sistema-CENTRAL-ERP\get_fluxo_contrato.php:49
Stack trace:
#0 C:\xampp\htdocs\Sistema-CENTRAL-ERP\get_fluxo_contrato.php(49): PDOStatement->execute(Array)
#1 {main}
  thrown in C:\xampp\htdocs\Sistema-CENTRAL-ERP\get_fluxo_contrato.php on line 49
[19-May-2025 18:29:22 Europe/Berlin] PHP Fatal error:  Uncaught PDOException: SQLSTATE[42S22]: Column not found: 1054 Unknown column 'contrato_titulo' in 'where clause' in C:\xampp\htdocs\Sistema-CENTRAL-ERP\get_fluxo_contrato.php:49
Stack trace:
#0 C:\xampp\htdocs\Sistema-CENTRAL-ERP\get_fluxo_contrato.php(49): PDOStatement->execute(Array)
#1 {main}
  thrown in C:\xampp\htdocs\Sistema-CENTRAL-ERP\get_fluxo_contrato.php on line 49
[19-May-2025 18:29:23 Europe/Berlin] PHP Fatal error:  Uncaught PDOException: SQLSTATE[42S22]: Column not found: 1054 Unknown column 'contrato_titulo' in 'where clause' in C:\xampp\htdocs\Sistema-CENTRAL-ERP\get_fluxo_contrato.php:49
Stack trace:
#0 C:\xampp\htdocs\Sistema-CENTRAL-ERP\get_fluxo_contrato.php(49): PDOStatement->execute(Array)
#1 {main}
  thrown in C:\xampp\htdocs\Sistema-CENTRAL-ERP\get_fluxo_contrato.php on line 49
[19-May-2025 18:29:23 Europe/Berlin] PHP Fatal error:  Uncaught PDOException: SQLSTATE[42S22]: Column not found: 1054 Unknown column 'contrato_titulo' in 'where clause' in C:\xampp\htdocs\Sistema-CENTRAL-ERP\get_fluxo_contrato.php:49
Stack trace:
#0 C:\xampp\htdocs\Sistema-CENTRAL-ERP\get_fluxo_contrato.php(49): PDOStatement->execute(Array)
#1 {main}
  thrown in C:\xampp\htdocs\Sistema-CENTRAL-ERP\get_fluxo_contrato.php on line 49
[19-May-2025 18:29:28 Europe/Berlin] PHP Fatal error:  Uncaught PDOException: SQLSTATE[42S22]: Column not found: 1054 Unknown column 'contrato_titulo' in 'where clause' in C:\xampp\htdocs\Sistema-CENTRAL-ERP\get_fluxo_contrato.php:49
Stack trace:
#0 C:\xampp\htdocs\Sistema-CENTRAL-ERP\get_fluxo_contrato.php(49): PDOStatement->execute(Array)
#1 {main}
  thrown in C:\xampp\htdocs\Sistema-CENTRAL-ERP\get_fluxo_contrato.php on line 49
[19-May-2025 18:29:29 Europe/Berlin] PHP Fatal error:  Uncaught PDOException: SQLSTATE[42S22]: Column not found: 1054 Unknown column 'contrato_titulo' in 'where clause' in C:\xampp\htdocs\Sistema-CENTRAL-ERP\get_fluxo_contrato.php:49
Stack trace:
#0 C:\xampp\htdocs\Sistema-CENTRAL-ERP\get_fluxo_contrato.php(49): PDOStatement->execute(Array)
#1 {main}
  thrown in C:\xampp\htdocs\Sistema-CENTRAL-ERP\get_fluxo_contrato.php on line 49
[19-May-2025 18:29:29 Europe/Berlin] PHP Fatal error:  Uncaught PDOException: SQLSTATE[42S22]: Column not found: 1054 Unknown column 'contrato_titulo' in 'where clause' in C:\xampp\htdocs\Sistema-CENTRAL-ERP\get_fluxo_contrato.php:49
Stack trace:
#0 C:\xampp\htdocs\Sistema-CENTRAL-ERP\get_fluxo_contrato.php(49): PDOStatement->execute(Array)
#1 {main}
  thrown in C:\xampp\htdocs\Sistema-CENTRAL-ERP\get_fluxo_contrato.php on line 49
[19-May-2025 18:31:19 Europe/Berlin] PHP Fatal error:  Uncaught PDOException: SQLSTATE[42S22]: Column not found: 1054 Unknown column 'contrato_titulo' in 'where clause' in C:\xampp\htdocs\Sistema-CENTRAL-ERP\get_fluxo_contrato.php:49
Stack trace:
#0 C:\xampp\htdocs\Sistema-CENTRAL-ERP\get_fluxo_contrato.php(49): PDOStatement->execute(Array)
#1 {main}
  thrown in C:\xampp\htdocs\Sistema-CENTRAL-ERP\get_fluxo_contrato.php on line 49
[19-May-2025 18:35:08 Europe/Berlin] PHP Fatal error:  Uncaught PDOException: SQLSTATE[42S22]: Column not found: 1054 Unknown column 'contrato_titulo' in 'where clause' in C:\xampp\htdocs\Sistema-CENTRAL-ERP\get_fluxo_contrato.php:49
Stack trace:
#0 C:\xampp\htdocs\Sistema-CENTRAL-ERP\get_fluxo_contrato.php(49): PDOStatement->execute(Array)
#1 {main}
  thrown in C:\xampp\htdocs\Sistema-CENTRAL-ERP\get_fluxo_contrato.php on line 49
[19-May-2025 18:37:15 Europe/Berlin] PHP Fatal error:  Uncaught PDOException: SQLSTATE[42S22]: Column not found: 1054 Unknown column 'contrato_titulo' in 'where clause' in C:\xampp\htdocs\Sistema-CENTRAL-ERP\get_fluxo_contrato.php:49
Stack trace:
#0 C:\xampp\htdocs\Sistema-CENTRAL-ERP\get_fluxo_contrato.php(49): PDOStatement->execute(Array)
#1 {main}
  thrown in C:\xampp\htdocs\Sistema-CENTRAL-ERP\get_fluxo_contrato.php on line 49
[19-May-2025 18:39:28 Europe/Berlin] PHP Fatal error:  Uncaught PDOException: SQLSTATE[42S22]: Column not found: 1054 Unknown column 'contrato_titulo' in 'where clause' in C:\xampp\htdocs\Sistema-CENTRAL-ERP\get_fluxo_contrato.php:49
Stack trace:
#0 C:\xampp\htdocs\Sistema-CENTRAL-ERP\get_fluxo_contrato.php(49): PDOStatement->execute(Array)
#1 {main}
  thrown in C:\xampp\htdocs\Sistema-CENTRAL-ERP\get_fluxo_contrato.php on line 49
[19-May-2025 18:42:48 Europe/Berlin] PHP Fatal error:  Uncaught PDOException: SQLSTATE[42S22]: Column not found: 1054 Unknown column 'contrato_titulo' in 'where clause' in C:\xampp\htdocs\Sistema-CENTRAL-ERP\get_fluxo_contrato.php:49
Stack trace:
#0 C:\xampp\htdocs\Sistema-CENTRAL-ERP\get_fluxo_contrato.php(49): PDOStatement->execute(Array)
#1 {main}
  thrown in C:\xampp\htdocs\Sistema-CENTRAL-ERP\get_fluxo_contrato.php on line 49
[19-May-2025 18:43:14 Europe/Berlin] PHP Fatal error:  Uncaught PDOException: SQLSTATE[42S22]: Column not found: 1054 Unknown column 'contrato_titulo' in 'where clause' in C:\xampp\htdocs\Sistema-CENTRAL-ERP\get_fluxo_contrato.php:49
Stack trace:
#0 C:\xampp\htdocs\Sistema-CENTRAL-ERP\get_fluxo_contrato.php(49): PDOStatement->execute(Array)
#1 {main}
  thrown in C:\xampp\htdocs\Sistema-CENTRAL-ERP\get_fluxo_contrato.php on line 49
[19-May-2025 18:43:57 Europe/Berlin] PHP Fatal error:  Uncaught PDOException: SQLSTATE[42S22]: Column not found: 1054 Unknown column 'contrato_titulo' in 'where clause' in C:\xampp\htdocs\Sistema-CENTRAL-ERP\get_fluxo_contrato.php:49
Stack trace:
#0 C:\xampp\htdocs\Sistema-CENTRAL-ERP\get_fluxo_contrato.php(49): PDOStatement->execute(Array)
#1 {main}
  thrown in C:\xampp\htdocs\Sistema-CENTRAL-ERP\get_fluxo_contrato.php on line 49
[19-May-2025 18:45:08 Europe/Berlin] PHP Fatal error:  Uncaught PDOException: SQLSTATE[42S22]: Column not found: 1054 Unknown column 'contrato_titulo' in 'where clause' in C:\xampp\htdocs\Sistema-CENTRAL-ERP\get_fluxo_contrato.php:49
Stack trace:
#0 C:\xampp\htdocs\Sistema-CENTRAL-ERP\get_fluxo_contrato.php(49): PDOStatement->execute(Array)
#1 {main}
  thrown in C:\xampp\htdocs\Sistema-CENTRAL-ERP\get_fluxo_contrato.php on line 49
[19-May-2025 18:47:34 Europe/Berlin] PHP Fatal error:  Uncaught PDOException: SQLSTATE[42S22]: Column not found: 1054 Unknown column 'contrato_titulo' in 'where clause' in C:\xampp\htdocs\Sistema-CENTRAL-ERP\get_fluxo_contrato.php:49
Stack trace:
#0 C:\xampp\htdocs\Sistema-CENTRAL-ERP\get_fluxo_contrato.php(49): PDOStatement->execute(Array)
#1 {main}
  thrown in C:\xampp\htdocs\Sistema-CENTRAL-ERP\get_fluxo_contrato.php on line 49
[19-May-2025 18:54:08 Europe/Berlin] PHP Fatal error:  Uncaught PDOException: SQLSTATE[42S22]: Column not found: 1054 Unknown column 'contrato_titulo' in 'where clause' in C:\xampp\htdocs\Sistema-CENTRAL-ERP\get_fluxo_contrato.php:49
Stack trace:
#0 C:\xampp\htdocs\Sistema-CENTRAL-ERP\get_fluxo_contrato.php(49): PDOStatement->execute(Array)
#1 {main}
  thrown in C:\xampp\htdocs\Sistema-CENTRAL-ERP\get_fluxo_contrato.php on line 49
[19-May-2025 18:54:40 Europe/Berlin] PHP Fatal error:  Uncaught PDOException: SQLSTATE[42S22]: Column not found: 1054 Unknown column 'contrato_titulo' in 'where clause' in C:\xampp\htdocs\Sistema-CENTRAL-ERP\get_fluxo_contrato.php:49
Stack trace:
#0 C:\xampp\htdocs\Sistema-CENTRAL-ERP\get_fluxo_contrato.php(49): PDOStatement->execute(Array)
#1 {main}
  thrown in C:\xampp\htdocs\Sistema-CENTRAL-ERP\get_fluxo_contrato.php on line 49
[19-May-2025 18:55:56 Europe/Berlin] PHP Fatal error:  Uncaught PDOException: SQLSTATE[42S22]: Column not found: 1054 Unknown column 'contrato_titulo' in 'where clause' in C:\xampp\htdocs\Sistema-CENTRAL-ERP\get_fluxo_contrato.php:49
Stack trace:
#0 C:\xampp\htdocs\Sistema-CENTRAL-ERP\get_fluxo_contrato.php(49): PDOStatement->execute(Array)
#1 {main}
  thrown in C:\xampp\htdocs\Sistema-CENTRAL-ERP\get_fluxo_contrato.php on line 49
[19-May-2025 19:27:19 Europe/Berlin] PHP Fatal error:  Uncaught PDOException: SQLSTATE[42S22]: Column not found: 1054 Unknown column 'contrato_titulo' in 'where clause' in C:\xampp\htdocs\Sistema-CENTRAL-ERP\get_fluxo_contrato.php:49
Stack trace:
#0 C:\xampp\htdocs\Sistema-CENTRAL-ERP\get_fluxo_contrato.php(49): PDOStatement->execute(Array)
#1 {main}
  thrown in C:\xampp\htdocs\Sistema-CENTRAL-ERP\get_fluxo_contrato.php on line 49
[19-May-2025 19:27:30 Europe/Berlin] PHP Fatal error:  Uncaught PDOException: SQLSTATE[42S22]: Column not found: 1054 Unknown column 'contrato_titulo' in 'where clause' in C:\xampp\htdocs\Sistema-CENTRAL-ERP\get_fluxo_contrato.php:49
Stack trace:
#0 C:\xampp\htdocs\Sistema-CENTRAL-ERP\get_fluxo_contrato.php(49): PDOStatement->execute(Array)
#1 {main}
  thrown in C:\xampp\htdocs\Sistema-CENTRAL-ERP\get_fluxo_contrato.php on line 49
[19-May-2025 19:29:15 Europe/Berlin] PHP Fatal error:  Uncaught PDOException: SQLSTATE[42S22]: Column not found: 1054 Unknown column 'contrato_titulo' in 'where clause' in C:\xampp\htdocs\Sistema-CENTRAL-ERP\get_fluxo_contrato.php:49
Stack trace:
#0 C:\xampp\htdocs\Sistema-CENTRAL-ERP\get_fluxo_contrato.php(49): PDOStatement->execute(Array)
#1 {main}
  thrown in C:\xampp\htdocs\Sistema-CENTRAL-ERP\get_fluxo_contrato.php on line 49
[19-May-2025 19:32:56 Europe/Berlin] PHP Fatal error:  Uncaught PDOException: SQLSTATE[42S22]: Column not found: 1054 Unknown column 'contrato_titulo' in 'where clause' in C:\xampp\htdocs\Sistema-CENTRAL-ERP\get_fluxo_contrato.php:49
Stack trace:
#0 C:\xampp\htdocs\Sistema-CENTRAL-ERP\get_fluxo_contrato.php(49): PDOStatement->execute(Array)
#1 {main}
  thrown in C:\xampp\htdocs\Sistema-CENTRAL-ERP\get_fluxo_contrato.php on line 49
[19-May-2025 19:33:05 Europe/Berlin] PHP Fatal error:  Uncaught PDOException: SQLSTATE[42S22]: Column not found: 1054 Unknown column 'contrato_titulo' in 'where clause' in C:\xampp\htdocs\Sistema-CENTRAL-ERP\get_fluxo_contrato.php:49
Stack trace:
#0 C:\xampp\htdocs\Sistema-CENTRAL-ERP\get_fluxo_contrato.php(49): PDOStatement->execute(Array)
#1 {main}
  thrown in C:\xampp\htdocs\Sistema-CENTRAL-ERP\get_fluxo_contrato.php on line 49
[19-May-2025 19:36:47 Europe/Berlin] PHP Fatal error:  Uncaught PDOException: SQLSTATE[42S22]: Column not found: 1054 Unknown column 'contrato_titulo' in 'where clause' in C:\xampp\htdocs\Sistema-CENTRAL-ERP\get_fluxo_contrato.php:49
Stack trace:
#0 C:\xampp\htdocs\Sistema-CENTRAL-ERP\get_fluxo_contrato.php(49): PDOStatement->execute(Array)
#1 {main}
  thrown in C:\xampp\htdocs\Sistema-CENTRAL-ERP\get_fluxo_contrato.php on line 49
[19-May-2025 19:39:05 Europe/Berlin] PHP Fatal error:  Uncaught PDOException: SQLSTATE[42S22]: Column not found: 1054 Unknown column 'contrato_titulo' in 'where clause' in C:\xampp\htdocs\Sistema-CENTRAL-ERP\get_fluxo_contrato.php:49
Stack trace:
#0 C:\xampp\htdocs\Sistema-CENTRAL-ERP\get_fluxo_contrato.php(49): PDOStatement->execute(Array)
#1 {main}
  thrown in C:\xampp\htdocs\Sistema-CENTRAL-ERP\get_fluxo_contrato.php on line 49
[19-May-2025 19:39:32 Europe/Berlin] PHP Fatal error:  Uncaught PDOException: SQLSTATE[42S22]: Column not found: 1054 Unknown column 'contrato_titulo' in 'where clause' in C:\xampp\htdocs\Sistema-CENTRAL-ERP\get_fluxo_contrato.php:49
Stack trace:
#0 C:\xampp\htdocs\Sistema-CENTRAL-ERP\get_fluxo_contrato.php(49): PDOStatement->execute(Array)
#1 {main}
  thrown in C:\xampp\htdocs\Sistema-CENTRAL-ERP\get_fluxo_contrato.php on line 49
[19-May-2025 19:46:05 Europe/Berlin] PHP Fatal error:  Uncaught PDOException: SQLSTATE[42S22]: Column not found: 1054 Unknown column 'contrato_titulo' in 'where clause' in C:\xampp\htdocs\Sistema-CENTRAL-ERP\get_fluxo_contrato.php:49
Stack trace:
#0 C:\xampp\htdocs\Sistema-CENTRAL-ERP\get_fluxo_contrato.php(49): PDOStatement->execute(Array)
#1 {main}
  thrown in C:\xampp\htdocs\Sistema-CENTRAL-ERP\get_fluxo_contrato.php on line 49
[19-May-2025 19:46:15 Europe/Berlin] PHP Fatal error:  Uncaught PDOException: SQLSTATE[42S22]: Column not found: 1054 Unknown column 'contrato_titulo' in 'where clause' in C:\xampp\htdocs\Sistema-CENTRAL-ERP\get_fluxo_contrato.php:49
Stack trace:
#0 C:\xampp\htdocs\Sistema-CENTRAL-ERP\get_fluxo_contrato.php(49): PDOStatement->execute(Array)
#1 {main}
  thrown in C:\xampp\htdocs\Sistema-CENTRAL-ERP\get_fluxo_contrato.php on line 49
[19-May-2025 19:48:15 Europe/Berlin] PHP Fatal error:  Uncaught PDOException: SQLSTATE[42S22]: Column not found: 1054 Unknown column 'contrato_titulo' in 'where clause' in C:\xampp\htdocs\Sistema-CENTRAL-ERP\get_fluxo_contrato.php:49
Stack trace:
#0 C:\xampp\htdocs\Sistema-CENTRAL-ERP\get_fluxo_contrato.php(49): PDOStatement->execute(Array)
#1 {main}
  thrown in C:\xampp\htdocs\Sistema-CENTRAL-ERP\get_fluxo_contrato.php on line 49
[19-May-2025 19:48:53 Europe/Berlin] PHP Fatal error:  Uncaught PDOException: SQLSTATE[42S22]: Column not found: 1054 Unknown column 'contrato_titulo' in 'where clause' in C:\xampp\htdocs\Sistema-CENTRAL-ERP\get_fluxo_contrato.php:49
Stack trace:
#0 C:\xampp\htdocs\Sistema-CENTRAL-ERP\get_fluxo_contrato.php(49): PDOStatement->execute(Array)
#1 {main}
  thrown in C:\xampp\htdocs\Sistema-CENTRAL-ERP\get_fluxo_contrato.php on line 49
[19-May-2025 19:49:29 Europe/Berlin] PHP Fatal error:  Uncaught PDOException: SQLSTATE[42S22]: Column not found: 1054 Unknown column 'contrato_titulo' in 'where clause' in C:\xampp\htdocs\Sistema-CENTRAL-ERP\get_fluxo_contrato.php:49
Stack trace:
#0 C:\xampp\htdocs\Sistema-CENTRAL-ERP\get_fluxo_contrato.php(49): PDOStatement->execute(Array)
#1 {main}
  thrown in C:\xampp\htdocs\Sistema-CENTRAL-ERP\get_fluxo_contrato.php on line 49
[19-May-2025 19:49:57 Europe/Berlin] PHP Fatal error:  Uncaught PDOException: SQLSTATE[42S22]: Column not found: 1054 Unknown column 'contrato_titulo' in 'where clause' in C:\xampp\htdocs\Sistema-CENTRAL-ERP\get_fluxo_contrato.php:49
Stack trace:
#0 C:\xampp\htdocs\Sistema-CENTRAL-ERP\get_fluxo_contrato.php(49): PDOStatement->execute(Array)
#1 {main}
  thrown in C:\xampp\htdocs\Sistema-CENTRAL-ERP\get_fluxo_contrato.php on line 49
[19-May-2025 19:51:24 Europe/Berlin] PHP Fatal error:  Uncaught PDOException: SQLSTATE[42S22]: Column not found: 1054 Unknown column 'contrato_titulo' in 'where clause' in C:\xampp\htdocs\Sistema-CENTRAL-ERP\get_fluxo_contrato.php:49
Stack trace:
#0 C:\xampp\htdocs\Sistema-CENTRAL-ERP\get_fluxo_contrato.php(49): PDOStatement->execute(Array)
#1 {main}
  thrown in C:\xampp\htdocs\Sistema-CENTRAL-ERP\get_fluxo_contrato.php on line 49
[19-May-2025 19:55:11 Europe/Berlin] PHP Fatal error:  Uncaught PDOException: SQLSTATE[42S22]: Column not found: 1054 Unknown column 'contrato_titulo' in 'where clause' in C:\xampp\htdocs\Sistema-CENTRAL-ERP\get_fluxo_contrato.php:49
Stack trace:
#0 C:\xampp\htdocs\Sistema-CENTRAL-ERP\get_fluxo_contrato.php(49): PDOStatement->execute(Array)
#1 {main}
  thrown in C:\xampp\htdocs\Sistema-CENTRAL-ERP\get_fluxo_contrato.php on line 49
[19-May-2025 19:58:13 Europe/Berlin] PHP Fatal error:  Uncaught PDOException: SQLSTATE[42S22]: Column not found: 1054 Unknown column 'contrato_titulo' in 'where clause' in C:\xampp\htdocs\Sistema-CENTRAL-ERP\get_fluxo_contrato.php:49
Stack trace:
#0 C:\xampp\htdocs\Sistema-CENTRAL-ERP\get_fluxo_contrato.php(49): PDOStatement->execute(Array)
#1 {main}
  thrown in C:\xampp\htdocs\Sistema-CENTRAL-ERP\get_fluxo_contrato.php on line 49
[19-May-2025 20:00:53 Europe/Berlin] PHP Fatal error:  Uncaught PDOException: SQLSTATE[42S22]: Column not found: 1054 Unknown column 'contrato_titulo' in 'where clause' in C:\xampp\htdocs\Sistema-CENTRAL-ERP\get_fluxo_contrato.php:49
Stack trace:
#0 C:\xampp\htdocs\Sistema-CENTRAL-ERP\get_fluxo_contrato.php(49): PDOStatement->execute(Array)
#1 {main}
  thrown in C:\xampp\htdocs\Sistema-CENTRAL-ERP\get_fluxo_contrato.php on line 49
[19-May-2025 20:03:30 Europe/Berlin] PHP Fatal error:  Uncaught PDOException: SQLSTATE[42S22]: Column not found: 1054 Unknown column 'contrato_titulo' in 'where clause' in C:\xampp\htdocs\Sistema-CENTRAL-ERP\get_fluxo_contrato.php:49
Stack trace:
#0 C:\xampp\htdocs\Sistema-CENTRAL-ERP\get_fluxo_contrato.php(49): PDOStatement->execute(Array)
#1 {main}
  thrown in C:\xampp\htdocs\Sistema-CENTRAL-ERP\get_fluxo_contrato.php on line 49
[19-May-2025 20:07:47 Europe/Berlin] PHP Fatal error:  Uncaught PDOException: SQLSTATE[42S22]: Column not found: 1054 Unknown column 'contrato_titulo' in 'where clause' in C:\xampp\htdocs\Sistema-CENTRAL-ERP\get_fluxo_contrato.php:49
Stack trace:
#0 C:\xampp\htdocs\Sistema-CENTRAL-ERP\get_fluxo_contrato.php(49): PDOStatement->execute(Array)
#1 {main}
  thrown in C:\xampp\htdocs\Sistema-CENTRAL-ERP\get_fluxo_contrato.php on line 49
[19-May-2025 20:13:58 Europe/Berlin] PHP Fatal error:  Uncaught PDOException: SQLSTATE[42S22]: Column not found: 1054 Unknown column 'contrato_titulo' in 'where clause' in C:\xampp\htdocs\Sistema-CENTRAL-ERP\get_fluxo_contrato.php:49
Stack trace:
#0 C:\xampp\htdocs\Sistema-CENTRAL-ERP\get_fluxo_contrato.php(49): PDOStatement->execute(Array)
#1 {main}
  thrown in C:\xampp\htdocs\Sistema-CENTRAL-ERP\get_fluxo_contrato.php on line 49
[19-May-2025 20:17:21 Europe/Berlin] PHP Fatal error:  Uncaught PDOException: SQLSTATE[42S22]: Column not found: 1054 Unknown column 'contrato_titulo' in 'where clause' in C:\xampp\htdocs\Sistema-CENTRAL-ERP\get_fluxo_contrato.php:49
Stack trace:
#0 C:\xampp\htdocs\Sistema-CENTRAL-ERP\get_fluxo_contrato.php(49): PDOStatement->execute(Array)
#1 {main}
  thrown in C:\xampp\htdocs\Sistema-CENTRAL-ERP\get_fluxo_contrato.php on line 49
[19-May-2025 20:17:40 Europe/Berlin] PHP Fatal error:  Uncaught PDOException: SQLSTATE[42S22]: Column not found: 1054 Unknown column 'contrato_titulo' in 'where clause' in C:\xampp\htdocs\Sistema-CENTRAL-ERP\get_fluxo_contrato.php:49
Stack trace:
#0 C:\xampp\htdocs\Sistema-CENTRAL-ERP\get_fluxo_contrato.php(49): PDOStatement->execute(Array)
#1 {main}
  thrown in C:\xampp\htdocs\Sistema-CENTRAL-ERP\get_fluxo_contrato.php on line 49
[19-May-2025 20:19:14 Europe/Berlin] PHP Fatal error:  Uncaught PDOException: SQLSTATE[42S22]: Column not found: 1054 Unknown column 'contrato_titulo' in 'where clause' in C:\xampp\htdocs\Sistema-CENTRAL-ERP\get_fluxo_contrato.php:49
Stack trace:
#0 C:\xampp\htdocs\Sistema-CENTRAL-ERP\get_fluxo_contrato.php(49): PDOStatement->execute(Array)
#1 {main}
  thrown in C:\xampp\htdocs\Sistema-CENTRAL-ERP\get_fluxo_contrato.php on line 49
[19-May-2025 20:20:04 Europe/Berlin] PHP Fatal error:  Uncaught PDOException: SQLSTATE[42S22]: Column not found: 1054 Unknown column 'contrato_titulo' in 'where clause' in C:\xampp\htdocs\Sistema-CENTRAL-ERP\get_fluxo_contrato.php:49
Stack trace:
#0 C:\xampp\htdocs\Sistema-CENTRAL-ERP\get_fluxo_contrato.php(49): PDOStatement->execute(Array)
#1 {main}
  thrown in C:\xampp\htdocs\Sistema-CENTRAL-ERP\get_fluxo_contrato.php on line 49
[19-May-2025 20:20:08 Europe/Berlin] PHP Fatal error:  Uncaught PDOException: SQLSTATE[42S22]: Column not found: 1054 Unknown column 'contrato_titulo' in 'where clause' in C:\xampp\htdocs\Sistema-CENTRAL-ERP\get_fluxo_contrato.php:49
Stack trace:
#0 C:\xampp\htdocs\Sistema-CENTRAL-ERP\get_fluxo_contrato.php(49): PDOStatement->execute(Array)
#1 {main}
  thrown in C:\xampp\htdocs\Sistema-CENTRAL-ERP\get_fluxo_contrato.php on line 49
[19-May-2025 20:23:15 Europe/Berlin] PHP Fatal error:  Uncaught PDOException: SQLSTATE[42S22]: Column not found: 1054 Unknown column 'contrato_titulo' in 'where clause' in C:\xampp\htdocs\Sistema-CENTRAL-ERP\get_fluxo_contrato.php:49
Stack trace:
#0 C:\xampp\htdocs\Sistema-CENTRAL-ERP\get_fluxo_contrato.php(49): PDOStatement->execute(Array)
#1 {main}
  thrown in C:\xampp\htdocs\Sistema-CENTRAL-ERP\get_fluxo_contrato.php on line 49
[19-May-2025 20:24:21 Europe/Berlin] PHP Fatal error:  Uncaught PDOException: SQLSTATE[42S22]: Column not found: 1054 Unknown column 'contrato_titulo' in 'where clause' in C:\xampp\htdocs\Sistema-CENTRAL-ERP\get_fluxo_contrato.php:49
Stack trace:
#0 C:\xampp\htdocs\Sistema-CENTRAL-ERP\get_fluxo_contrato.php(49): PDOStatement->execute(Array)
#1 {main}
  thrown in C:\xampp\htdocs\Sistema-CENTRAL-ERP\get_fluxo_contrato.php on line 49
[19-May-2025 20:24:39 Europe/Berlin] PHP Fatal error:  Uncaught PDOException: SQLSTATE[42S22]: Column not found: 1054 Unknown column 'contrato_titulo' in 'where clause' in C:\xampp\htdocs\Sistema-CENTRAL-ERP\get_fluxo_contrato.php:49
Stack trace:
#0 C:\xampp\htdocs\Sistema-CENTRAL-ERP\get_fluxo_contrato.php(49): PDOStatement->execute(Array)
#1 {main}
  thrown in C:\xampp\htdocs\Sistema-CENTRAL-ERP\get_fluxo_contrato.php on line 49
[19-May-2025 20:26:22 Europe/Berlin] PHP Fatal error:  Uncaught PDOException: SQLSTATE[42S22]: Column not found: 1054 Unknown column 'contrato_titulo' in 'where clause' in C:\xampp\htdocs\Sistema-CENTRAL-ERP\get_fluxo_contrato.php:49
Stack trace:
#0 C:\xampp\htdocs\Sistema-CENTRAL-ERP\get_fluxo_contrato.php(49): PDOStatement->execute(Array)
#1 {main}
  thrown in C:\xampp\htdocs\Sistema-CENTRAL-ERP\get_fluxo_contrato.php on line 49
[19-May-2025 20:27:24 Europe/Berlin] PHP Fatal error:  Uncaught PDOException: SQLSTATE[42S22]: Column not found: 1054 Unknown column 'contrato_titulo' in 'where clause' in C:\xampp\htdocs\Sistema-CENTRAL-ERP\get_fluxo_contrato.php:49
Stack trace:
#0 C:\xampp\htdocs\Sistema-CENTRAL-ERP\get_fluxo_contrato.php(49): PDOStatement->execute(Array)
#1 {main}
  thrown in C:\xampp\htdocs\Sistema-CENTRAL-ERP\get_fluxo_contrato.php on line 49
[19-May-2025 20:28:28 Europe/Berlin] PHP Fatal error:  Uncaught PDOException: SQLSTATE[42S22]: Column not found: 1054 Unknown column 'contrato_titulo' in 'where clause' in C:\xampp\htdocs\Sistema-CENTRAL-ERP\get_fluxo_contrato.php:49
Stack trace:
#0 C:\xampp\htdocs\Sistema-CENTRAL-ERP\get_fluxo_contrato.php(49): PDOStatement->execute(Array)
#1 {main}
  thrown in C:\xampp\htdocs\Sistema-CENTRAL-ERP\get_fluxo_contrato.php on line 49
[19-May-2025 20:28:40 Europe/Berlin] PHP Fatal error:  Uncaught PDOException: SQLSTATE[42S22]: Column not found: 1054 Unknown column 'contrato_titulo' in 'where clause' in C:\xampp\htdocs\Sistema-CENTRAL-ERP\get_fluxo_contrato.php:49
Stack trace:
#0 C:\xampp\htdocs\Sistema-CENTRAL-ERP\get_fluxo_contrato.php(49): PDOStatement->execute(Array)
#1 {main}
  thrown in C:\xampp\htdocs\Sistema-CENTRAL-ERP\get_fluxo_contrato.php on line 49
[19-May-2025 20:30:07 Europe/Berlin] PHP Fatal error:  Uncaught PDOException: SQLSTATE[42S22]: Column not found: 1054 Unknown column 'contrato_titulo' in 'where clause' in C:\xampp\htdocs\Sistema-CENTRAL-ERP\get_fluxo_contrato.php:49
Stack trace:
#0 C:\xampp\htdocs\Sistema-CENTRAL-ERP\get_fluxo_contrato.php(49): PDOStatement->execute(Array)
#1 {main}
  thrown in C:\xampp\htdocs\Sistema-CENTRAL-ERP\get_fluxo_contrato.php on line 49
[19-May-2025 20:31:34 Europe/Berlin] PHP Fatal error:  Uncaught PDOException: SQLSTATE[42S22]: Column not found: 1054 Unknown column 'contrato_titulo' in 'where clause' in C:\xampp\htdocs\Sistema-CENTRAL-ERP\get_fluxo_contrato.php:49
Stack trace:
#0 C:\xampp\htdocs\Sistema-CENTRAL-ERP\get_fluxo_contrato.php(49): PDOStatement->execute(Array)
#1 {main}
  thrown in C:\xampp\htdocs\Sistema-CENTRAL-ERP\get_fluxo_contrato.php on line 49
[19-May-2025 20:33:34 Europe/Berlin] PHP Fatal error:  Uncaught PDOException: SQLSTATE[42S22]: Column not found: 1054 Unknown column 'contrato_titulo' in 'where clause' in C:\xampp\htdocs\Sistema-CENTRAL-ERP\get_fluxo_contrato.php:49
Stack trace:
#0 C:\xampp\htdocs\Sistema-CENTRAL-ERP\get_fluxo_contrato.php(49): PDOStatement->execute(Array)
#1 {main}
  thrown in C:\xampp\htdocs\Sistema-CENTRAL-ERP\get_fluxo_contrato.php on line 49
[19-May-2025 20:35:23 Europe/Berlin] PHP Fatal error:  Uncaught PDOException: SQLSTATE[42S22]: Column not found: 1054 Unknown column 'contrato_titulo' in 'where clause' in C:\xampp\htdocs\Sistema-CENTRAL-ERP\get_fluxo_contrato.php:49
Stack trace:
#0 C:\xampp\htdocs\Sistema-CENTRAL-ERP\get_fluxo_contrato.php(49): PDOStatement->execute(Array)
#1 {main}
  thrown in C:\xampp\htdocs\Sistema-CENTRAL-ERP\get_fluxo_contrato.php on line 49
[19-May-2025 20:35:33 Europe/Berlin] PHP Fatal error:  Uncaught PDOException: SQLSTATE[42S22]: Column not found: 1054 Unknown column 'contrato_titulo' in 'where clause' in C:\xampp\htdocs\Sistema-CENTRAL-ERP\get_fluxo_contrato.php:49
Stack trace:
#0 C:\xampp\htdocs\Sistema-CENTRAL-ERP\get_fluxo_contrato.php(49): PDOStatement->execute(Array)
#1 {main}
  thrown in C:\xampp\htdocs\Sistema-CENTRAL-ERP\get_fluxo_contrato.php on line 49
[19-May-2025 20:37:29 Europe/Berlin] PHP Fatal error:  Uncaught PDOException: SQLSTATE[42S22]: Column not found: 1054 Unknown column 'contrato_titulo' in 'where clause' in C:\xampp\htdocs\Sistema-CENTRAL-ERP\get_fluxo_contrato.php:49
Stack trace:
#0 C:\xampp\htdocs\Sistema-CENTRAL-ERP\get_fluxo_contrato.php(49): PDOStatement->execute(Array)
#1 {main}
  thrown in C:\xampp\htdocs\Sistema-CENTRAL-ERP\get_fluxo_contrato.php on line 49
[19-May-2025 20:42:17 Europe/Berlin] PHP Fatal error:  Uncaught PDOException: SQLSTATE[42S22]: Column not found: 1054 Unknown column 'contrato_titulo' in 'where clause' in C:\xampp\htdocs\Sistema-CENTRAL-ERP\get_fluxo_contrato.php:49
Stack trace:
#0 C:\xampp\htdocs\Sistema-CENTRAL-ERP\get_fluxo_contrato.php(49): PDOStatement->execute(Array)
#1 {main}
  thrown in C:\xampp\htdocs\Sistema-CENTRAL-ERP\get_fluxo_contrato.php on line 49
[19-May-2025 20:43:41 Europe/Berlin] PHP Fatal error:  Uncaught PDOException: SQLSTATE[42S22]: Column not found: 1054 Unknown column 'contrato_titulo' in 'where clause' in C:\xampp\htdocs\Sistema-CENTRAL-ERP\get_fluxo_contrato.php:49
Stack trace:
#0 C:\xampp\htdocs\Sistema-CENTRAL-ERP\get_fluxo_contrato.php(49): PDOStatement->execute(Array)
#1 {main}
  thrown in C:\xampp\htdocs\Sistema-CENTRAL-ERP\get_fluxo_contrato.php on line 49
[19-May-2025 20:44:10 Europe/Berlin] PHP Fatal error:  Uncaught PDOException: SQLSTATE[42S22]: Column not found: 1054 Unknown column 'contrato_titulo' in 'where clause' in C:\xampp\htdocs\Sistema-CENTRAL-ERP\get_fluxo_contrato.php:49
Stack trace:
#0 C:\xampp\htdocs\Sistema-CENTRAL-ERP\get_fluxo_contrato.php(49): PDOStatement->execute(Array)
#1 {main}
  thrown in C:\xampp\htdocs\Sistema-CENTRAL-ERP\get_fluxo_contrato.php on line 49
[19-May-2025 20:44:24 Europe/Berlin] PHP Fatal error:  Uncaught PDOException: SQLSTATE[42S22]: Column not found: 1054 Unknown column 'contrato_titulo' in 'where clause' in C:\xampp\htdocs\Sistema-CENTRAL-ERP\get_fluxo_contrato.php:49
Stack trace:
#0 C:\xampp\htdocs\Sistema-CENTRAL-ERP\get_fluxo_contrato.php(49): PDOStatement->execute(Array)
#1 {main}
  thrown in C:\xampp\htdocs\Sistema-CENTRAL-ERP\get_fluxo_contrato.php on line 49
[19-May-2025 20:46:40 Europe/Berlin] PHP Fatal error:  Uncaught PDOException: SQLSTATE[42S22]: Column not found: 1054 Unknown column 'contrato_titulo' in 'where clause' in C:\xampp\htdocs\Sistema-CENTRAL-ERP\get_fluxo_contrato.php:49
Stack trace:
#0 C:\xampp\htdocs\Sistema-CENTRAL-ERP\get_fluxo_contrato.php(49): PDOStatement->execute(Array)
#1 {main}
  thrown in C:\xampp\htdocs\Sistema-CENTRAL-ERP\get_fluxo_contrato.php on line 49
[19-May-2025 20:50:05 Europe/Berlin] PHP Fatal error:  Uncaught PDOException: SQLSTATE[42S22]: Column not found: 1054 Unknown column 'contrato_titulo' in 'where clause' in C:\xampp\htdocs\Sistema-CENTRAL-ERP\get_fluxo_contrato.php:49
Stack trace:
#0 C:\xampp\htdocs\Sistema-CENTRAL-ERP\get_fluxo_contrato.php(49): PDOStatement->execute(Array)
#1 {main}
  thrown in C:\xampp\htdocs\Sistema-CENTRAL-ERP\get_fluxo_contrato.php on line 49
[19-May-2025 20:50:20 Europe/Berlin] PHP Fatal error:  Uncaught PDOException: SQLSTATE[42S22]: Column not found: 1054 Unknown column 'contrato_titulo' in 'where clause' in C:\xampp\htdocs\Sistema-CENTRAL-ERP\get_fluxo_contrato.php:49
Stack trace:
#0 C:\xampp\htdocs\Sistema-CENTRAL-ERP\get_fluxo_contrato.php(49): PDOStatement->execute(Array)
#1 {main}
  thrown in C:\xampp\htdocs\Sistema-CENTRAL-ERP\get_fluxo_contrato.php on line 49
[19-May-2025 20:50:48 Europe/Berlin] PHP Fatal error:  Uncaught PDOException: SQLSTATE[42S22]: Column not found: 1054 Unknown column 'contrato_titulo' in 'where clause' in C:\xampp\htdocs\Sistema-CENTRAL-ERP\get_fluxo_contrato.php:49
Stack trace:
#0 C:\xampp\htdocs\Sistema-CENTRAL-ERP\get_fluxo_contrato.php(49): PDOStatement->execute(Array)
#1 {main}
  thrown in C:\xampp\htdocs\Sistema-CENTRAL-ERP\get_fluxo_contrato.php on line 49
[19-May-2025 20:51:59 Europe/Berlin] PHP Fatal error:  Uncaught PDOException: SQLSTATE[42S22]: Column not found: 1054 Unknown column 'contrato_titulo' in 'where clause' in C:\xampp\htdocs\Sistema-CENTRAL-ERP\get_fluxo_contrato.php:49
Stack trace:
#0 C:\xampp\htdocs\Sistema-CENTRAL-ERP\get_fluxo_contrato.php(49): PDOStatement->execute(Array)
#1 {main}
  thrown in C:\xampp\htdocs\Sistema-CENTRAL-ERP\get_fluxo_contrato.php on line 49
[19-May-2025 20:52:45 Europe/Berlin] PHP Fatal error:  Uncaught PDOException: SQLSTATE[42S22]: Column not found: 1054 Unknown column 'contrato_titulo' in 'where clause' in C:\xampp\htdocs\Sistema-CENTRAL-ERP\get_fluxo_contrato.php:49
Stack trace:
#0 C:\xampp\htdocs\Sistema-CENTRAL-ERP\get_fluxo_contrato.php(49): PDOStatement->execute(Array)
#1 {main}
  thrown in C:\xampp\htdocs\Sistema-CENTRAL-ERP\get_fluxo_contrato.php on line 49
[19-May-2025 20:53:58 Europe/Berlin] PHP Fatal error:  Uncaught PDOException: SQLSTATE[42S22]: Column not found: 1054 Unknown column 'contrato_titulo' in 'where clause' in C:\xampp\htdocs\Sistema-CENTRAL-ERP\get_fluxo_contrato.php:49
Stack trace:
#0 C:\xampp\htdocs\Sistema-CENTRAL-ERP\get_fluxo_contrato.php(49): PDOStatement->execute(Array)
#1 {main}
  thrown in C:\xampp\htdocs\Sistema-CENTRAL-ERP\get_fluxo_contrato.php on line 49
[19-May-2025 20:55:57 Europe/Berlin] PHP Fatal error:  Uncaught PDOException: SQLSTATE[42S22]: Column not found: 1054 Unknown column 'contrato_titulo' in 'where clause' in C:\xampp\htdocs\Sistema-CENTRAL-ERP\get_fluxo_contrato.php:49
Stack trace:
#0 C:\xampp\htdocs\Sistema-CENTRAL-ERP\get_fluxo_contrato.php(49): PDOStatement->execute(Array)
#1 {main}
  thrown in C:\xampp\htdocs\Sistema-CENTRAL-ERP\get_fluxo_contrato.php on line 49
[19-May-2025 20:56:43 Europe/Berlin] PHP Fatal error:  Uncaught PDOException: SQLSTATE[42S22]: Column not found: 1054 Unknown column 'contrato_titulo' in 'where clause' in C:\xampp\htdocs\Sistema-CENTRAL-ERP\get_fluxo_contrato.php:49
Stack trace:
#0 C:\xampp\htdocs\Sistema-CENTRAL-ERP\get_fluxo_contrato.php(49): PDOStatement->execute(Array)
#1 {main}
  thrown in C:\xampp\htdocs\Sistema-CENTRAL-ERP\get_fluxo_contrato.php on line 49
[19-May-2025 20:59:33 Europe/Berlin] PHP Fatal error:  Uncaught PDOException: SQLSTATE[42S22]: Column not found: 1054 Unknown column 'contrato_titulo' in 'where clause' in C:\xampp\htdocs\Sistema-CENTRAL-ERP\get_fluxo_contrato.php:49
Stack trace:
#0 C:\xampp\htdocs\Sistema-CENTRAL-ERP\get_fluxo_contrato.php(49): PDOStatement->execute(Array)
#1 {main}
  thrown in C:\xampp\htdocs\Sistema-CENTRAL-ERP\get_fluxo_contrato.php on line 49
[19-May-2025 21:01:15 Europe/Berlin] PHP Fatal error:  Uncaught PDOException: SQLSTATE[42S22]: Column not found: 1054 Unknown column 'contrato_titulo' in 'where clause' in C:\xampp\htdocs\Sistema-CENTRAL-ERP\get_fluxo_contrato.php:49
Stack trace:
#0 C:\xampp\htdocs\Sistema-CENTRAL-ERP\get_fluxo_contrato.php(49): PDOStatement->execute(Array)
#1 {main}
  thrown in C:\xampp\htdocs\Sistema-CENTRAL-ERP\get_fluxo_contrato.php on line 49
