2025-05-13 20:08:41 - Erro: SQLSTATE[HY000] [1049] Unknown database 'central_erp'
2025-05-13 20:08:59 - Dados recebidos: 
2025-05-13 20:08:59 - Erro JSON: Syntax error
2025-05-13 20:09:05 - Dados recebidos: 
2025-05-13 20:09:05 - Erro JSON: Syntax error
2025-05-13 20:09:06 - Dados recebidos: 
2025-05-13 20:09:06 - Erro JSON: Syntax error
2025-05-13 20:09:07 - Dados recebidos: 
2025-05-13 20:09:07 - Erro JSON: Syntax error
2025-05-13 20:09:07 - Dados recebidos: 
2025-05-13 20:09:07 - Erro JSON: Syntax error
2025-05-13 20:09:07 - Dados recebidos: 
2025-05-13 20:09:07 - Erro JSON: Syntax error
2025-05-13 20:09:08 - Dados recebidos: 
2025-05-13 20:09:08 - Erro JSON: Syntax error
2025-05-13 20:09:28 - Dados recebidos: {"contrato_titulo":"Contrato de Locação de Equipamentos","mes":"05/2025","empenho":"sdf","tipo":null,"nota_empenho":null,"valor_contrato":800,"creditos_ativos":null,"fonte":"🔗 Fonte 1","SEI":"SEI-003/2023","nota_fiscal":null,"envio_pagamento":null,"vencimento_fatura":"2025-09-30","valor_liquidado":0,"valor_liquidado_ag":0,"ordem_bancaria":null,"agencia_bancaria":null,"data_atualizacao":null,"data_pagamento":"2025-05-13","fonte_adicional":"Fonte 1"}
2025-05-13 20:09:28 - Executando INSERT
2025-05-13 20:09:28 - Erro: SQLSTATE[42S22]: Column not found: 1054 Unknown column 'fonte_adicional' in 'field list'
2025-05-13 20:10:34 - Dados recebidos: {"contrato_titulo":"Contrato de Locação de Equipamentos","mes":"06/2025","empenho":"e","tipo":null,"nota_empenho":null,"valor_contrato":800,"creditos_ativos":null,"fonte":null,"SEI":"SEI-003/2023","nota_fiscal":null,"envio_pagamento":null,"vencimento_fatura":"2025-09-30","valor_liquidado":0,"valor_liquidado_ag":0,"ordem_bancaria":null,"agencia_bancaria":null,"data_atualizacao":null,"data_pagamento":"2025-05-13"}
2025-05-13 20:10:34 - Executando INSERT
2025-05-13 20:10:34 - Erro: SQLSTATE[42S22]: Column not found: 1054 Unknown column 'fonte_adicional' in 'field list'
2025-05-13 20:15:43 - Dados recebidos: {"contrato_titulo":"Contrato de Locação de Equipamentos","mes":"06/2025","empenho":"e","tipo":null,"nota_empenho":null,"valor_contrato":800,"creditos_ativos":null,"fonte":null,"SEI":"SEI-003/2023","nota_fiscal":null,"envio_pagamento":null,"vencimento_fatura":"2025-09-30","valor_liquidado":0,"valor_liquidado_ag":0,"ordem_bancaria":null,"agencia_bancaria":null,"data_atualizacao":null,"data_pagamento":"2025-05-13"}
2025-05-13 20:15:43 - Executando INSERT
2025-05-13 20:15:43 - Erro: SQLSTATE[42S22]: Column not found: 1054 Unknown column 'fonte_adicional' in 'field list'
2025-05-13 20:16:38 - Dados recebidos: {"contrato_titulo":"Contrato de Locação de Equipamentos","mes":"06/2025","empenho":"e","tipo":null,"nota_empenho":null,"valor_contrato":800,"creditos_ativos":null,"fonte":null,"SEI":"SEI-003/2023","nota_fiscal":null,"envio_pagamento":null,"vencimento_fatura":"2025-09-30","valor_liquidado":0,"valor_liquidado_ag":0,"ordem_bancaria":null,"agencia_bancaria":null,"data_atualizacao":null,"data_pagamento":"2025-05-13"}
2025-05-13 20:16:38 - Executando INSERT
2025-05-13 20:16:45 - Dados recebidos: {"contrato_titulo":"Contrato de Locação de Equipamentos","mes":"06/2025","empenho":"e","tipo":null,"nota_empenho":null,"valor_contrato":800,"creditos_ativos":null,"fonte":"Fonte 1","SEI":"SEI-003/2023","nota_fiscal":null,"envio_pagamento":null,"vencimento_fatura":"2025-09-30","valor_liquidado":0,"valor_liquidado_ag":0,"ordem_bancaria":null,"agencia_bancaria":null,"data_atualizacao":null,"data_pagamento":"2025-05-13","fonte_adicional":"Fonte 1"}
2025-05-13 20:16:45 - Executando INSERT
2025-05-13 20:16:55 - Dados recebidos: {"contrato_titulo":"Contrato de Locação de Equipamentos","mes":"06/2025","empenho":"eqw","tipo":null,"nota_empenho":null,"valor_contrato":800,"creditos_ativos":null,"fonte":null,"SEI":"SEI-003/2023","nota_fiscal":null,"envio_pagamento":null,"vencimento_fatura":"2025-09-30","valor_liquidado":0,"valor_liquidado_ag":0,"ordem_bancaria":null,"agencia_bancaria":null,"data_atualizacao":null,"data_pagamento":"2025-05-13","id":69}
2025-05-13 20:16:55 - Executando UPDATE para id: 69
2025-05-13 20:17:35 - Dados recebidos: {"contrato_titulo":"Contrato de Locação de Equipamentos","mes":"05/2025","empenho":"w","tipo":null,"nota_empenho":null,"valor_contrato":800,"creditos_ativos":null,"fonte":null,"SEI":"SEI-003/2023","nota_fiscal":null,"envio_pagamento":null,"vencimento_fatura":"2025-09-30","valor_liquidado":0,"valor_liquidado_ag":0,"ordem_bancaria":null,"agencia_bancaria":null,"data_atualizacao":null,"data_pagamento":"2025-05-13"}
2025-05-13 20:17:35 - Executando INSERT
2025-05-14 14:49:34 - Dados recebidos: {"contrato_titulo":"CONTRATO DE MANUTENÇÃO BONDE","mes":"05/2025","empenho":"sdf","tipo":"asf","nota_empenho":"sdf","valor_contrato":101666.67,"creditos_ativos":"asdf","fonte":"100","SEI":"20231600/889345","nota_fiscal":"sdf","envio_pagamento":"sdf","vencimento_fatura":"2029-05-14","valor_liquidado":15105,"valor_liquidado_ag":510,"ordem_bancaria":"256ko51","data_atualizacao":"2025-05-14","data_pagamento":"2025-05-14"}
2025-05-14 14:49:34 - Executando INSERT
2025-05-14 14:51:20 - Dados recebidos: {"contrato_titulo":"CONTRATO DE MANUTENÇÃO BONDE","mes":"05/2025","empenho":"e","tipo":null,"nota_empenho":null,"valor_contrato":6250,"creditos_ativos":null,"fonte":"sert","SEI":"ert","nota_fiscal":null,"envio_pagamento":null,"vencimento_fatura":"2029-12-14","valor_liquidado":0,"valor_liquidado_ag":0,"ordem_bancaria":null,"data_atualizacao":null,"data_pagamento":"2025-05-14"}
2025-05-14 14:51:20 - Executando INSERT
2025-05-14 14:53:01 - Dados recebidos: {"contrato_titulo":"CONTRATO DE MANUTENÇÃO BONDE","mes":"05/2025","empenho":"w","tipo":null,"nota_empenho":null,"valor_contrato":101666.67,"creditos_ativos":null,"fonte":"100","SEI":"20231600/889345","nota_fiscal":null,"envio_pagamento":null,"vencimento_fatura":"2029-05-14","valor_liquidado":0,"valor_liquidado_ag":0,"ordem_bancaria":null,"agencia_bancaria":"5542-4","data_atualizacao":null,"data_pagamento":"2025-05-14"}
2025-05-14 14:53:01 - Executando INSERT
2025-05-14 14:56:09 - Dados recebidos: 
2025-05-14 14:56:09 - Erro JSON: Syntax error - JSON bruto: 
2025-05-14 14:56:21 - Dados recebidos: {"contrato_titulo":"CONTRATO DE MANUTENÇÃO BONDE","mes":"05/2025","empenho":"4","tipo":null,"nota_empenho":null,"valor_contrato":101666.67,"creditos_ativos":null,"fonte":"100","SEI":"20231600/889345","nota_fiscal":null,"envio_pagamento":null,"vencimento_fatura":"2029-05-14","valor_liquidado":0,"valor_liquidado_ag":0,"ordem_bancaria":null,"agencia_bancaria":"5542-4","data_atualizacao":null,"data_pagamento":"2025-05-14"}
2025-05-14 14:56:21 - Executando INSERT
2025-05-14 14:56:28 - Dados recebidos: {"contrato_titulo":"CONTRATO DE MANUTENÇÃO BONDE","mes":"06/2025","empenho":"4","tipo":null,"nota_empenho":null,"valor_contrato":0,"creditos_ativos":null,"fonte":null,"SEI":null,"nota_fiscal":null,"envio_pagamento":null,"vencimento_fatura":null,"valor_liquidado":0,"valor_liquidado_ag":0,"ordem_bancaria":null,"agencia_bancaria":null,"data_atualizacao":null,"data_pagamento":"2025-05-14"}
2025-05-14 14:56:28 - Executando INSERT
2025-05-14 15:00:12 - Dados recebidos: 
2025-05-14 15:00:12 - Erro JSON: Syntax error - JSON bruto: 
2025-05-14 15:14:02 - Dados recebidos: {"contrato_titulo":"CONTRATO DE MANUTENÇÃO BONDE","mes":"05/2025","empenho":"w","tipo":null,"nota_empenho":null,"valor_contrato":101666.67,"creditos_ativos":null,"fonte":"100","SEI":"20231600/889345","nota_fiscal":null,"envio_pagamento":null,"vencimento_fatura":"2029-05-14","valor_liquidado":0,"valor_liquidado_ag":0,"ordem_bancaria":null,"agencia_bancaria":"5542-4","data_atualizacao":null,"data_pagamento":"2025-05-14"}
2025-05-14 15:14:02 - Executando INSERT
2025-05-14 15:46:43 - Dados recebidos: {"contrato_titulo":"CONTRATO DE MANUTENÇÃO BONDE","mes":"06/2025","empenho":"ASD","tipo":null,"nota_empenho":null,"valor_contrato":101666.67,"creditos_ativos":null,"fonte":"100","SEI":"20231600/889345","nota_fiscal":null,"envio_pagamento":null,"vencimento_fatura":"2029-05-14","valor_liquidado":0,"valor_liquidado_ag":0,"ordem_bancaria":null,"agencia_bancaria":"5542-4","data_atualizacao":null,"data_pagamento":"2025-05-14"}
2025-05-14 15:46:43 - Executando INSERT
2025-05-14 15:51:04 - Dados recebidos: {"contrato_titulo":"CONTRATO DE MANUTENÇÃO BONDE","mes":"05/2025","empenho":"7","tipo":null,"nota_empenho":null,"valor_contrato":101666.67,"creditos_ativos":null,"fonte":"100","SEI":"20231600/889345","nota_fiscal":null,"envio_pagamento":null,"vencimento_fatura":"2029-05-14","valor_liquidado":0,"valor_liquidado_ag":0,"ordem_bancaria":null,"agencia_bancaria":"5542-4","data_atualizacao":null,"data_pagamento":"2025-05-14"}
2025-05-14 15:51:04 - Executando INSERT
2025-05-14 15:54:20 - Dados recebidos: {"contrato_titulo":"CONTRATO DE MANUTENÇÃO BONDE","mes":"05/2025","empenho":"2","tipo":null,"nota_empenho":null,"valor_contrato":101666.67,"creditos_ativos":null,"fonte":"100","SEI":"20231600/889345","nota_fiscal":null,"envio_pagamento":null,"vencimento_fatura":"2029-05-14","valor_liquidado":0,"valor_liquidado_ag":0,"ordem_bancaria":null,"agencia_bancaria":"5542-4","data_atualizacao":null,"data_pagamento":"2025-05-14"}
2025-05-14 15:54:20 - Executando INSERT
2025-05-14 16:14:26 - Dados recebidos: {"contrato_titulo":"CONTRATO DE MANUTENÇÃO BONDE","mes":"02/2026","empenho":"E","tipo":null,"nota_empenho":null,"valor_contrato":101666.67,"creditos_ativos":null,"fonte":"100","SEI":"20231600/889345","nota_fiscal":null,"envio_pagamento":null,"vencimento_fatura":"2029-05-14","valor_liquidado":0,"valor_liquidado_ag":0,"ordem_bancaria":null,"agencia_bancaria":"5542-4","data_atualizacao":null,"data_pagamento":"2025-05-14"}
2025-05-14 16:14:26 - Executando INSERT
2025-05-14 16:15:16 - Dados recebidos: {"contrato_titulo":"GREEN CARD S/A REFEIÇÕES, COMÉRCIO E SERVIÇOS","mes":"05/2025","empenho":"3","tipo":null,"nota_empenho":null,"valor_contrato":432264000,"creditos_ativos":null,"fonte":null,"SEI":"100006/001752/2023","nota_fiscal":null,"envio_pagamento":null,"vencimento_fatura":"2025-12-19","valor_liquidado":0,"valor_liquidado_ag":0,"ordem_bancaria":null,"agencia_bancaria":"2430-6","data_atualizacao":null,"data_pagamento":"2025-05-14"}
2025-05-14 16:15:16 - Executando INSERT
2025-05-14 16:16:14 - Dados recebidos: {"contrato_titulo":"CONTRATO DE MANUTENÇÃO BONDE","mes":"06/2025","empenho":"G","tipo":null,"nota_empenho":null,"valor_contrato":101666.67,"creditos_ativos":null,"fonte":"100","SEI":"20231600/889345","nota_fiscal":null,"envio_pagamento":null,"vencimento_fatura":"2029-05-14","valor_liquidado":0,"valor_liquidado_ag":0,"ordem_bancaria":null,"agencia_bancaria":"5542-4","data_atualizacao":null,"data_pagamento":"2025-05-14"}
2025-05-14 16:16:14 - Executando INSERT
2025-05-14 16:17:10 - Dados recebidos: {"contrato_titulo":"CONTRATO DE MANUTENÇÃO BONDE","mes":"03/2026","empenho":"G","tipo":null,"nota_empenho":null,"valor_contrato":101666.67,"creditos_ativos":null,"fonte":null,"SEI":null,"nota_fiscal":null,"envio_pagamento":null,"vencimento_fatura":null,"valor_liquidado":0,"valor_liquidado_ag":0,"ordem_bancaria":null,"agencia_bancaria":null,"data_atualizacao":null,"data_pagamento":"2025-05-14"}
2025-05-14 16:17:10 - Executando INSERT
2025-05-14 16:17:35 - Dados recebidos: {"contrato_titulo":"CONTRATO DE MANUTENÇÃO BONDE","mes":"03/2026","empenho":"\\","tipo":null,"nota_empenho":null,"valor_contrato":101666.67,"creditos_ativos":null,"fonte":null,"SEI":null,"nota_fiscal":null,"envio_pagamento":null,"vencimento_fatura":null,"valor_liquidado":0,"valor_liquidado_ag":0,"ordem_bancaria":null,"agencia_bancaria":null,"data_atualizacao":null,"data_pagamento":"2025-05-14"}
2025-05-14 16:17:35 - Executando INSERT
2025-05-15 18:33:40 - Dados recebidos: {"contrato_titulo":"CONTRATO DE MANUTENÇÃO BONDE","mes":"06/2025","empenho":"G","tipo":null,"nota_empenho":null,"valor_contrato":101666.67,"creditos_ativos":null,"fonte":null,"SEI":"20231600/889345","nota_fiscal":null,"envio_pagamento":null,"vencimento_fatura":"2029-05-14","valor_liquidado":0,"valor_liquidado_ag":540,"ordem_bancaria":null,"agencia_bancaria":null,"data_atualizacao":null,"data_pagamento":"2025-05-14","id":83}
2025-05-15 18:33:40 - Executando UPDATE para id: 83
2025-05-15 18:34:17 - Dados recebidos: {"contrato_titulo":"CONTRATO DE MANUTENÇÃO BONDE","mes":"06/2025","empenho":"G","tipo":null,"nota_empenho":null,"valor_contrato":101666.67,"creditos_ativos":null,"fonte":null,"SEI":"20231600/889345","nota_fiscal":null,"envio_pagamento":null,"vencimento_fatura":"2029-05-14","valor_liquidado":540,"valor_liquidado_ag":0,"ordem_bancaria":null,"agencia_bancaria":null,"data_atualizacao":null,"data_pagamento":"2025-05-14","id":83}
2025-05-15 18:34:17 - Executando UPDATE para id: 83
2025-05-15 18:35:22 - Dados recebidos: {"contrato_titulo":"GREEN CARD S/A REFEIÇÕES, COMÉRCIO E SERVIÇOS","mes":"05/2025","empenho":"3","tipo":null,"nota_empenho":null,"valor_contrato":432264000,"creditos_ativos":null,"fonte":null,"SEI":"100006/001752/2023","nota_fiscal":null,"envio_pagamento":null,"vencimento_fatura":"2025-12-19","valor_liquidado":432264000,"valor_liquidado_ag":0,"ordem_bancaria":null,"agencia_bancaria":null,"data_atualizacao":null,"data_pagamento":"2025-05-14","id":82}
2025-05-15 18:35:22 - Executando UPDATE para id: 82
2025-05-15 18:36:13 - Dados recebidos: {"contrato_titulo":"GREEN CARD S/A REFEIÇÕES, COMÉRCIO E SERVIÇOS","mes":"05/2025","empenho":"3","tipo":null,"nota_empenho":null,"valor_contrato":432264000,"creditos_ativos":null,"fonte":null,"SEI":"100006/001752/2023","nota_fiscal":null,"envio_pagamento":null,"vencimento_fatura":"2025-12-19","valor_liquidado":432264000,"valor_liquidado_ag":0,"ordem_bancaria":null,"agencia_bancaria":null,"data_atualizacao":null,"data_pagamento":"2025-05-14","id":82}
2025-05-15 18:36:13 - Executando UPDATE para id: 82
2025-05-15 19:00:23 - Dados recebidos: {"contrato_titulo":"Contrato de Locação de Equipamentos","mes":"05/2025","empenho":"v","tipo":null,"nota_empenho":null,"valor_contrato":1600,"creditos_ativos":null,"fonte":null,"SEI":"SEI-003/2023","nota_fiscal":null,"envio_pagamento":null,"vencimento_fatura":"2025-09-30","valor_liquidado":0,"valor_liquidado_ag":0,"ordem_bancaria":null,"agencia_bancaria":null,"data_atualizacao":null,"data_pagamento":"2025-05-15"}
2025-05-15 19:00:23 - Executando INSERT
2025-05-15 19:08:32 - Dados recebidos: {"contrato_titulo":"teste de prestacao","mes":"05/2025","empenho":"234","tipo":"wer","nota_empenho":"wer","valor_contrato":500000,"creditos_ativos":"500000,00","fonte":"100","SEI":"20231600/889345","nota_fiscal":"qwe","envio_pagamento":"10/05/2025","vencimento_fatura":"2025-05-17","valor_liquidado":500000,"valor_liquidado_ag":500000,"ordem_bancaria":"105s","agencia_bancaria":"5542-4","data_atualizacao":null,"data_pagamento":"2025-05-15"}
2025-05-15 19:08:32 - Executando INSERT
2025-05-15 20:09:27 - Dados recebidos: {"contrato_titulo":"teste de prestacao","mes":"06/2025","empenho":"234","tipo":null,"nota_empenho":null,"valor_contrato":19230.77,"creditos_ativos":null,"fonte":"100","SEI":"20231600/889345","nota_fiscal":null,"envio_pagamento":null,"vencimento_fatura":"2027-06-15","valor_liquidado":5640,"valor_liquidado_ag":0,"ordem_bancaria":null,"agencia_bancaria":"5542-4","data_atualizacao":null,"data_pagamento":"2025-05-15"}
2025-05-15 20:09:27 - Executando INSERT
2025-05-19 15:00:13 - Dados recebidos: {"contrato_titulo":"Contrato de Consultoria TIwsd","mes":"05/2025","empenho":"5","tipo":"6","nota_empenho":"51","valor_contrato":10000,"creditos_ativos":"02","fonte":"100","SEI":"20231600/889","nota_fiscal":"2","envio_pagamento":"30/05/2025","vencimento_fatura":"2025-05-31","valor_liquidado":620,"valor_liquidado_ag":510,"ordem_bancaria":"10153050","data_atualizacao":"2025-05-19","data_pagamento":"2025-05-19"}
2025-05-19 15:00:13 - Executando INSERT
2025-05-19 15:02:27 - Dados recebidos: {"contrato_titulo":"Contrato teste de nova atualização","mes":"05/2025","empenho":"2334","tipo":"100","nota_empenho":"te10","valor_contrato":1440880,"creditos_ativos":"10e","fonte":"100","SEI":"101","nota_fiscal":"10e","envio_pagamento":"10/06/2025","vencimento_fatura":"2025-05-31","valor_liquidado":1061,"valor_liquidado_ag":1601,"ordem_bancaria":"160","data_atualizacao":"2025-05-19","data_pagamento":"2025-05-19"}
2025-05-19 15:02:27 - Executando INSERT
2025-05-19 19:42:48 - Dados recebidos: {"contrato_titulo":"andamento do contrato","mes":"05/2025","empenho":"teste andamento","tipo":"150","nota_empenho":"500.000,00","valor_contrato":500000,"creditos_ativos":"500.000,00","fonte":"100","SEI":"889/2025","nota_fiscal":"500.000,00","envio_pagamento":"15042025","vencimento_fatura":"2026-04-14","valor_liquidado":500,"valor_liquidado_ag":500,"ordem_bancaria":"15023","data_atualizacao":"2025-05-19","data_pagamento":"2025-05-19"}
2025-05-19 19:42:48 - Executando INSERT
2025-05-19 19:47:59 - Dados recebidos: {"contrato_titulo":"andamento 2","mes":"05/2025","empenho":"500.000,00","tipo":"100","nota_empenho":"500.000,00","valor_contrato":41666.67,"creditos_ativos":"150","fonte":"100","SEI":"20231600/889","nota_fiscal":"500.000,00","envio_pagamento":"500.000,00","vencimento_fatura":"2025-06-14","valor_liquidado":50000000,"valor_liquidado_ag":50000000,"ordem_bancaria":"15w50","data_atualizacao":"2025-05-19","data_pagamento":"2025-05-19"}
2025-05-19 19:47:59 - Executando INSERT
2025-05-19 19:48:31 - Dados recebidos: {"contrato_titulo":"andamento 2","mes":"06/2025","empenho":"500.000,00","tipo":"23","nota_empenho":null,"valor_contrato":41666.67,"creditos_ativos":null,"fonte":"100","SEI":"20231600/889","nota_fiscal":null,"envio_pagamento":null,"vencimento_fatura":"2025-06-14","valor_liquidado":0,"valor_liquidado_ag":0,"ordem_bancaria":null,"data_atualizacao":null,"data_pagamento":"2025-05-19"}
2025-05-19 19:48:31 - Executando INSERT
2025-05-20 19:25:47 - Dados recebidos: {"contrato_titulo":"andamento 2","mes":"07/2025","empenho":"50000000","tipo":"42","nota_empenho":"50000000","valor_contrato":41666.67,"creditos_ativos":"150","fonte":"100","SEI":"20231600/889","nota_fiscal":"520000000","envio_pagamento":"0000000000","vencimento_fatura":"2025-06-14","valor_liquidado":5000000000,"valor_liquidado_ag":0.03,"ordem_bancaria":"25","data_atualizacao":"2025-05-20","data_pagamento":"2025-05-20"}
2025-05-20 19:25:47 - Executando INSERT
2025-05-20 20:27:20 - Dados recebidos: {"contrato_titulo":"Contrato teste de nova atualização","mes":"05/2025","empenho":"2334","tipo":"100","nota_empenho":"te10","valor_contrato":1440880,"creditos_ativos":"10e","fonte":"Fonte 1","SEI":"101","nota_fiscal":"10e","envio_pagamento":"0000-00-00","vencimento_fatura":"2025-05-31","valor_liquidado":1061,"valor_liquidado_ag":1601,"ordem_bancaria":"160","data_atualizacao":"2025-05-19","data_pagamento":"2025-05-19","fonte_adicional":"Fonte 1"}
2025-05-20 20:27:20 - Executando INSERT
2025-05-20 20:27:56 - Dados recebidos: {"contrato_titulo":"Contrato teste de nova atualização","mes":"05/2025","empenho":"2334","tipo":"100","nota_empenho":"te10","valor_contrato":1440880,"creditos_ativos":"10e","fonte":"Fonte 1","SEI":"101","nota_fiscal":"10e","envio_pagamento":"0000-00-00","vencimento_fatura":"2025-05-31","valor_liquidado":1061,"valor_liquidado_ag":1601,"ordem_bancaria":"160","data_atualizacao":"2025-05-19","data_pagamento":"2025-05-19","fonte_adicional":"Fonte 1"}
2025-05-20 20:27:56 - Executando INSERT
2025-05-20 20:59:12 - Dados recebidos: {"contrato_titulo":"andamento 2","mes":"05/2025","empenho":"500.000,00","tipo":"100","nota_empenho":"500.000,00","valor_contrato":41666.67,"creditos_ativos":"150","fonte":"Fonte 1","SEI":"20231600/889","nota_fiscal":"500.000,00","envio_pagamento":"0000-00-00","vencimento_fatura":"2025-06-14","valor_liquidado":50000000,"valor_liquidado_ag":50000000,"ordem_bancaria":"15w50","data_atualizacao":"2025-05-19","data_pagamento":"2025-05-19","fonte_adicional":"Fonte 1"}
2025-05-20 20:59:12 - Executando INSERT
2025-05-20 20:59:37 - Dados recebidos: {"contrato_titulo":"andamento 2","mes":"05/2025","empenho":"500.000,00","tipo":"100","nota_empenho":"500.000,00","valor_contrato":41666.67,"creditos_ativos":"150","fonte":"Fonte 1","SEI":"20231600/889","nota_fiscal":"500.000,00","envio_pagamento":"0000-00-00","vencimento_fatura":"2025-06-14","valor_liquidado":50000000,"valor_liquidado_ag":50000000,"ordem_bancaria":"15w50","data_atualizacao":"2025-05-19","data_pagamento":"2025-05-19","fonte_adicional":"Fonte 1"}
2025-05-20 20:59:37 - Executando INSERT
2025-05-20 21:00:11 - Dados recebidos: {"contrato_titulo":"andamento 2","mes":"05/2025","empenho":"500.000,00","tipo":"100","nota_empenho":"500.000,00","valor_contrato":41666.67,"creditos_ativos":"150","fonte":"Fonte 1","SEI":"20231600/889","nota_fiscal":"500.000,00","envio_pagamento":"0000-00-00","vencimento_fatura":"2025-06-14","valor_liquidado":50000000,"valor_liquidado_ag":50000000,"ordem_bancaria":"15w50","data_atualizacao":"2025-05-19","data_pagamento":"2025-05-19","fonte_adicional":"Fonte 1"}
2025-05-20 21:00:11 - Executando INSERT
2025-05-20 21:00:49 - Dados recebidos: {"contrato_titulo":"andamento 2","mes":"05/2025","empenho":"500.000,00","tipo":"100","nota_empenho":"500.000,00","valor_contrato":41666.67,"creditos_ativos":"150","fonte":"Fonte 1","SEI":"20231600/889","nota_fiscal":"500.000,00","envio_pagamento":"0000-00-00","vencimento_fatura":"2025-06-14","valor_liquidado":50000000,"valor_liquidado_ag":50000000,"ordem_bancaria":"15w50","data_atualizacao":"2025-05-19","data_pagamento":"2025-05-19","fonte_adicional":"Fonte 1"}
2025-05-20 21:00:49 - Executando INSERT
2025-05-20 21:01:39 - Dados recebidos: {"contrato_titulo":"andamento 2","mes":"05/2025","empenho":"500.000,00","tipo":"100","nota_empenho":"500.000,00","valor_contrato":41666.67,"creditos_ativos":"150","fonte":"Fonte 1","SEI":"20231600/889","nota_fiscal":"500.000,00","envio_pagamento":"0000-00-00","vencimento_fatura":"2025-06-14","valor_liquidado":50000000,"valor_liquidado_ag":50000000,"ordem_bancaria":"15w50","data_atualizacao":"2025-05-19","data_pagamento":"2025-05-19","fonte_adicional":"Fonte 1"}
2025-05-20 21:01:39 - Executando INSERT
2025-05-20 21:02:18 - Dados recebidos: {"contrato_titulo":"andamento 2","mes":"05/2025","empenho":"500.000,00","tipo":"100","nota_empenho":"500.000,00","valor_contrato":41666.67,"creditos_ativos":"150","fonte":"Fonte 1","SEI":"20231600/889","nota_fiscal":"500.000,00","envio_pagamento":"0000-00-00","vencimento_fatura":"2025-06-14","valor_liquidado":50000000,"valor_liquidado_ag":50000000,"ordem_bancaria":"15w50","data_atualizacao":"2025-05-19","data_pagamento":"2025-05-19","fonte_adicional":"Fonte 1"}
2025-05-20 21:02:18 - Executando INSERT
2025-05-20 21:08:10 - Dados recebidos: {"contrato_titulo":"GATO NET","mes":"05/2025","empenho":"4000","tipo":"f1","nota_empenho":"45646456456","valor_contrato":625000000,"creditos_ativos":"4564564564","fonte":"INSS","SEI":"1223456789","nota_fiscal":"55645664","envio_pagamento":"400000","vencimento_fatura":"2025-09-25","valor_liquidado":0.36,"valor_liquidado_ag":0.18,"ordem_bancaria":"ok","data_atualizacao":"2025-05-14","data_pagamento":"2025-05-20"}
2025-05-20 21:08:10 - Executando INSERT
2025-05-20 21:53:03 - Dados recebidos: {"contrato_titulo":"andamento do contrato","mes":"05/2025","empenho":"teste andamento","tipo":"150","nota_empenho":"500.000,00","valor_contrato":500000,"creditos_ativos":"500.000,00","fonte":null,"SEI":"889/2025","nota_fiscal":"500.000,00","envio_pagamento":"0000-00-00","vencimento_fatura":"2026-04-14","valor_liquidado":500,"valor_liquidado_ag":500,"ordem_bancaria":"15023","data_atualizacao":"2025-05-19","data_pagamento":"2025-05-19","id":91}
2025-05-20 21:53:03 - Executando UPDATE para id: 91
2025-05-21 14:20:44 - Dados recebidos: {"contrato_titulo":"Contrato teste de nova atualização","mes":"05/2025","empenho":"2334","tipo":"100","nota_empenho":"te10","valor_contrato":1440880,"creditos_ativos":"10e","fonte":"Fonte 1","SEI":"101","nota_fiscal":"10e","envio_pagamento":"0000-00-00","vencimento_fatura":"2025-05-31","valor_liquidado":1061,"valor_liquidado_ag":1601,"ordem_bancaria":"160","data_atualizacao":"2025-05-19","data_pagamento":"2025-05-19","fonte_adicional":"Fonte 1"}
2025-05-21 14:20:44 - Executando INSERT
2025-05-21 14:25:54 - Dados recebidos: {"contrato_titulo":"Contrato teste de nova atualização","mes":"05/2025","empenho":"2334","tipo":"100","nota_empenho":"te10","valor_contrato":1440880,"creditos_ativos":"10e","fonte":"Fonte 1","SEI":"101","nota_fiscal":"10e","envio_pagamento":"0000-00-00","vencimento_fatura":"2025-05-31","valor_liquidado":1061,"valor_liquidado_ag":1601,"ordem_bancaria":"160","data_atualizacao":"2025-05-19","data_pagamento":"2025-05-19","fonte_adicional":"Fonte 1"}
2025-05-21 14:25:54 - Executando INSERT
2025-05-21 14:26:28 - Dados recebidos: {"contrato_titulo":"Contrato teste de nova atualização","mes":"05/2025","empenho":"2334","tipo":"100","nota_empenho":"te10","valor_contrato":1440880,"creditos_ativos":"10e","fonte":"Fonte 1","SEI":"101","nota_fiscal":"10e","envio_pagamento":"0000-00-00","vencimento_fatura":"2025-05-31","valor_liquidado":1061,"valor_liquidado_ag":1601,"ordem_bancaria":"160","data_atualizacao":"2025-05-19","data_pagamento":"2025-05-19","fonte_adicional":"Fonte 1"}
2025-05-21 14:26:28 - Executando INSERT
2025-05-21 15:00:07 - Dados recebidos: {"contrato_titulo":"Contrato teste de nova atualização","mes":"01/2027","empenho":"5000","tipo":"5","nota_empenho":"5000","valor_contrato":166255.38,"creditos_ativos":"500","fonte":"100","SEI":"100006/001752/2023","nota_fiscal":"5000","envio_pagamento":"5000","vencimento_fatura":"2027-06-08","valor_liquidado":500,"valor_liquidado_ag":5000,"ordem_bancaria":"5000","data_atualizacao":null,"data_pagamento":"2025-05-21"}
2025-05-21 15:00:07 - Executando INSERT
2025-05-21 15:05:16 - Dados recebidos: {"contrato_titulo":"Contrato teste de nova atualização","mes":"05/2025","empenho":"2334","tipo":"100","nota_empenho":"te10","valor_contrato":1440880,"creditos_ativos":"10e","fonte":"Fonte 1","SEI":"101","nota_fiscal":"10e","envio_pagamento":"0000-00-00","vencimento_fatura":"2025-05-31","valor_liquidado":1061,"valor_liquidado_ag":1601,"ordem_bancaria":"160","data_atualizacao":"2025-05-19","data_pagamento":"2025-05-19","fonte_adicional":"Fonte 1"}
2025-05-21 15:05:16 - Executando INSERT
2025-05-21 15:06:28 - Dados recebidos: {"contrato_titulo":"Contrato teste de nova atualização","mes":"05/2025","empenho":"2334","tipo":"100","nota_empenho":"te10","valor_contrato":1440880,"creditos_ativos":"10e","fonte":"Fonte 1","SEI":"101","nota_fiscal":"10e","envio_pagamento":"0000-00-00","vencimento_fatura":"2025-05-31","valor_liquidado":1061,"valor_liquidado_ag":1601,"ordem_bancaria":"160","data_atualizacao":"2025-05-19","data_pagamento":"2025-05-19","fonte_adicional":"Fonte 1"}
2025-05-21 15:06:28 - Executando INSERT
2025-05-21 15:10:00 - Dados recebidos: {"contrato_titulo":"Contrato teste de nova atualização","mes":"05/2025","empenho":"2334","tipo":"100","nota_empenho":"te10","valor_contrato":1440880,"creditos_ativos":"10e","fonte":"Fonte 1","SEI":"101","nota_fiscal":"10e","envio_pagamento":"0000-00-00","vencimento_fatura":"2025-05-31","valor_liquidado":1061,"valor_liquidado_ag":1601,"ordem_bancaria":"160","data_atualizacao":"2025-05-19","data_pagamento":"2025-05-19","fonte_adicional":"Fonte 1"}
2025-05-21 15:10:00 - Executando INSERT
2025-05-21 15:10:27 - Dados recebidos: {"contrato_titulo":"Contrato teste de nova atualização","mes":"05/2025","empenho":"2334","tipo":"100","nota_empenho":"te10","valor_contrato":1440880,"creditos_ativos":"10e","fonte":"Fonte 1","SEI":"101","nota_fiscal":"10e","envio_pagamento":"0000-00-00","vencimento_fatura":"2025-05-31","valor_liquidado":1061,"valor_liquidado_ag":1601,"ordem_bancaria":"160","data_atualizacao":"2025-05-19","data_pagamento":"2025-05-19","fonte_adicional":"Fonte 1"}
2025-05-21 15:10:27 - Executando INSERT
2025-05-21 15:12:14 - Dados recebidos: {"contrato_titulo":"Contrato teste de nova atualização","mes":"05/2025","empenho":"2334","tipo":"100","nota_empenho":"te10","valor_contrato":1440880,"creditos_ativos":"10e","fonte":"Fonte 1","SEI":"101","nota_fiscal":"10e","envio_pagamento":"0000-00-00","vencimento_fatura":"2025-05-31","valor_liquidado":1061,"valor_liquidado_ag":1601,"ordem_bancaria":"160","data_atualizacao":"2025-05-19","data_pagamento":"2025-05-19","fonte_adicional":"Fonte 1"}
2025-05-21 15:12:14 - Executando INSERT
2025-05-21 15:12:47 - Dados recebidos: {"contrato_titulo":"Contrato teste de nova atualização","mes":"01/2027","empenho":"5000","tipo":"5","nota_empenho":"5000","valor_contrato":166255.38,"creditos_ativos":"500","fonte":"Fonte 1","SEI":"100006/001752/2023","nota_fiscal":"5000","envio_pagamento":"0000-00-00","vencimento_fatura":"2027-06-08","valor_liquidado":500,"valor_liquidado_ag":5000,"ordem_bancaria":"5000","data_atualizacao":null,"data_pagamento":"2025-05-21","fonte_adicional":"Fonte 1"}
2025-05-21 15:12:47 - Executando INSERT
2025-05-21 15:14:23 - Dados recebidos: {"contrato_titulo":"Contrato teste de nova atualização","mes":"05/2025","empenho":"2334","tipo":"100","nota_empenho":"te10","valor_contrato":1440880,"creditos_ativos":"10e","fonte":"Fonte 1","SEI":"101","nota_fiscal":"10e","envio_pagamento":"0000-00-00","vencimento_fatura":"2025-05-31","valor_liquidado":1061,"valor_liquidado_ag":1601,"ordem_bancaria":"160","data_atualizacao":"2025-05-19","data_pagamento":"2025-05-19","fonte_adicional":"Fonte 1"}
2025-05-21 15:14:23 - Executando INSERT
2025-05-21 15:15:13 - Dados recebidos: {"contrato_titulo":"Contrato de Consultoria TI","mes":"03/2024","empenho":"2000","tipo":null,"nota_empenho":null,"valor_contrato":2000,"creditos_ativos":null,"fonte":null,"SEI":"SEI-002/2024","nota_fiscal":null,"envio_pagamento":null,"vencimento_fatura":"2024-08-31","valor_liquidado":0,"valor_liquidado_ag":0,"ordem_bancaria":null,"data_atualizacao":null,"data_pagamento":"2025-05-21"}
2025-05-21 15:15:13 - Executando INSERT
2025-05-21 15:15:21 - Dados recebidos: {"contrato_titulo":"Contrato de Consultoria TI","mes":"03/2024","empenho":"2000","tipo":null,"nota_empenho":null,"valor_contrato":2000,"creditos_ativos":null,"fonte":"Fonte 1","SEI":"SEI-002/2024","nota_fiscal":null,"envio_pagamento":null,"vencimento_fatura":"2024-08-31","valor_liquidado":0,"valor_liquidado_ag":0,"ordem_bancaria":null,"data_atualizacao":null,"data_pagamento":"2025-05-21","fonte_adicional":"Fonte 1"}
2025-05-21 15:15:21 - Executando INSERT
2025-05-21 15:16:15 - Dados recebidos: {"contrato_titulo":"Contrato teste de nova atualização","mes":"01/2027","empenho":"5000","tipo":"5","nota_empenho":"5000","valor_contrato":166255.38,"creditos_ativos":"500","fonte":"Fonte 1","SEI":"100006/001752/2023","nota_fiscal":"5000","envio_pagamento":"0000-00-00","vencimento_fatura":"2027-06-08","valor_liquidado":500,"valor_liquidado_ag":5000,"ordem_bancaria":"5000","data_atualizacao":null,"data_pagamento":"2025-05-21","fonte_adicional":"Fonte 1"}
2025-05-21 15:16:15 - Executando INSERT
2025-05-21 15:28:26 - Dados recebidos: {"contrato_titulo":"Contrato teste de nova atualização","mes":"05/2025","empenho":"2334","tipo":"100","nota_empenho":"te10","valor_contrato":1440880,"creditos_ativos":"10e","fonte":"Fonte 1","SEI":"101","nota_fiscal":"10e","envio_pagamento":"0000-00-00","vencimento_fatura":"2025-05-31","valor_liquidado":1061,"valor_liquidado_ag":1601,"ordem_bancaria":"160","data_atualizacao":"2025-05-19","data_pagamento":"2025-05-19","fonte_adicional":"Fonte 1"}
2025-05-21 15:28:26 - Executando INSERT
2025-05-21 15:29:09 - Dados recebidos: {"contrato_titulo":"Contrato teste de nova atualização","mes":"05/2025","empenho":"2334","tipo":"100","nota_empenho":"te10","valor_contrato":1440880,"creditos_ativos":"10e","fonte":null,"SEI":"101","nota_fiscal":"10e","envio_pagamento":"0000-00-00","vencimento_fatura":"2025-05-31","valor_liquidado":1061,"valor_liquidado_ag":1601,"ordem_bancaria":"160","data_atualizacao":"2025-05-19","data_pagamento":"2025-05-19","fonte_adicional":"Fonte 2"}
2025-05-21 15:29:09 - Executando INSERT
2025-05-21 15:29:26 - Dados recebidos: {"contrato_titulo":"Contrato teste de nova atualização","mes":"05/2025","empenho":"2334","tipo":"100","nota_empenho":"te10","valor_contrato":1440880,"creditos_ativos":"10e","fonte":null,"SEI":"101","nota_fiscal":"10e","envio_pagamento":"0000-00-00","vencimento_fatura":"2025-05-31","valor_liquidado":1061,"valor_liquidado_ag":1601,"ordem_bancaria":"160","data_atualizacao":"2025-05-19","data_pagamento":"2025-05-19","fonte_adicional":"Fonte 2"}
2025-05-21 15:29:26 - Executando INSERT
2025-05-21 15:30:10 - Dados recebidos: {"contrato_titulo":"Contrato teste de nova atualização","mes":"05/2025","empenho":"2334","tipo":"100","nota_empenho":"te10","valor_contrato":1440880,"creditos_ativos":"10e","fonte":"Fonte 1","SEI":"101","nota_fiscal":"10e","envio_pagamento":"0000-00-00","vencimento_fatura":"2025-05-31","valor_liquidado":1061,"valor_liquidado_ag":1601,"ordem_bancaria":"160","data_atualizacao":"2025-05-19","data_pagamento":"2025-05-19","fonte_adicional":"Fonte 1"}
2025-05-21 15:30:10 - Executando INSERT
2025-05-21 15:30:45 - Dados recebidos: {"contrato_titulo":"Contrato teste de nova atualização","mes":"05/2025","empenho":"2334","tipo":"100","nota_empenho":"te10","valor_contrato":1440880,"creditos_ativos":"10e","fonte":null,"SEI":"101","nota_fiscal":"10e","envio_pagamento":"0000-00-00","vencimento_fatura":"2025-05-31","valor_liquidado":1061,"valor_liquidado_ag":1601,"ordem_bancaria":"160","data_atualizacao":"2025-05-19","data_pagamento":"2025-05-19","fonte_adicional":"Fonte 2"}
2025-05-21 15:30:45 - Executando INSERT
2025-05-21 15:32:11 - Dados recebidos: {"contrato_titulo":"Contrato teste de nova atualização","mes":"02/2027","empenho":"2000","tipo":null,"nota_empenho":null,"valor_contrato":166255.38,"creditos_ativos":null,"fonte":"100","SEI":"100006/001752/2023","nota_fiscal":null,"envio_pagamento":null,"vencimento_fatura":"2027-06-08","valor_liquidado":0,"valor_liquidado_ag":0,"ordem_bancaria":null,"data_atualizacao":null,"data_pagamento":"2025-05-21"}
2025-05-21 15:32:11 - Executando INSERT
2025-05-21 15:32:28 - Dados recebidos: {"contrato_titulo":"Contrato teste de nova atualização","mes":"06/2025","empenho":"2000","tipo":null,"nota_empenho":null,"valor_contrato":166255.38,"creditos_ativos":null,"fonte":"100","SEI":"100006/001752/2023","nota_fiscal":null,"envio_pagamento":null,"vencimento_fatura":"2027-06-08","valor_liquidado":0,"valor_liquidado_ag":0,"ordem_bancaria":null,"data_atualizacao":null,"data_pagamento":"2025-05-21"}
2025-05-21 15:32:28 - Executando INSERT
2025-05-21 15:32:55 - Dados recebidos: {"contrato_titulo":"Contrato teste de nova atualização","mes":"06/2025","empenho":"2000","tipo":"3000","nota_empenho":"3000","valor_contrato":166255.38,"creditos_ativos":"3000","fonte":"100","SEI":"100006/001752/2023","nota_fiscal":"3000","envio_pagamento":"30000","vencimento_fatura":"2027-06-08","valor_liquidado":300000,"valor_liquidado_ag":0,"ordem_bancaria":null,"data_atualizacao":null,"data_pagamento":"2025-05-21","id":1747834349281}
2025-05-21 15:32:55 - Executando UPDATE para id: 1747834349281
2025-05-21 15:33:09 - Dados recebidos: {"contrato_titulo":"Contrato teste de nova atualização","mes":"07/2025","empenho":"2000","tipo":null,"nota_empenho":null,"valor_contrato":166255.38,"creditos_ativos":null,"fonte":"100","SEI":"100006/001752/2023","nota_fiscal":null,"envio_pagamento":null,"vencimento_fatura":"2027-06-08","valor_liquidado":0,"valor_liquidado_ag":0,"ordem_bancaria":null,"data_atualizacao":null,"data_pagamento":"2025-05-21"}
2025-05-21 15:33:09 - Executando INSERT
2025-05-21 15:33:22 - Dados recebidos: {"contrato_titulo":"Contrato teste de nova atualização","mes":"07/2025","empenho":"2000","tipo":"500000","nota_empenho":"50000","valor_contrato":166255.38,"creditos_ativos":null,"fonte":"100","SEI":"100006/001752/2023","nota_fiscal":null,"envio_pagamento":null,"vencimento_fatura":"2027-06-08","valor_liquidado":0,"valor_liquidado_ag":0,"ordem_bancaria":null,"data_atualizacao":null,"data_pagamento":"2025-05-21","id":1747834390353}
2025-05-21 15:33:22 - Executando UPDATE para id: 1747834390353
2025-05-21 15:33:56 - Dados recebidos: {"contrato_titulo":"Contrato teste de nova atualização","mes":"05/2025","empenho":"2334","tipo":"5000000000","nota_empenho":"50000000000","valor_contrato":1440880,"creditos_ativos":"10e50000000000","fonte":"Fonte 1","SEI":"500000000000","nota_fiscal":"5000000000000000000","envio_pagamento":"0000-00-00","vencimento_fatura":"2025-05-31","valor_liquidado":1061,"valor_liquidado_ag":1601,"ordem_bancaria":"160","data_atualizacao":"2025-05-19","data_pagamento":"2025-05-19","fonte_adicional":"Fonte 1"}
2025-05-21 15:33:56 - Executando INSERT
2025-05-21 15:34:47 - Dados recebidos: {"contrato_titulo":"Contrato teste de nova atualização","mes":"05/2025","empenho":"5","tipo":"5","nota_empenho":"5","valor_contrato":1440880,"creditos_ativos":"5","fonte":"5","SEI":"5","nota_fiscal":"5","envio_pagamento":"0000-00-00","vencimento_fatura":"2025-05-31","valor_liquidado":1062,"valor_liquidado_ag":16012,"ordem_bancaria":"1605","data_atualizacao":"2025-05-19","data_pagamento":"2025-05-19","id":120}
2025-05-21 15:34:47 - Executando UPDATE para id: 120
2025-05-21 15:35:45 - Dados recebidos: {"contrato_titulo":"Contrato teste de nova atualização","mes":"05/2025","empenho":"1","tipo":"1","nota_empenho":"1","valor_contrato":1440880,"creditos_ativos":"1","fonte":"1","SEI":"1","nota_fiscal":"1","envio_pagamento":"0000-00-00","vencimento_fatura":"2025-05-31","valor_liquidado":10611,"valor_liquidado_ag":16011,"ordem_bancaria":"1601","data_atualizacao":"2025-05-19","data_pagamento":"2025-05-19","id":126}
2025-05-21 15:35:45 - Executando UPDATE para id: 126
2025-05-21 15:36:55 - Dados recebidos: {"contrato_titulo":"Contrato teste de nova atualização","mes":"05/2025","empenho":"1","tipo":"100","nota_empenho":"te10","valor_contrato":1440880,"creditos_ativos":"10e","fonte":null,"SEI":"101","nota_fiscal":"10e","envio_pagamento":"0000-00-00","vencimento_fatura":"2025-05-31","valor_liquidado":1061,"valor_liquidado_ag":1601,"ordem_bancaria":"160","data_atualizacao":"2025-05-19","data_pagamento":"2025-05-19","id":122}
2025-05-21 15:36:55 - Executando UPDATE para id: 122
2025-05-21 15:43:34 - Dados recebidos: {"contrato_titulo":"Contrato teste de nova atualização","mes":"05/2025","empenho":"1","tipo":"1","nota_empenho":"1","valor_contrato":1440880,"creditos_ativos":"1","fonte":"Fonte 1","SEI":"1","nota_fiscal":"1","envio_pagamento":"0000-00-00","vencimento_fatura":"2025-05-31","valor_liquidado":10611,"valor_liquidado_ag":16011,"ordem_bancaria":"1601","data_atualizacao":"2025-05-19","data_pagamento":"2025-05-19","fonte_adicional":"Fonte 1"}
2025-05-21 15:43:34 - Executando INSERT
2025-05-21 15:44:17 - Dados recebidos: {"contrato_titulo":"Contrato teste de nova atualização","mes":"05/2025","empenho":"2","tipo":"2","nota_empenho":"1","valor_contrato":1440880,"creditos_ativos":"2","fonte":"2","SEI":"2","nota_fiscal":"2","envio_pagamento":"2","vencimento_fatura":"2025-02-02","valor_liquidado":2,"valor_liquidado_ag":2,"ordem_bancaria":"2","data_atualizacao":"2025-02-02","data_pagamento":"2025-02-02","id":127}
2025-05-21 15:44:17 - Executando UPDATE para id: 127
2025-05-21 15:46:25 - Dados recebidos: {"contrato_titulo":"Contrato teste de nova atualização","mes":"05/2025","empenho":"2334","tipo":"100","nota_empenho":"te10","valor_contrato":1440880,"creditos_ativos":"10e","fonte":"Fonte 1","SEI":"101","nota_fiscal":"10e","envio_pagamento":"0000-00-00","vencimento_fatura":"2025-05-31","valor_liquidado":1061,"valor_liquidado_ag":1601,"ordem_bancaria":"160","data_atualizacao":"2025-05-19","data_pagamento":"2025-05-19","fonte_adicional":"Fonte 1"}
2025-05-21 15:46:25 - Executando INSERT
2025-05-21 15:53:24 - Dados recebidos: {"contrato_titulo":"Contrato teste de nova atualização","mes":"05/2025","empenho":"3","tipo":"3","nota_empenho":"3","valor_contrato":1440880,"creditos_ativos":"3","fonte":"3","SEI":"101","nota_fiscal":"3","envio_pagamento":"3","vencimento_fatura":"2025-03-03","valor_liquidado":3,"valor_liquidado_ag":3,"ordem_bancaria":"3","data_atualizacao":"2025-03-19","data_pagamento":"0003-05-31","fonte_adicional":"Fonte 1"}
2025-05-21 15:53:24 - Executando INSERT
2025-05-21 15:53:49 - Dados recebidos: {"contrato_titulo":"Contrato teste de nova atualização","mes":"05/2025","empenho":"4","tipo":"4","nota_empenho":"4","valor_contrato":1440880,"creditos_ativos":"4","fonte":"4","SEI":"101","nota_fiscal":"4","envio_pagamento":"4","vencimento_fatura":"0004-03-04","valor_liquidado":4,"valor_liquidado_ag":44,"ordem_bancaria":"4","data_atualizacao":"0004-03-04","data_pagamento":"0004-05-04","fonte_adicional":"Fonte 1"}
2025-05-21 15:53:49 - Executando INSERT
2025-05-21 15:54:27 - Dados recebidos: {"contrato_titulo":"Contrato teste de nova atualização","mes":"05/2025","empenho":"3","tipo":"3","nota_empenho":"3","valor_contrato":1440880,"creditos_ativos":"3","fonte":"3","SEI":"3","nota_fiscal":"3","envio_pagamento":"3","vencimento_fatura":"2025-03-03","valor_liquidado":3,"valor_liquidado_ag":3,"ordem_bancaria":"3","data_atualizacao":"2025-03-03","data_pagamento":"2025-03-03","fonte_adicional":"Fonte 1"}
2025-05-21 15:54:27 - Executando INSERT
2025-05-21 15:54:59 - Dados recebidos: {"contrato_titulo":"Contrato teste de nova atualização","mes":"05/2025","empenho":"4","tipo":"4","nota_empenho":"4","valor_contrato":1440880,"creditos_ativos":"3","fonte":"4","SEI":"4","nota_fiscal":"4","envio_pagamento":"4","vencimento_fatura":"0004-03-04","valor_liquidado":4,"valor_liquidado_ag":4,"ordem_bancaria":"4","data_atualizacao":"2025-02-20","data_pagamento":"2025-02-20","fonte_adicional":"Fonte 1"}
2025-05-21 15:54:59 - Executando INSERT
2025-05-21 15:55:45 - Dados recebidos: {"contrato_titulo":"Contrato teste de nova atualização","mes":"05/2025","empenho":"5","tipo":"5","nota_empenho":"5","valor_contrato":1440880,"creditos_ativos":"5","fonte":"5","SEI":"5","nota_fiscal":"5","envio_pagamento":"5","vencimento_fatura":"0005-03-05","valor_liquidado":5,"valor_liquidado_ag":5,"ordem_bancaria":"5","data_atualizacao":"0005-03-05","data_pagamento":"0005-05-05","id":129}
2025-05-21 15:55:45 - Executando UPDATE para id: 129
2025-05-21 15:56:11 - Dados recebidos: {"contrato_titulo":"Contrato teste de nova atualização","mes":"05/2025","empenho":"5","tipo":"5","nota_empenho":"5","valor_contrato":1440880,"creditos_ativos":"5","fonte":"5","SEI":"5","nota_fiscal":"5","envio_pagamento":"5","vencimento_fatura":"0005-03-05","valor_liquidado":5,"valor_liquidado_ag":5,"ordem_bancaria":"5","data_atualizacao":"0005-03-05","data_pagamento":"0005-05-05","id":130}
2025-05-21 15:56:11 - Executando UPDATE para id: 130
2025-05-21 15:56:49 - Dados recebidos: {"contrato_titulo":"Contrato teste de nova atualização","mes":"05/2025","empenho":"6","tipo":"6","nota_empenho":"6","valor_contrato":1440880,"creditos_ativos":"6","fonte":"6","SEI":"6","nota_fiscal":"6","envio_pagamento":"6","vencimento_fatura":"0006-03-06","valor_liquidado":6,"valor_liquidado_ag":6,"ordem_bancaria":"6","data_atualizacao":"0006-02-06","data_pagamento":"0006-02-06","id":132}
2025-05-21 15:56:49 - Executando UPDATE para id: 132
2025-05-21 15:57:20 - Dados recebidos: {"contrato_titulo":"Contrato teste de nova atualização","mes":"08/2025","empenho":"7","tipo":"7","nota_empenho":"7","valor_contrato":166255.38,"creditos_ativos":"7","fonte":"7","SEI":"7","nota_fiscal":"7","envio_pagamento":"7","vencimento_fatura":"0007-06-07","valor_liquidado":7,"valor_liquidado_ag":7,"ordem_bancaria":"7","data_atualizacao":null,"data_pagamento":"0007-05-07"}
2025-05-21 15:57:20 - Executando INSERT
2025-05-21 16:09:26 - Dados recebidos: {"contrato_titulo":"Contrato teste de nova atualização","mes":"05/2025","empenho":"2334","tipo":"100","nota_empenho":"te10","valor_contrato":1440880,"creditos_ativos":"10e","fonte":"Fonte 1","SEI":"101","nota_fiscal":"10e","envio_pagamento":"0000-00-00","vencimento_fatura":"2025-05-31","valor_liquidado":1061,"valor_liquidado_ag":1601,"ordem_bancaria":"160","data_atualizacao":"2025-05-19","data_pagamento":"2025-05-19","fonte_adicional":"Fonte 1"}
2025-05-21 16:09:26 - Executando INSERT
2025-05-21 16:09:53 - Dados recebidos: {"contrato_titulo":"Contrato teste de nova atualização","mes":"05/2025","empenho":"8","tipo":"8","nota_empenho":"8","valor_contrato":1440880,"creditos_ativos":"8","fonte":"8","SEI":"8","nota_fiscal":"8","envio_pagamento":"8","vencimento_fatura":"0008-05-08","valor_liquidado":1061,"valor_liquidado_ag":88,"ordem_bancaria":"160","data_atualizacao":"0088-05-08","data_pagamento":"0008-05-08","fonte_adicional":"Fonte 1"}
2025-05-21 16:09:53 - Executando INSERT
2025-05-21 16:10:21 - Dados recebidos: {"contrato_titulo":"Contrato teste de nova atualização","mes":"08/2025","empenho":"5","tipo":"5","nota_empenho":"5","valor_contrato":166255.38,"creditos_ativos":"5","fonte":"5","SEI":"5","nota_fiscal":"5","envio_pagamento":"5","vencimento_fatura":"0005-06-05","valor_liquidado":5,"valor_liquidado_ag":5,"ordem_bancaria":"5","data_atualizacao":null,"data_pagamento":"2025-05-05"}
2025-05-21 16:10:21 - Executando INSERT
2025-05-21 16:10:52 - Dados recebidos: {"contrato_titulo":"Contrato teste de nova atualização","mes":"01/2026","empenho":"2000","tipo":"2","nota_empenho":"2","valor_contrato":166255.38,"creditos_ativos":"2","fonte":"2","SEI":"2","nota_fiscal":"2","envio_pagamento":"2","vencimento_fatura":"2027-02-02","valor_liquidado":2,"valor_liquidado_ag":2,"ordem_bancaria":"2","data_atualizacao":null,"data_pagamento":"2025-02-02"}
2025-05-21 16:10:53 - Executando INSERT
2025-05-21 16:11:19 - Dados recebidos: {"contrato_titulo":"Contrato teste de nova atualização","mes":"02/2026","empenho":"2","tipo":"2","nota_empenho":"2","valor_contrato":166255.38,"creditos_ativos":"22","fonte":"2","SEI":"2","nota_fiscal":"2","envio_pagamento":"2","vencimento_fatura":"2027-02-02","valor_liquidado":2,"valor_liquidado_ag":2,"ordem_bancaria":"2","data_atualizacao":null,"data_pagamento":"2025-02-02"}
2025-05-21 16:11:19 - Executando INSERT
2025-05-21 16:11:57 - Dados recebidos: {"contrato_titulo":"Contrato teste de nova atualização","mes":"03/2026","empenho":"500","tipo":"500","nota_empenho":"500","valor_contrato":166255.38,"creditos_ativos":"500","fonte":"500","SEI":"100006/001752/2023","nota_fiscal":"500","envio_pagamento":"500","vencimento_fatura":"2027-06-08","valor_liquidado":500,"valor_liquidado_ag":500,"ordem_bancaria":"500","data_atualizacao":null,"data_pagamento":"2025-05-21"}
2025-05-21 16:11:57 - Executando INSERT
2025-05-21 16:12:16 - Dados recebidos: {"contrato_titulo":"Contrato teste de nova atualização","mes":"03/2026","empenho":"500","tipo":"500","nota_empenho":"4","valor_contrato":166255.38,"creditos_ativos":"4","fonte":"4","SEI":"4","nota_fiscal":"4","envio_pagamento":"4","vencimento_fatura":"0004-06-04","valor_liquidado":4,"valor_liquidado_ag":44,"ordem_bancaria":"4","data_atualizacao":null,"data_pagamento":"0004-05-04","id":1747836718993}
2025-05-21 16:12:16 - Executando UPDATE para id: 1747836718993
2025-05-21 16:12:22 - Dados recebidos: {"contrato_titulo":"Contrato teste de nova atualização","mes":"03/2026","empenho":"500","tipo":"500","nota_empenho":"4","valor_contrato":166255.38,"creditos_ativos":"4","fonte":"Fonte 1","SEI":"4","nota_fiscal":"4","envio_pagamento":"4","vencimento_fatura":"0004-06-04","valor_liquidado":4,"valor_liquidado_ag":44,"ordem_bancaria":"4","data_atualizacao":null,"data_pagamento":"0004-05-04","fonte_adicional":"Fonte 1"}
2025-05-21 16:12:22 - Executando INSERT
2025-05-21 16:12:38 - Dados recebidos: {"contrato_titulo":"Contrato teste de nova atualização","mes":"03/2026","empenho":"500","tipo":"500","nota_empenho":"4","valor_contrato":166255.38,"creditos_ativos":"4","fonte":"Fonte 1","SEI":"4","nota_fiscal":"4","envio_pagamento":"4","vencimento_fatura":"0004-06-04","valor_liquidado":4,"valor_liquidado_ag":44,"ordem_bancaria":"4","data_atualizacao":null,"data_pagamento":"0004-05-04","fonte_adicional":"Fonte 1"}
2025-05-21 16:12:38 - Executando INSERT
2025-05-21 16:12:52 - Dados recebidos: {"contrato_titulo":"Contrato teste de nova atualização","mes":"03/2026","empenho":"7","tipo":"7","nota_empenho":"7","valor_contrato":166255.38,"creditos_ativos":"7","fonte":"7","SEI":"7","nota_fiscal":"7","envio_pagamento":"7","vencimento_fatura":"0007-06-07","valor_liquidado":7,"valor_liquidado_ag":7,"ordem_bancaria":"7","data_atualizacao":null,"data_pagamento":"0007-05-07","fonte_adicional":"Fonte 1"}
2025-05-21 16:12:52 - Executando INSERT
2025-05-21 16:13:47 - Dados recebidos: {"contrato_titulo":"Contrato teste de nova atualização","mes":"04/2026","empenho":"10","tipo":"10","nota_empenho":"10","valor_contrato":166255.38,"creditos_ativos":"10","fonte":"10","SEI":"10","nota_fiscal":"10","envio_pagamento":"10","vencimento_fatura":"0010-06-10","valor_liquidado":10,"valor_liquidado_ag":10,"ordem_bancaria":"10","data_atualizacao":null,"data_pagamento":"0010-05-10"}
2025-05-21 16:13:47 - Executando INSERT
2025-05-21 16:13:54 - Dados recebidos: {"contrato_titulo":"Contrato teste de nova atualização","mes":"04/2026","empenho":"10","tipo":"10","nota_empenho":"10","valor_contrato":166255.38,"creditos_ativos":"10","fonte":"Fonte 1","SEI":"10","nota_fiscal":"10","envio_pagamento":"10","vencimento_fatura":"0010-06-10","valor_liquidado":10,"valor_liquidado_ag":10,"ordem_bancaria":"10","data_atualizacao":null,"data_pagamento":"0010-05-10","fonte_adicional":"Fonte 1"}
2025-05-21 16:13:54 - Executando INSERT
2025-05-21 16:16:32 - Dados recebidos: {"contrato_titulo":"Contrato teste de nova atualização","mes":"01/2027","empenho":"7","tipo":"7","nota_empenho":"7","valor_contrato":166255.38,"creditos_ativos":"7","fonte":"7","SEI":"7","nota_fiscal":"7","envio_pagamento":"0000-00-00","vencimento_fatura":"0007-06-07","valor_liquidado":7,"valor_liquidado_ag":7,"ordem_bancaria":"7","data_atualizacao":null,"data_pagamento":"0007-05-07","id":117}
2025-05-21 16:16:32 - Executando UPDATE para id: 117
2025-05-21 16:17:12 - Dados recebidos: {"contrato_titulo":"Contrato teste de nova atualização","mes":"01/2027","empenho":"7","tipo":"7","nota_empenho":"7","valor_contrato":166255.38,"creditos_ativos":"7","fonte":"Fonte 1","SEI":"7","nota_fiscal":"7","envio_pagamento":"0000-00-00","vencimento_fatura":"0007-06-07","valor_liquidado":7,"valor_liquidado_ag":7,"ordem_bancaria":"7","data_atualizacao":null,"data_pagamento":"0007-05-07","fonte_adicional":"Fonte 1"}
2025-05-21 16:17:12 - Executando INSERT
2025-05-21 16:17:51 - Dados recebidos: {"contrato_titulo":"Contrato teste de nova atualização","mes":"02/2027","empenho":"500","tipo":"50","nota_empenho":"0","valor_contrato":166255.38,"creditos_ativos":null,"fonte":null,"SEI":"100006/001752/2023","nota_fiscal":null,"envio_pagamento":null,"vencimento_fatura":"2027-06-08","valor_liquidado":500,"valor_liquidado_ag":0,"ordem_bancaria":null,"data_atualizacao":null,"data_pagamento":"2025-05-21","id":123}
2025-05-21 16:17:51 - Executando UPDATE para id: 123
2025-05-21 16:18:27 - Dados recebidos: {"contrato_titulo":"Contrato teste de nova atualização","mes":"01/2027","empenho":"7","tipo":"7","nota_empenho":"7","valor_contrato":166255.38,"creditos_ativos":"7","fonte":"Fonte 1","SEI":"7","nota_fiscal":"7","envio_pagamento":"0000-00-00","vencimento_fatura":"0007-06-07","valor_liquidado":50,"valor_liquidado_ag":50,"ordem_bancaria":"7","data_atualizacao":null,"data_pagamento":"0007-05-07","fonte_adicional":"Fonte 1"}
2025-05-21 16:18:27 - Executando INSERT
2025-05-21 16:19:08 - Dados recebidos: {"contrato_titulo":"Contrato teste de nova atualização","mes":"01/2027","empenho":"7","tipo":"7","nota_empenho":"7","valor_contrato":166255.38,"creditos_ativos":"7","fonte":null,"SEI":"7","nota_fiscal":"7","envio_pagamento":"0000-00-00","vencimento_fatura":"0007-06-07","valor_liquidado":100,"valor_liquidado_ag":50,"ordem_bancaria":"7","data_atualizacao":null,"data_pagamento":"0007-05-07","id":146}
2025-05-21 16:19:08 - Executando UPDATE para id: 146
2025-05-21 16:19:30 - Dados recebidos: {"contrato_titulo":"Contrato teste de nova atualização","mes":"03/2027","empenho":"20","tipo":null,"nota_empenho":null,"valor_contrato":166255.38,"creditos_ativos":null,"fonte":"100","SEI":"100006/001752/2023","nota_fiscal":null,"envio_pagamento":null,"vencimento_fatura":"2027-06-08","valor_liquidado":50,"valor_liquidado_ag":0,"ordem_bancaria":null,"data_atualizacao":null,"data_pagamento":"2025-05-21"}
2025-05-21 16:19:30 - Executando INSERT
2025-05-21 16:19:37 - Dados recebidos: {"contrato_titulo":"Contrato teste de nova atualização","mes":"03/2027","empenho":"20","tipo":null,"nota_empenho":null,"valor_contrato":166255.38,"creditos_ativos":null,"fonte":"Fonte 1","SEI":"100006/001752/2023","nota_fiscal":null,"envio_pagamento":null,"vencimento_fatura":"2027-06-08","valor_liquidado":50,"valor_liquidado_ag":0,"ordem_bancaria":null,"data_atualizacao":null,"data_pagamento":"2025-05-21","fonte_adicional":"Fonte 1"}
2025-05-21 16:19:37 - Executando INSERT
2025-05-21 16:19:54 - Dados recebidos: {"contrato_titulo":"Contrato teste de nova atualização","mes":"03/2027","empenho":"20","tipo":null,"nota_empenho":null,"valor_contrato":166255.38,"creditos_ativos":null,"fonte":"Fonte 1","SEI":"100006/001752/2023","nota_fiscal":null,"envio_pagamento":null,"vencimento_fatura":"2027-06-08","valor_liquidado":100,"valor_liquidado_ag":0,"ordem_bancaria":null,"data_atualizacao":null,"data_pagamento":"2025-05-21","fonte_adicional":"Fonte 1"}
2025-05-21 16:19:54 - Executando INSERT
2025-05-21 16:20:30 - Dados recebidos: {"contrato_titulo":"Contrato teste de nova atualização","mes":"01/2027","empenho":"7","tipo":"7","nota_empenho":"7","valor_contrato":166255.38,"creditos_ativos":"7","fonte":"Fonte 1","SEI":"7","nota_fiscal":"7","envio_pagamento":"0000-00-00","vencimento_fatura":"0007-06-07","valor_liquidado":50.01,"valor_liquidado_ag":50,"ordem_bancaria":"7","data_atualizacao":null,"data_pagamento":"0007-05-07","fonte_adicional":"Fonte 1"}
2025-05-21 16:20:30 - Executando INSERT
2025-05-21 16:20:43 - Dados recebidos: {"contrato_titulo":"Contrato teste de nova atualização","mes":"01/2027","empenho":"7","tipo":"7","nota_empenho":"7","valor_contrato":166255.38,"creditos_ativos":"7","fonte":"Fonte 1","SEI":"7","nota_fiscal":"7","envio_pagamento":"0000-00-00","vencimento_fatura":"0007-06-07","valor_liquidado":100,"valor_liquidado_ag":50,"ordem_bancaria":"7","data_atualizacao":null,"data_pagamento":"0007-05-07","fonte_adicional":"Fonte 1"}
2025-05-21 16:20:43 - Executando INSERT
2025-05-21 16:21:21 - Dados recebidos: {"contrato_titulo":"Contrato teste de nova atualização","mes":"01/2027","empenho":"7","tipo":"7","nota_empenho":"7","valor_contrato":166255.38,"creditos_ativos":"7","fonte":null,"SEI":"7","nota_fiscal":"7","envio_pagamento":"0000-00-00","vencimento_fatura":"0007-06-07","valor_liquidado":100,"valor_liquidado_ag":50,"ordem_bancaria":"7","data_atualizacao":null,"data_pagamento":"0007-05-07","id":150}
2025-05-21 16:21:21 - Executando UPDATE para id: 150
2025-05-21 16:21:44 - Dados recebidos: {"contrato_titulo":"Contrato teste de nova atualização","mes":"01/2027","empenho":"7","tipo":"7","nota_empenho":"7","valor_contrato":166255.38,"creditos_ativos":"7","fonte":null,"SEI":"7","nota_fiscal":"7","envio_pagamento":"0000-00-00","vencimento_fatura":"0007-06-07","valor_liquidado":50,"valor_liquidado_ag":50,"ordem_bancaria":"7","data_atualizacao":null,"data_pagamento":"0007-05-07","id":150}
2025-05-21 16:21:44 - Executando UPDATE para id: 150
2025-05-21 16:21:59 - Dados recebidos: {"contrato_titulo":"Contrato teste de nova atualização","mes":"01/2027","empenho":"7","tipo":"7","nota_empenho":"7","valor_contrato":166255.38,"creditos_ativos":"7","fonte":"Fonte 1","SEI":"7","nota_fiscal":"7","envio_pagamento":"0000-00-00","vencimento_fatura":"0007-06-07","valor_liquidado":50,"valor_liquidado_ag":50,"ordem_bancaria":"7","data_atualizacao":null,"data_pagamento":"0007-05-07","fonte_adicional":"Fonte 1"}
2025-05-21 16:21:59 - Executando INSERT
2025-05-21 16:22:15 - Dados recebidos: {"contrato_titulo":"Contrato teste de nova atualização","mes":"01/2027","empenho":"7","tipo":"7","nota_empenho":"7","valor_contrato":166255.38,"creditos_ativos":"7","fonte":"Fonte 1","SEI":"7","nota_fiscal":"7","envio_pagamento":"0000-00-00","vencimento_fatura":"0007-06-07","valor_liquidado":100,"valor_liquidado_ag":50,"ordem_bancaria":"7","data_atualizacao":null,"data_pagamento":"0007-05-07","fonte_adicional":"Fonte 1"}
2025-05-21 16:22:15 - Executando INSERT
2025-05-21 16:23:22 - Dados recebidos: {"contrato_titulo":"Contrato teste de nova atualização","mes":"01/2027","empenho":"7","tipo":"7","nota_empenho":"7","valor_contrato":166255.38,"creditos_ativos":"7","fonte":"Fonte 1","SEI":"7","nota_fiscal":"7","envio_pagamento":"0000-00-00","vencimento_fatura":"0007-06-07","valor_liquidado":100,"valor_liquidado_ag":50,"ordem_bancaria":"7","data_atualizacao":null,"data_pagamento":"0007-05-07","fonte_adicional":"Fonte 1"}
2025-05-21 16:23:22 - Executando INSERT
2025-05-21 16:23:41 - Dados recebidos: {"contrato_titulo":"Contrato teste de nova atualização","mes":"01/2027","empenho":"7","tipo":"7","nota_empenho":"7","valor_contrato":166255.38,"creditos_ativos":"7","fonte":null,"SEI":"7","nota_fiscal":"7","envio_pagamento":"0000-00-00","vencimento_fatura":"0007-06-07","valor_liquidado":50,"valor_liquidado_ag":50,"ordem_bancaria":"7","data_atualizacao":null,"data_pagamento":"0007-05-07","id":154}
2025-05-21 16:23:41 - Executando UPDATE para id: 154
2025-05-21 16:24:34 - Dados recebidos: {"contrato_titulo":"Contrato teste de nova atualização","mes":"01/2027","empenho":"7","tipo":"7","nota_empenho":"7","valor_contrato":166255.38,"creditos_ativos":"7","fonte":null,"SEI":"7","nota_fiscal":"7","envio_pagamento":"0000-00-00","vencimento_fatura":"0007-06-07","valor_liquidado":500,"valor_liquidado_ag":50,"ordem_bancaria":"7","data_atualizacao":null,"data_pagamento":"0007-05-07","id":154}
2025-05-21 16:24:34 - Executando UPDATE para id: 154
2025-05-21 16:24:41 - Dados recebidos: {"contrato_titulo":"Contrato teste de nova atualização","mes":"01/2027","empenho":"7","tipo":"7","nota_empenho":"7","valor_contrato":166255.38,"creditos_ativos":"7","fonte":null,"SEI":"7","nota_fiscal":"7","envio_pagamento":"0000-00-00","vencimento_fatura":"0007-06-07","valor_liquidado":50,"valor_liquidado_ag":50,"ordem_bancaria":"7","data_atualizacao":null,"data_pagamento":"0007-05-07","id":154}
2025-05-21 16:24:41 - Executando UPDATE para id: 154
2025-05-21 16:24:58 - Dados recebidos: {"contrato_titulo":"Contrato teste de nova atualização","mes":"01/2027","empenho":"7","tipo":"7","nota_empenho":"7","valor_contrato":166255.38,"creditos_ativos":"7","fonte":"Fonte 1","SEI":"7","nota_fiscal":"7","envio_pagamento":"0000-00-00","vencimento_fatura":"0007-06-07","valor_liquidado":500,"valor_liquidado_ag":50,"ordem_bancaria":"7","data_atualizacao":null,"data_pagamento":"0007-05-07","fonte_adicional":"Fonte 1"}
2025-05-21 16:24:58 - Executando INSERT
2025-05-21 16:25:07 - Dados recebidos: {"contrato_titulo":"Contrato teste de nova atualização","mes":"01/2027","empenho":"7","tipo":"7","nota_empenho":"7","valor_contrato":166255.38,"creditos_ativos":"7","fonte":"Fonte 1","SEI":"7","nota_fiscal":"7","envio_pagamento":"0000-00-00","vencimento_fatura":"0007-06-07","valor_liquidado":50.01,"valor_liquidado_ag":50,"ordem_bancaria":"7","data_atualizacao":null,"data_pagamento":"0007-05-07","fonte_adicional":"Fonte 1"}
2025-05-21 16:25:07 - Executando INSERT
2025-05-21 16:26:03 - Dados recebidos: {"contrato_titulo":"Contrato teste de nova atualização","mes":"01/2027","empenho":"7","tipo":"7","nota_empenho":"7","valor_contrato":166255.38,"creditos_ativos":"7","fonte":"Fonte 1","SEI":"7","nota_fiscal":"7","envio_pagamento":"0000-00-00","vencimento_fatura":"0007-06-07","valor_liquidado":50.01,"valor_liquidado_ag":50,"ordem_bancaria":"7","data_atualizacao":null,"data_pagamento":"0007-05-07","fonte_adicional":"Fonte 1"}
2025-05-21 16:26:03 - Executando INSERT
2025-05-21 16:36:30 - Dados recebidos: {"contrato_titulo":"Contrato teste de nova atualização","mes":"05/2025","empenho":"2334","tipo":"100","nota_empenho":"te10","valor_contrato":1440880,"creditos_ativos":"10e","fonte":null,"SEI":"101","nota_fiscal":"10e","envio_pagamento":"0000-00-00","vencimento_fatura":"2025-05-31","valor_liquidado":50,"valor_liquidado_ag":1601,"ordem_bancaria":"160","data_atualizacao":"2025-05-19","data_pagamento":"2025-05-19","id":108}
2025-05-21 16:36:30 - Executando UPDATE para id: 108
2025-05-21 16:39:35 - Dados recebidos: {"contrato_titulo":"Contrato teste de nova atualização","mes":"05/2025","empenho":"2334","tipo":"100","nota_empenho":"te10","valor_contrato":1440880,"creditos_ativos":"10e","fonte":"Fonte 1","SEI":"101","nota_fiscal":"10e","envio_pagamento":"0000-00-00","vencimento_fatura":"2025-05-31","valor_liquidado":50,"valor_liquidado_ag":1601,"ordem_bancaria":"160","data_atualizacao":"2025-05-19","data_pagamento":"2025-05-19","fonte_adicional":"Fonte 1"}
2025-05-21 16:39:35 - Executando INSERT
2025-05-21 16:39:46 - Dados recebidos: {"contrato_titulo":"Contrato teste de nova atualização","mes":"05/2025","empenho":"2334","tipo":"100","nota_empenho":"te10","valor_contrato":1440880,"creditos_ativos":"10e","fonte":"Fonte 2","SEI":"101","nota_fiscal":"10e","envio_pagamento":"0000-00-00","vencimento_fatura":"2025-05-31","valor_liquidado":50,"valor_liquidado_ag":1601,"ordem_bancaria":"160","data_atualizacao":"2025-05-19","data_pagamento":"2025-05-19","fonte_adicional":"Fonte 2"}
2025-05-21 16:39:46 - Executando INSERT
2025-05-21 16:40:36 - Dados recebidos: {"contrato_titulo":"Contrato teste de nova atualização","mes":"01/2027","empenho":"7","tipo":"7","nota_empenho":"7","valor_contrato":166255.38,"creditos_ativos":"7","fonte":"Fonte 1","SEI":"7","nota_fiscal":"7","envio_pagamento":"0000-00-00","vencimento_fatura":"0007-06-07","valor_liquidado":50,"valor_liquidado_ag":50,"ordem_bancaria":"7","data_atualizacao":null,"data_pagamento":"0007-05-07","fonte_adicional":"Fonte 1"}
2025-05-21 16:40:36 - Executando INSERT
2025-05-21 16:41:04 - Dados recebidos: {"contrato_titulo":"Contrato teste de nova atualização","mes":"01/2027","empenho":"7","tipo":"7","nota_empenho":"7","valor_contrato":166255.38,"creditos_ativos":"7","fonte":"Fonte 1","SEI":"7","nota_fiscal":"7","envio_pagamento":"0000-00-00","vencimento_fatura":"0007-06-07","valor_liquidado":50,"valor_liquidado_ag":50,"ordem_bancaria":"7","data_atualizacao":null,"data_pagamento":"0007-05-07","fonte_adicional":"Fonte 1"}
2025-05-21 16:41:04 - Executando INSERT
2025-05-21 16:41:15 - Dados recebidos: {"contrato_titulo":"Contrato teste de nova atualização","mes":"01/2027","empenho":"7","tipo":"7","nota_empenho":"7","valor_contrato":166255.38,"creditos_ativos":"7","fonte":"Fonte 2","SEI":"7","nota_fiscal":"7","envio_pagamento":"0000-00-00","vencimento_fatura":"0007-06-07","valor_liquidado":30,"valor_liquidado_ag":50,"ordem_bancaria":"7","data_atualizacao":null,"data_pagamento":"0007-05-07","fonte_adicional":"Fonte 2"}
2025-05-21 16:41:15 - Executando INSERT
2025-05-21 16:42:18 - Dados recebidos: {"contrato_titulo":"Contrato teste de nova atualização","mes":"02/2027","empenho":"500","tipo":"50","nota_empenho":"0","valor_contrato":166255.38,"creditos_ativos":null,"fonte":"Fonte 1","SEI":"100006/001752/2023","nota_fiscal":null,"envio_pagamento":null,"vencimento_fatura":"2027-06-08","valor_liquidado":400,"valor_liquidado_ag":0,"ordem_bancaria":null,"data_atualizacao":null,"data_pagamento":"2025-05-21","fonte_adicional":"Fonte 1"}
2025-05-21 16:42:18 - Executando INSERT
2025-05-21 16:42:55 - Dados recebidos: {"contrato_titulo":"Contrato teste de nova atualização","mes":"02/2027","empenho":"500","tipo":"50","nota_empenho":"0","valor_contrato":166255.38,"creditos_ativos":null,"fonte":"Fonte 1","SEI":"100006/001752/2023","nota_fiscal":null,"envio_pagamento":null,"vencimento_fatura":"2027-06-08","valor_liquidado":500,"valor_liquidado_ag":0,"ordem_bancaria":null,"data_atualizacao":null,"data_pagamento":"2025-05-21","fonte_adicional":"Fonte 1"}
2025-05-21 16:42:55 - Executando INSERT
2025-05-21 16:59:01 - Dados recebidos: {"contrato_titulo":"Contrato teste de nova atualização","mes":"05/2025","empenho":"2334","tipo":"100","nota_empenho":"te10","valor_contrato":1440880,"creditos_ativos":"10e","fonte":"Fonte 1","SEI":"101","nota_fiscal":"10e","envio_pagamento":"0000-00-00","vencimento_fatura":"2025-05-31","valor_liquidado":50,"valor_liquidado_ag":1601,"ordem_bancaria":"160","data_atualizacao":"2025-05-19","data_pagamento":"2025-05-19","fonte_adicional":"Fonte 1"}
2025-05-21 16:59:01 - Executando INSERT
2025-05-21 16:59:16 - Dados recebidos: {"contrato_titulo":"Contrato teste de nova atualização","mes":"05/2025","empenho":"2334","tipo":"100","nota_empenho":"te10","valor_contrato":1440880,"creditos_ativos":"10e","fonte":"Fonte 1","SEI":"101","nota_fiscal":"10e","envio_pagamento":"0000-00-00","vencimento_fatura":"2025-05-31","valor_liquidado":100,"valor_liquidado_ag":1601,"ordem_bancaria":"160","data_atualizacao":"2025-05-19","data_pagamento":"2025-05-19","fonte_adicional":"Fonte 1"}
2025-05-21 16:59:16 - Executando INSERT
2025-05-21 16:59:41 - Dados recebidos: {"contrato_titulo":"Contrato teste de nova atualização","mes":"07/2025","empenho":"2000","tipo":null,"nota_empenho":null,"valor_contrato":166255.38,"creditos_ativos":null,"fonte":null,"SEI":"100006/001752/2023","nota_fiscal":null,"envio_pagamento":null,"vencimento_fatura":"2027-06-08","valor_liquidado":500,"valor_liquidado_ag":0,"ordem_bancaria":null,"data_atualizacao":null,"data_pagamento":"2025-05-21","id":125}
2025-05-21 16:59:41 - Executando UPDATE para id: 125
2025-05-21 16:59:51 - Dados recebidos: {"contrato_titulo":"Contrato teste de nova atualização","mes":"07/2025","empenho":"2000","tipo":null,"nota_empenho":null,"valor_contrato":166255.38,"creditos_ativos":null,"fonte":null,"SEI":"100006/001752/2023","nota_fiscal":null,"envio_pagamento":null,"vencimento_fatura":"2027-06-08","valor_liquidado":750,"valor_liquidado_ag":0,"ordem_bancaria":null,"data_atualizacao":null,"data_pagamento":"2025-05-21","id":125}
2025-05-21 16:59:51 - Executando UPDATE para id: 125
2025-05-21 16:59:55 - Dados recebidos: {"contrato_titulo":"Contrato teste de nova atualização","mes":"07/2025","empenho":"2000","tipo":null,"nota_empenho":null,"valor_contrato":166255.38,"creditos_ativos":null,"fonte":"Fonte 1","SEI":"100006/001752/2023","nota_fiscal":null,"envio_pagamento":null,"vencimento_fatura":"2027-06-08","valor_liquidado":750,"valor_liquidado_ag":0,"ordem_bancaria":null,"data_atualizacao":null,"data_pagamento":"2025-05-21","fonte_adicional":"Fonte 1"}
2025-05-21 16:59:55 - Executando INSERT
2025-05-21 17:00:03 - Dados recebidos: {"contrato_titulo":"Contrato teste de nova atualização","mes":"07/2025","empenho":"2000","tipo":null,"nota_empenho":null,"valor_contrato":166255.38,"creditos_ativos":null,"fonte":"Fonte 1","SEI":"100006/001752/2023","nota_fiscal":null,"envio_pagamento":null,"vencimento_fatura":"2027-06-08","valor_liquidado":500,"valor_liquidado_ag":0,"ordem_bancaria":null,"data_atualizacao":null,"data_pagamento":"2025-05-21","fonte_adicional":"Fonte 1"}
2025-05-21 17:00:03 - Executando INSERT
